<?xml version="1.0" encoding="utf-8"?>
<TestRun id="c28bc405-a25e-460b-b78a-edec230915c2" name="@konstantins-macbook-pro 2025-08-05 09:59:07" xmlns="http://microsoft.com/schemas/VisualStudio/TeamTest/2010">
  <Times creation="2025-08-05T09:59:07.6706040+02:00" queuing="2025-08-05T09:59:07.6706040+02:00" start="2025-08-05T09:59:07.2624650+02:00" finish="2025-08-05T09:59:08.6089340+02:00" />
  <TestSettings name="default" id="6e1b5708-b038-46d9-ba66-0ef1287b5a21">
    <Deployment runDeploymentRoot="_konstantins-macbook-pro_2025-08-05_09_59_07" />
  </TestSettings>
  <Results>
    <UnitTestResult executionId="c06d46bb-cfcf-4593-8cbf-c36bc9c811e0" testId="3f8cf111-d901-cf6d-6700-aa95356160f6" testName="ManagedCode.Communication.Tests.Results.ProblemTests.HasErrorCode_WithMatchingEnum_ShouldReturnTrue" computerName="konstantins-macbook-pro" duration="00:00:00.0001035" startTime="2025-08-05T09:59:07.6572960+02:00" endTime="2025-08-05T09:59:07.6573240+02:00" testType="13cdc9d9-ddb5-4fa4-a97d-d965ccfc6d4b" outcome="Passed" testListId="8c84fa94-04c1-424b-9868-57a2d4851a1d" relativeResultsDirectory="c06d46bb-cfcf-4593-8cbf-c36bc9c811e0" />
    <UnitTestResult executionId="d151c265-6e54-4272-9d49-a56b8ad1ae33" testId="c2bf73e0-2b43-e613-8fe5-319705841f57" testName="ManagedCode.Communication.Tests.Results.ResultTests.FailValidation_ShouldCreateValidationResult" computerName="konstantins-macbook-pro" duration="00:00:00.0002130" startTime="2025-08-05T09:59:07.6600630+02:00" endTime="2025-08-05T09:59:07.6600880+02:00" testType="13cdc9d9-ddb5-4fa4-a97d-d965ccfc6d4b" outcome="Passed" testListId="8c84fa94-04c1-424b-9868-57a2d4851a1d" relativeResultsDirectory="d151c265-6e54-4272-9d49-a56b8ad1ae33" />
    <UnitTestResult executionId="902aabda-c6ad-4eb2-8cce-addf344361ca" testId="74d935d3-9bac-ca17-d821-b5657be316bf" testName="ManagedCode.Communication.Tests.Results.ResultTTests.Fail_WithMessage_ShouldCreateFailedResult" computerName="konstantins-macbook-pro" duration="00:00:00.0002289" startTime="2025-08-05T09:59:07.6562590+02:00" endTime="2025-08-05T09:59:07.6563620+02:00" testType="13cdc9d9-ddb5-4fa4-a97d-d965ccfc6d4b" outcome="Passed" testListId="8c84fa94-04c1-424b-9868-57a2d4851a1d" relativeResultsDirectory="902aabda-c6ad-4eb2-8cce-addf344361ca" />
    <UnitTestResult executionId="518ea4b4-0a82-492f-8bef-50de0ba2d7d8" testId="7e7ded53-cbb8-545f-cbd5-7575b7f60d80" testName="ManagedCode.Communication.Tests.Results.ResultTTests.Match_ShouldExecuteCorrectFunction" computerName="konstantins-macbook-pro" duration="00:00:00.0076516" startTime="2025-08-05T09:59:07.6177530+02:00" endTime="2025-08-05T09:59:07.6312940+02:00" testType="13cdc9d9-ddb5-4fa4-a97d-d965ccfc6d4b" outcome="Passed" testListId="8c84fa94-04c1-424b-9868-57a2d4851a1d" relativeResultsDirectory="518ea4b4-0a82-492f-8bef-50de0ba2d7d8" />
    <UnitTestResult executionId="6f14c5db-1446-48d8-b210-0e2a21c615a5" testId="1a7b4271-e223-c8c6-e4e2-6edd35950571" testName="ManagedCode.Communication.Tests.Results.ResultTTests.Map_WithSuccessfulResult_ShouldTransformValue" computerName="konstantins-macbook-pro" duration="00:00:00.0003355" startTime="2025-08-05T09:59:07.6558130+02:00" endTime="2025-08-05T09:59:07.6558370+02:00" testType="13cdc9d9-ddb5-4fa4-a97d-d965ccfc6d4b" outcome="Passed" testListId="8c84fa94-04c1-424b-9868-57a2d4851a1d" relativeResultsDirectory="6f14c5db-1446-48d8-b210-0e2a21c615a5" />
    <UnitTestResult executionId="c7efb948-aa1d-4afc-b785-e473d15bfd24" testId="a9d86561-53c8-590d-391e-2656f1b5903c" testName="ManagedCode.Communication.Tests.ResultExtensionsTests.Bind_WithSuccessResult_ShouldExecuteNext" computerName="konstantins-macbook-pro" duration="00:00:00.0001713" startTime="2025-08-05T09:59:07.6615730+02:00" endTime="2025-08-05T09:59:07.6620090+02:00" testType="13cdc9d9-ddb5-4fa4-a97d-d965ccfc6d4b" outcome="Passed" testListId="8c84fa94-04c1-424b-9868-57a2d4851a1d" relativeResultsDirectory="c7efb948-aa1d-4afc-b785-e473d15bfd24" />
    <UnitTestResult executionId="fd9a6794-8ddc-459f-8e62-e211cfb528c2" testId="5ef343f7-cc0d-47aa-b43e-c9be70797afb" testName="ManagedCode.Communication.Tests.OrleansTests.GrainClientTests.ValueTaskResultComplexObject" computerName="konstantins-macbook-pro" duration="00:00:00.0080389" startTime="2025-08-05T09:59:08.5439840+02:00" endTime="2025-08-05T09:59:08.5520670+02:00" testType="13cdc9d9-ddb5-4fa4-a97d-d965ccfc6d4b" outcome="Passed" testListId="8c84fa94-04c1-424b-9868-57a2d4851a1d" relativeResultsDirectory="fd9a6794-8ddc-459f-8e62-e211cfb528c2" />
    <UnitTestResult executionId="e4832b6b-6161-4882-825f-070e2d0f7c18" testId="5d1cd7f9-34f0-feb0-45b5-6480e604717e" testName="ManagedCode.Communication.Tests.ResultExtensionsTests.BindToGeneric_WithSuccessResult_ShouldTransformToResultT" computerName="konstantins-macbook-pro" duration="00:00:00.0001765" startTime="2025-08-05T09:59:07.6625390+02:00" endTime="2025-08-05T09:59:07.6625620+02:00" testType="13cdc9d9-ddb5-4fa4-a97d-d965ccfc6d4b" outcome="Passed" testListId="8c84fa94-04c1-424b-9868-57a2d4851a1d" relativeResultsDirectory="e4832b6b-6161-4882-825f-070e2d0f7c18" />
    <UnitTestResult executionId="38bd661e-593a-4f73-a131-c424f019a7c4" testId="b857bdd6-a10b-15bd-502f-d3e99d2d9689" testName="ManagedCode.Communication.Tests.Results.ResultTTests.Map_WithFailedResult_ShouldReturnFailedResult" computerName="konstantins-macbook-pro" duration="00:00:00.0002131" startTime="2025-08-05T09:59:07.6528340+02:00" endTime="2025-08-05T09:59:07.6533070+02:00" testType="13cdc9d9-ddb5-4fa4-a97d-d965ccfc6d4b" outcome="Passed" testListId="8c84fa94-04c1-424b-9868-57a2d4851a1d" relativeResultsDirectory="38bd661e-593a-4f73-a131-c424f019a7c4" />
    <UnitTestResult executionId="8deeec2f-a52f-4259-8d85-1c6c4a590652" testId="75182c76-38a7-377f-7070-40caa7b382c0" testName="ManagedCode.Communication.Tests.Results.ResultTTests.ImplicitOperator_FromValue_ShouldCreateSuccessfulResult" computerName="konstantins-macbook-pro" duration="00:00:00.0001332" startTime="2025-08-05T09:59:07.6554880+02:00" endTime="2025-08-05T09:59:07.6555130+02:00" testType="13cdc9d9-ddb5-4fa4-a97d-d965ccfc6d4b" outcome="Passed" testListId="8c84fa94-04c1-424b-9868-57a2d4851a1d" relativeResultsDirectory="8deeec2f-a52f-4259-8d85-1c6c4a590652" />
    <UnitTestResult executionId="f50501ee-9af7-46ac-8f16-6a38b4e72008" testId="89f1e695-1be3-dd88-4f12-d20091883b21" testName="ManagedCode.Communication.Tests.Results.ProblemTests.Constructor_WithParameters_ShouldSetProperties" computerName="konstantins-macbook-pro" duration="00:00:00.0084242" startTime="2025-08-05T09:59:07.6177780+02:00" endTime="2025-08-05T09:59:07.6285460+02:00" testType="13cdc9d9-ddb5-4fa4-a97d-d965ccfc6d4b" outcome="Passed" testListId="8c84fa94-04c1-424b-9868-57a2d4851a1d" relativeResultsDirectory="f50501ee-9af7-46ac-8f16-6a38b4e72008" />
    <UnitTestResult executionId="7a3bd5b2-43d5-4348-ba0e-7db8a1307413" testId="4329ce58-b589-cce3-e7e0-bf1e7069d301" testName="ManagedCode.Communication.Tests.OrleansTests.GrainClientTests.ValueTaskResultComplexObjectError" computerName="konstantins-macbook-pro" duration="00:00:00.0016721" startTime="2025-08-05T09:59:08.5570320+02:00" endTime="2025-08-05T09:59:08.5584150+02:00" testType="13cdc9d9-ddb5-4fa4-a97d-d965ccfc6d4b" outcome="Passed" testListId="8c84fa94-04c1-424b-9868-57a2d4851a1d" relativeResultsDirectory="7a3bd5b2-43d5-4348-ba0e-7db8a1307413" />
    <UnitTestResult executionId="725a5662-9c47-4c3d-8713-dfc00a7e6757" testId="3e2872b7-fb01-c386-1343-80b94b20e5b0" testName="ManagedCode.Communication.Tests.Results.RailwayOrientedProgrammingTests.Bind_WithFailure_ShouldShortCircuit" computerName="konstantins-macbook-pro" duration="00:00:00.0002248" startTime="2025-08-05T09:59:07.6584780+02:00" endTime="2025-08-05T09:59:07.6585810+02:00" testType="13cdc9d9-ddb5-4fa4-a97d-d965ccfc6d4b" outcome="Passed" testListId="8c84fa94-04c1-424b-9868-57a2d4851a1d" relativeResultsDirectory="725a5662-9c47-4c3d-8713-dfc00a7e6757" />
    <UnitTestResult executionId="b8d68992-2ce8-4093-b60c-7fecbe8f79e9" testId="bfa6a2fe-1dd5-18fe-deaf-f94c809d7864" testName="ManagedCode.Communication.Tests.Results.ProblemTests.FromException_ShouldCreateProblemFromException" computerName="konstantins-macbook-pro" duration="00:00:00.0007517" startTime="2025-08-05T09:59:07.6563390+02:00" endTime="2025-08-05T09:59:07.6567650+02:00" testType="13cdc9d9-ddb5-4fa4-a97d-d965ccfc6d4b" outcome="Passed" testListId="8c84fa94-04c1-424b-9868-57a2d4851a1d" relativeResultsDirectory="b8d68992-2ce8-4093-b60c-7fecbe8f79e9" />
    <UnitTestResult executionId="a4ab579d-ef4c-4aac-ad9f-a489d4d7ec0e" testId="8d46a340-0ed0-b99b-ffa5-9396c082f226" testName="ManagedCode.Communication.Tests.Results.CollectionResultTests.Succeed_WithEnumerableOnly_ShouldCalculatePagingInfo" computerName="konstantins-macbook-pro" duration="00:00:00.0005848" startTime="2025-08-05T09:59:07.6610960+02:00" endTime="2025-08-05T09:59:07.6612790+02:00" testType="13cdc9d9-ddb5-4fa4-a97d-d965ccfc6d4b" outcome="Passed" testListId="8c84fa94-04c1-424b-9868-57a2d4851a1d" relativeResultsDirectory="a4ab579d-ef4c-4aac-ad9f-a489d4d7ec0e" />
    <UnitTestResult executionId="2ab0cabc-92b0-4957-b7c2-57aab02b00ed" testId="685bf125-95a7-b042-d839-6110f006a2bb" testName="ManagedCode.Communication.Tests.Results.CollectionResultTests.ThrowIfFail_WithFailedResult_ShouldThrow" computerName="konstantins-macbook-pro" duration="00:00:00.0006057" startTime="2025-08-05T09:59:07.6606740+02:00" endTime="2025-08-05T09:59:07.6610380+02:00" testType="13cdc9d9-ddb5-4fa4-a97d-d965ccfc6d4b" outcome="Passed" testListId="8c84fa94-04c1-424b-9868-57a2d4851a1d" relativeResultsDirectory="2ab0cabc-92b0-4957-b7c2-57aab02b00ed" />
    <UnitTestResult executionId="4e2e5d6d-8e14-4400-9f8f-558173da3440" testId="d1f027cb-91cb-a032-394a-24ef43e517de" testName="ManagedCode.Communication.Tests.Commands.CommandTests.FromValue" computerName="konstantins-macbook-pro" duration="00:00:00.0001996" startTime="2025-08-05T09:59:07.6510050+02:00" endTime="2025-08-05T09:59:07.6512890+02:00" testType="13cdc9d9-ddb5-4fa4-a97d-d965ccfc6d4b" outcome="Passed" testListId="8c84fa94-04c1-424b-9868-57a2d4851a1d" relativeResultsDirectory="4e2e5d6d-8e14-4400-9f8f-558173da3440" />
    <UnitTestResult executionId="dc9f1b8e-f153-4c0a-852d-62740700848b" testId="3c37108a-c70c-c832-75e8-68781bee0ca1" testName="ManagedCode.Communication.Tests.Results.RailwayOrientedProgrammingTests.Match_WithSuccess_ShouldExecuteSuccessFunction" computerName="konstantins-macbook-pro" duration="00:00:00.0001247" startTime="2025-08-05T09:59:07.6586330+02:00" endTime="2025-08-05T09:59:07.6587290+02:00" testType="13cdc9d9-ddb5-4fa4-a97d-d965ccfc6d4b" outcome="Passed" testListId="8c84fa94-04c1-424b-9868-57a2d4851a1d" relativeResultsDirectory="dc9f1b8e-f153-4c0a-852d-62740700848b" />
    <UnitTestResult executionId="8e6ffa1f-a357-4dea-9fc5-a9a28d894359" testId="e4515f41-6dc8-4e41-80f2-0b8ebbc1419c" testName="ManagedCode.Communication.Tests.Results.CollectionResultTests.ThrowIfFail_WithSuccessfulResult_ShouldNotThrow" computerName="konstantins-macbook-pro" duration="00:00:00.0001531" startTime="2025-08-05T09:59:07.6613320+02:00" endTime="2025-08-05T09:59:07.6614310+02:00" testType="13cdc9d9-ddb5-4fa4-a97d-d965ccfc6d4b" outcome="Passed" testListId="8c84fa94-04c1-424b-9868-57a2d4851a1d" relativeResultsDirectory="8e6ffa1f-a357-4dea-9fc5-a9a28d894359" />
    <UnitTestResult executionId="bd3b754d-fb91-4285-9a9d-ed4708b1e965" testId="1801938a-5d0f-36fb-a9bb-fea7ab8914fe" testName="ManagedCode.Communication.Tests.Results.ResultTests.FailUnauthorized_ShouldCreateUnauthorizedResult" computerName="konstantins-macbook-pro" duration="00:00:00.0001658" startTime="2025-08-05T09:59:07.6516890+02:00" endTime="2025-08-05T09:59:07.6527630+02:00" testType="13cdc9d9-ddb5-4fa4-a97d-d965ccfc6d4b" outcome="Passed" testListId="8c84fa94-04c1-424b-9868-57a2d4851a1d" relativeResultsDirectory="bd3b754d-fb91-4285-9a9d-ed4708b1e965" />
    <UnitTestResult executionId="192d3684-9744-4119-8cea-40cf57fd181a" testId="db5d73e5-bd72-c41e-a69a-e342f27be70b" testName="ManagedCode.Communication.Tests.ResultExtensionsTests.Match_WithResultT_ShouldReturnCorrectBranch" computerName="konstantins-macbook-pro" duration="00:00:00.0002061" startTime="2025-08-05T09:59:07.6610150+02:00" endTime="2025-08-05T09:59:07.6611200+02:00" testType="13cdc9d9-ddb5-4fa4-a97d-d965ccfc6d4b" outcome="Passed" testListId="8c84fa94-04c1-424b-9868-57a2d4851a1d" relativeResultsDirectory="192d3684-9744-4119-8cea-40cf57fd181a" />
    <UnitTestResult executionId="d837cee4-9474-4c44-863d-1fb3057cb449" testId="f8a940f1-8634-0701-daf3-2dcd1e55555d" testName="ManagedCode.Communication.Tests.Results.ResultTTests.FailNotFound_ShouldCreateNotFoundResult" computerName="konstantins-macbook-pro" duration="00:00:00.0001870" startTime="2025-08-05T09:59:07.6565770+02:00" endTime="2025-08-05T09:59:07.6566030+02:00" testType="13cdc9d9-ddb5-4fa4-a97d-d965ccfc6d4b" outcome="Passed" testListId="8c84fa94-04c1-424b-9868-57a2d4851a1d" relativeResultsDirectory="d837cee4-9474-4c44-863d-1fb3057cb449" />
    <UnitTestResult executionId="02405a6b-4925-456c-ad79-29ed259fa7f9" testId="9e03bf6d-4e75-7d3d-979b-1b27fa078d7d" testName="ManagedCode.Communication.Tests.ResultExtensionsTests.BindGeneric_WithSuccessResult_ShouldChainOperations" computerName="konstantins-macbook-pro" duration="00:00:00.0001408" startTime="2025-08-05T09:59:07.6628720+02:00" endTime="2025-08-05T09:59:07.6628990+02:00" testType="13cdc9d9-ddb5-4fa4-a97d-d965ccfc6d4b" outcome="Passed" testListId="8c84fa94-04c1-424b-9868-57a2d4851a1d" relativeResultsDirectory="02405a6b-4925-456c-ad79-29ed259fa7f9" />
    <UnitTestResult executionId="89620e70-91ef-4832-aa7c-f3fdb257a84f" testId="8ef731a7-df62-2078-454e-b3c5ab5a52f3" testName="ManagedCode.Communication.Tests.Results.ProblemTests.Create_ShouldCreateProblemWithAllProperties" computerName="konstantins-macbook-pro" duration="00:00:00.0008304" startTime="2025-08-05T09:59:07.6548040+02:00" endTime="2025-08-05T09:59:07.6548320+02:00" testType="13cdc9d9-ddb5-4fa4-a97d-d965ccfc6d4b" outcome="Passed" testListId="8c84fa94-04c1-424b-9868-57a2d4851a1d" relativeResultsDirectory="89620e70-91ef-4832-aa7c-f3fdb257a84f" />
    <UnitTestResult executionId="75f7ca69-93f5-4ed7-b300-28c9e990a0ac" testId="b6091ae6-e1ab-9599-acb3-418abc778fef" testName="ManagedCode.Communication.Tests.Results.RailwayOrientedProgrammingTests.Tap_WithFailure_ShouldNotExecuteSideEffect" computerName="konstantins-macbook-pro" duration="00:00:00.0075414" startTime="2025-08-05T09:59:07.6177280+02:00" endTime="2025-08-05T09:59:07.6313100+02:00" testType="13cdc9d9-ddb5-4fa4-a97d-d965ccfc6d4b" outcome="Passed" testListId="8c84fa94-04c1-424b-9868-57a2d4851a1d" relativeResultsDirectory="75f7ca69-93f5-4ed7-b300-28c9e990a0ac" />
    <UnitTestResult executionId="7ce1fb29-471a-4abd-a775-47c4c2ecf7b8" testId="c22fbcae-e56f-74cd-4c5d-3486d7aca0e3" testName="ManagedCode.Communication.Tests.ResultExtensionsTests.MatchAction_ShouldExecuteCorrectBranch" computerName="konstantins-macbook-pro" duration="00:00:00.0002250" startTime="2025-08-05T09:59:07.6621940+02:00" endTime="2025-08-05T09:59:07.6622160+02:00" testType="13cdc9d9-ddb5-4fa4-a97d-d965ccfc6d4b" outcome="Passed" testListId="8c84fa94-04c1-424b-9868-57a2d4851a1d" relativeResultsDirectory="7ce1fb29-471a-4abd-a775-47c4c2ecf7b8" />
    <UnitTestResult executionId="10604cb6-38db-4055-97e1-62c6626f5634" testId="d141bbc4-5fd3-6fa2-46c3-f1bde478f59a" testName="ManagedCode.Communication.Tests.Results.CollectionResultTests.AddInvalidMessage_WithGeneralMessage_ShouldAddToGeneralErrors" computerName="konstantins-macbook-pro" duration="00:00:00.0003787" startTime="2025-08-05T09:59:07.6553160+02:00" endTime="2025-08-05T09:59:07.6553400+02:00" testType="13cdc9d9-ddb5-4fa4-a97d-d965ccfc6d4b" outcome="Passed" testListId="8c84fa94-04c1-424b-9868-57a2d4851a1d" relativeResultsDirectory="10604cb6-38db-4055-97e1-62c6626f5634" />
    <UnitTestResult executionId="1a1e99ea-0658-444d-9004-6b23c302310e" testId="f7ed2bd9-0dc3-2bb8-cc6b-16f79bea320a" testName="ManagedCode.Communication.Tests.OrleansTests.GrainClientTests.ResultError" computerName="konstantins-macbook-pro" duration="00:00:00.0013200" startTime="2025-08-05T09:59:08.5642310+02:00" endTime="2025-08-05T09:59:08.5655840+02:00" testType="13cdc9d9-ddb5-4fa4-a97d-d965ccfc6d4b" outcome="Passed" testListId="8c84fa94-04c1-424b-9868-57a2d4851a1d" relativeResultsDirectory="1a1e99ea-0658-444d-9004-6b23c302310e" />
    <UnitTestResult executionId="20d2f107-ef17-4854-835a-3a944a30c856" testId="977cf24f-20f0-af04-f9fd-88296a80a191" testName="ManagedCode.Communication.Tests.Results.CollectionResultTests.Empty_ShouldCreateEmptyResult" computerName="konstantins-macbook-pro" duration="00:00:00.0004331" startTime="2025-08-05T09:59:07.6508870+02:00" endTime="2025-08-05T09:59:07.6514460+02:00" testType="13cdc9d9-ddb5-4fa4-a97d-d965ccfc6d4b" outcome="Passed" testListId="8c84fa94-04c1-424b-9868-57a2d4851a1d" relativeResultsDirectory="20d2f107-ef17-4854-835a-3a944a30c856" />
    <UnitTestResult executionId="1b4b2d1b-81ac-45c8-86e2-ffc3623505a9" testId="cedf9e10-17c3-638f-1fb4-b52f984508c8" testName="ManagedCode.Communication.Tests.Results.ResultTTests.ImplicitOperator_ToBool_ShouldReturnIsSuccess" computerName="konstantins-macbook-pro" duration="00:00:00.0003644" startTime="2025-08-05T09:59:07.6561770+02:00" endTime="2025-08-05T09:59:07.6562040+02:00" testType="13cdc9d9-ddb5-4fa4-a97d-d965ccfc6d4b" outcome="Passed" testListId="8c84fa94-04c1-424b-9868-57a2d4851a1d" relativeResultsDirectory="1b4b2d1b-81ac-45c8-86e2-ffc3623505a9" />
    <UnitTestResult executionId="f4d3da6c-334e-4f17-a78a-2b1aaa63e573" testId="34988729-7075-661c-e9b3-1244d66c21c5" testName="ManagedCode.Communication.Tests.ResultExtensionsTests.Map_WithSuccessResult_ShouldTransformValue" computerName="konstantins-macbook-pro" duration="00:00:00.0001204" startTime="2025-08-05T09:59:07.6630300+02:00" endTime="2025-08-05T09:59:07.6630550+02:00" testType="13cdc9d9-ddb5-4fa4-a97d-d965ccfc6d4b" outcome="Passed" testListId="8c84fa94-04c1-424b-9868-57a2d4851a1d" relativeResultsDirectory="f4d3da6c-334e-4f17-a78a-2b1aaa63e573" />
    <UnitTestResult executionId="89b48a8c-6c0a-49a5-b5f8-dbe80ff1d288" testId="161ea34e-b552-5b69-4cf9-93991b1d4888" testName="ManagedCode.Communication.Tests.Results.ResultTests.ThrowIfFail_WithSuccessfulResult_ShouldNotThrow" computerName="konstantins-macbook-pro" duration="00:00:00.0002665" startTime="2025-08-05T09:59:07.6601430+02:00" endTime="2025-08-05T09:59:07.6601690+02:00" testType="13cdc9d9-ddb5-4fa4-a97d-d965ccfc6d4b" outcome="Passed" testListId="8c84fa94-04c1-424b-9868-57a2d4851a1d" relativeResultsDirectory="89b48a8c-6c0a-49a5-b5f8-dbe80ff1d288" />
    <UnitTestResult executionId="0a67290d-5d26-4584-bb32-e72ffa399d0e" testId="8c079e0a-8bc0-4af0-dcf8-3d60635328e5" testName="ManagedCode.Communication.Tests.Results.ResultTests.Fail_WithMessage_ShouldCreateFailedResult" computerName="konstantins-macbook-pro" duration="00:00:00.0001592" startTime="2025-08-05T09:59:07.6594130+02:00" endTime="2025-08-05T09:59:07.6594380+02:00" testType="13cdc9d9-ddb5-4fa4-a97d-d965ccfc6d4b" outcome="Passed" testListId="8c84fa94-04c1-424b-9868-57a2d4851a1d" relativeResultsDirectory="0a67290d-5d26-4584-bb32-e72ffa399d0e" />
    <UnitTestResult executionId="011815bc-368a-4244-b382-09e38183f8f4" testId="0a693c83-039e-37ea-ca71-d6cb11cb39f0" testName="ManagedCode.Communication.Tests.Results.ResultTTests.Succeed_WithValue_ShouldCreateSuccessfulResult" computerName="konstantins-macbook-pro" duration="00:00:00.0001207" startTime="2025-08-05T09:59:07.6556540+02:00" endTime="2025-08-05T09:59:07.6556770+02:00" testType="13cdc9d9-ddb5-4fa4-a97d-d965ccfc6d4b" outcome="Passed" testListId="8c84fa94-04c1-424b-9868-57a2d4851a1d" relativeResultsDirectory="011815bc-368a-4244-b382-09e38183f8f4" />
    <UnitTestResult executionId="61febad7-d5bf-4d2b-88c5-a4de805e4fa7" testId="8891f4eb-c9b0-3e3f-c742-57b774363d63" testName="ManagedCode.Communication.Tests.ControllerTests.MiddlewareTests.FailResult" computerName="konstantins-macbook-pro" duration="00:00:00.0014858" startTime="2025-08-05T09:59:08.4822980+02:00" endTime="2025-08-05T09:59:08.4837960+02:00" testType="13cdc9d9-ddb5-4fa4-a97d-d965ccfc6d4b" outcome="Passed" testListId="8c84fa94-04c1-424b-9868-57a2d4851a1d" relativeResultsDirectory="61febad7-d5bf-4d2b-88c5-a4de805e4fa7" />
    <UnitTestResult executionId="422240fa-22cf-40f2-a80c-9f68c555daa9" testId="62ec9571-83d3-3d31-1779-4fe2cf2be8e0" testName="ManagedCode.Communication.Tests.Results.CollectionResultTests.Fail_WithMessage_ShouldCreateFailedResult" computerName="konstantins-macbook-pro" duration="00:00:00.0002350" startTime="2025-08-05T09:59:07.6604390+02:00" endTime="2025-08-05T09:59:07.6604640+02:00" testType="13cdc9d9-ddb5-4fa4-a97d-d965ccfc6d4b" outcome="Passed" testListId="8c84fa94-04c1-424b-9868-57a2d4851a1d" relativeResultsDirectory="422240fa-22cf-40f2-a80c-9f68c555daa9" />
    <UnitTestResult executionId="17713f54-3259-47e3-bff7-c7ebf0d180b8" testId="ff152fd0-403e-f4ec-a73e-1cd296d1d014" testName="ManagedCode.Communication.Tests.OrleansTests.GrainClientTests.Result" computerName="konstantins-macbook-pro" duration="00:00:00.0012504" startTime="2025-08-05T09:59:08.5656550+02:00" endTime="2025-08-05T09:59:08.5669610+02:00" testType="13cdc9d9-ddb5-4fa4-a97d-d965ccfc6d4b" outcome="Passed" testListId="8c84fa94-04c1-424b-9868-57a2d4851a1d" relativeResultsDirectory="17713f54-3259-47e3-bff7-c7ebf0d180b8" />
    <UnitTestResult executionId="243dddc1-ea85-4955-9191-ae5e29ff2a8c" testId="a9d44699-d2e2-8f94-e099-ceb0e0e2f5b7" testName="ManagedCode.Communication.Tests.Results.RailwayOrientedProgrammingTests.Tap_ShouldExecuteSideEffectWithoutChangingResult" computerName="konstantins-macbook-pro" duration="00:00:00.0004231" startTime="2025-08-05T09:59:07.6540040+02:00" endTime="2025-08-05T09:59:07.6545980+02:00" testType="13cdc9d9-ddb5-4fa4-a97d-d965ccfc6d4b" outcome="Passed" testListId="8c84fa94-04c1-424b-9868-57a2d4851a1d" relativeResultsDirectory="243dddc1-ea85-4955-9191-ae5e29ff2a8c" />
    <UnitTestResult executionId="9518bee0-4dc2-45d1-ba4c-5a345752e289" testId="0b94c3b1-6583-79b8-f011-5229f57a9249" testName="ManagedCode.Communication.Tests.ResultExtensionsTests.Tap_WithSuccessResult_ShouldExecuteAction" computerName="konstantins-macbook-pro" duration="00:00:00.0009610" startTime="2025-08-05T09:59:07.6511570+02:00" endTime="2025-08-05T09:59:07.6517140+02:00" testType="13cdc9d9-ddb5-4fa4-a97d-d965ccfc6d4b" outcome="Passed" testListId="8c84fa94-04c1-424b-9868-57a2d4851a1d" relativeResultsDirectory="9518bee0-4dc2-45d1-ba4c-5a345752e289" />
    <UnitTestResult executionId="339a21ff-9044-42e6-b98e-512b29d34b25" testId="aab534c1-e47f-1e10-690a-e9fe2fb9e517" testName="ManagedCode.Communication.Tests.Results.ProblemTests.GetErrorCodeAs_WithMatchingEnum_ShouldReturnEnumValue" computerName="konstantins-macbook-pro" duration="00:00:00.0007168" startTime="2025-08-05T09:59:07.6582310+02:00" endTime="2025-08-05T09:59:07.6583390+02:00" testType="13cdc9d9-ddb5-4fa4-a97d-d965ccfc6d4b" outcome="Passed" testListId="8c84fa94-04c1-424b-9868-57a2d4851a1d" relativeResultsDirectory="339a21ff-9044-42e6-b98e-512b29d34b25" />
    <UnitTestResult executionId="257bec58-cf76-40b4-9e59-287370cce9ed" testId="05e9a149-1ec4-5816-e59a-5ac25d0a3fd4" testName="ManagedCode.Communication.Tests.ControllerTests.MiddlewareTests.UnauthorizedAccess" computerName="konstantins-macbook-pro" duration="00:00:00.0022861" startTime="2025-08-05T09:59:08.4990980+02:00" endTime="2025-08-05T09:59:08.5014360+02:00" testType="13cdc9d9-ddb5-4fa4-a97d-d965ccfc6d4b" outcome="Passed" testListId="8c84fa94-04c1-424b-9868-57a2d4851a1d" relativeResultsDirectory="257bec58-cf76-40b4-9e59-287370cce9ed" />
    <UnitTestResult executionId="4a41b3b9-b725-49f3-9dc5-adb3480b428b" testId="99f446f3-a7b4-6b9c-7383-6521b7b5724d" testName="ManagedCode.Communication.Tests.Results.CollectionResultTests.TotalPages_ShouldCalculateCorrectly" computerName="konstantins-macbook-pro" duration="00:00:00.0001108" startTime="2025-08-05T09:59:07.6614980+02:00" endTime="2025-08-05T09:59:07.6615980+02:00" testType="13cdc9d9-ddb5-4fa4-a97d-d965ccfc6d4b" outcome="Passed" testListId="8c84fa94-04c1-424b-9868-57a2d4851a1d" relativeResultsDirectory="4a41b3b9-b725-49f3-9dc5-adb3480b428b" />
    <UnitTestResult executionId="435b557b-b19f-4cf6-b5a1-37bc1eb88156" testId="1f757bc5-86da-e122-1d55-9a03114706b1" testName="ManagedCode.Communication.Tests.Results.RailwayOrientedProgrammingTests.ComplexChain_WithFailure_ShouldShortCircuit" computerName="konstantins-macbook-pro" duration="00:00:00.0003849" startTime="2025-08-05T09:59:07.6577750+02:00" endTime="2025-08-05T09:59:07.6578240+02:00" testType="13cdc9d9-ddb5-4fa4-a97d-d965ccfc6d4b" outcome="Passed" testListId="8c84fa94-04c1-424b-9868-57a2d4851a1d" relativeResultsDirectory="435b557b-b19f-4cf6-b5a1-37bc1eb88156" />
    <UnitTestResult executionId="b63a1e6e-bf90-4044-bc64-aa36f63cfaf9" testId="23ef8027-2a18-f92f-8f60-3a751b96bde2" testName="ManagedCode.Communication.Tests.Results.ResultTTests.From_WithExceptionThrowingFunc_ShouldCreateFailedResult" computerName="konstantins-macbook-pro" duration="00:00:00.0004495" startTime="2025-08-05T09:59:07.6569120+02:00" endTime="2025-08-05T09:59:07.6574070+02:00" testType="13cdc9d9-ddb5-4fa4-a97d-d965ccfc6d4b" outcome="Passed" testListId="8c84fa94-04c1-424b-9868-57a2d4851a1d" relativeResultsDirectory="b63a1e6e-bf90-4044-bc64-aa36f63cfaf9" />
    <UnitTestResult executionId="884293dc-b895-4c97-81ef-aa0e68c9abcc" testId="a9049ec7-47e6-1452-0cab-fffe5164f084" testName="ManagedCode.Communication.Tests.Results.CollectionResultTests.InvalidField_WithValidationProblem_ShouldReturnCorrectResult" computerName="konstantins-macbook-pro" duration="00:00:00.0003955" startTime="2025-08-05T09:59:07.6539920+02:00" endTime="2025-08-05T09:59:07.6544880+02:00" testType="13cdc9d9-ddb5-4fa4-a97d-d965ccfc6d4b" outcome="Passed" testListId="8c84fa94-04c1-424b-9868-57a2d4851a1d" relativeResultsDirectory="884293dc-b895-4c97-81ef-aa0e68c9abcc" />
    <UnitTestResult executionId="1e00eb8c-8b39-43ef-8f92-46519ccd919f" testId="b33a03a8-55ac-77be-ca97-0bc786c289fc" testName="ManagedCode.Communication.Tests.Results.CollectionResultTests.Fail_WithProblem_ShouldCreateFailedResult" computerName="konstantins-macbook-pro" duration="00:00:00.0085906" startTime="2025-08-05T09:59:07.6169620+02:00" endTime="2025-08-05T09:59:07.6313230+02:00" testType="13cdc9d9-ddb5-4fa4-a97d-d965ccfc6d4b" outcome="Passed" testListId="8c84fa94-04c1-424b-9868-57a2d4851a1d" relativeResultsDirectory="1e00eb8c-8b39-43ef-8f92-46519ccd919f" />
    <UnitTestResult executionId="1ab1ae0a-1089-428d-b33a-4cda6abb39b0" testId="efa28403-4b97-87b5-f2ab-991a214ef2a6" testName="ManagedCode.Communication.Tests.ControllerTests.MiddlewareTests.InvalidDataExceptionSignalR" computerName="konstantins-macbook-pro" duration="00:00:00.0061786" startTime="2025-08-05T09:59:08.4927870+02:00" endTime="2025-08-05T09:59:08.4990100+02:00" testType="13cdc9d9-ddb5-4fa4-a97d-d965ccfc6d4b" outcome="Passed" testListId="8c84fa94-04c1-424b-9868-57a2d4851a1d" relativeResultsDirectory="1ab1ae0a-1089-428d-b33a-4cda6abb39b0" />
    <UnitTestResult executionId="0e21c985-8bf2-4367-a22f-3596e87d9b77" testId="c67d60d8-371a-f2d2-eb67-28408d2ba84d" testName="ManagedCode.Communication.Tests.OrleansTests.GrainClientTests.ValueTaskResultString" computerName="konstantins-macbook-pro" duration="00:00:00.0024710" startTime="2025-08-05T09:59:08.5616360+02:00" endTime="2025-08-05T09:59:08.5641460+02:00" testType="13cdc9d9-ddb5-4fa4-a97d-d965ccfc6d4b" outcome="Passed" testListId="8c84fa94-04c1-424b-9868-57a2d4851a1d" relativeResultsDirectory="0e21c985-8bf2-4367-a22f-3596e87d9b77" />
    <UnitTestResult executionId="a56adc36-542f-4c88-b422-39401c42c193" testId="69beb265-ebe6-f9da-2e10-2e50d1b0f6dd" testName="ManagedCode.Communication.Tests.Results.RailwayOrientedProgrammingTests.Match_WithFailure_ShouldExecuteFailureFunction" computerName="konstantins-macbook-pro" duration="00:00:00.0001910" startTime="2025-08-05T09:59:07.6534240+02:00" endTime="2025-08-05T09:59:07.6534760+02:00" testType="13cdc9d9-ddb5-4fa4-a97d-d965ccfc6d4b" outcome="Passed" testListId="8c84fa94-04c1-424b-9868-57a2d4851a1d" relativeResultsDirectory="a56adc36-542f-4c88-b422-39401c42c193" />
    <UnitTestResult executionId="54d96536-b7d5-4af8-b304-8de3e176eaba" testId="aaf3638f-1207-9f2b-6354-805a113323d4" testName="ManagedCode.Communication.Tests.OrleansTests.GrainClientTests.IntResultError" computerName="konstantins-macbook-pro" duration="00:00:00.0014243" startTime="2025-08-05T09:59:08.5584970+02:00" endTime="2025-08-05T09:59:08.5599500+02:00" testType="13cdc9d9-ddb5-4fa4-a97d-d965ccfc6d4b" outcome="Passed" testListId="8c84fa94-04c1-424b-9868-57a2d4851a1d" relativeResultsDirectory="54d96536-b7d5-4af8-b304-8de3e176eaba" />
    <UnitTestResult executionId="6ef3d7ab-70be-4620-924b-13248281c40e" testId="7ec712aa-0f40-61e7-c73d-a19584ac1f5b" testName="ManagedCode.Communication.Tests.ControllerTests.MiddlewareTests.SuccessResult" computerName="konstantins-macbook-pro" duration="00:00:00.2276763" startTime="2025-08-05T09:59:08.1783680+02:00" endTime="2025-08-05T09:59:08.4063250+02:00" testType="13cdc9d9-ddb5-4fa4-a97d-d965ccfc6d4b" outcome="Passed" testListId="8c84fa94-04c1-424b-9868-57a2d4851a1d" relativeResultsDirectory="6ef3d7ab-70be-4620-924b-13248281c40e" />
    <UnitTestResult executionId="087c6d77-a4c2-43c4-9466-d8084665623d" testId="a93a1323-b9ff-8712-08d2-3c1f4cc58bb3" testName="ManagedCode.Communication.Tests.ResultExtensionsTests.Finally_ShouldAlwaysExecute" computerName="konstantins-macbook-pro" duration="00:00:00.0001915" startTime="2025-08-05T09:59:07.6611770+02:00" endTime="2025-08-05T09:59:07.6612010+02:00" testType="13cdc9d9-ddb5-4fa4-a97d-d965ccfc6d4b" outcome="Passed" testListId="8c84fa94-04c1-424b-9868-57a2d4851a1d" relativeResultsDirectory="087c6d77-a4c2-43c4-9466-d8084665623d" />
    <UnitTestResult executionId="3129daa8-fa2c-4532-a5d4-8df6bf4e2946" testId="59a8f339-f82c-db3a-3ce5-7a3aa210b60d" testName="ManagedCode.Communication.Tests.ResultExtensionsTests.BindAsyncGeneric_WithSuccessResult_ShouldChainAsyncOperations" computerName="konstantins-macbook-pro" duration="00:00:00.0028860" startTime="2025-08-05T09:59:07.6620640+02:00" endTime="2025-08-05T09:59:07.6621380+02:00" testType="13cdc9d9-ddb5-4fa4-a97d-d965ccfc6d4b" outcome="Passed" testListId="8c84fa94-04c1-424b-9868-57a2d4851a1d" relativeResultsDirectory="3129daa8-fa2c-4532-a5d4-8df6bf4e2946" />
    <UnitTestResult executionId="0d654357-e3e5-4868-b7ee-e55c94253bce" testId="db72ec5a-0a30-2e0e-8572-ca8eef70615c" testName="ManagedCode.Communication.Tests.ControllerTests.MiddlewareTests.ValidationExceptionSginalR" computerName="konstantins-macbook-pro" duration="00:00:00.0615197" startTime="2025-08-05T09:59:08.4205300+02:00" endTime="2025-08-05T09:59:08.4821720+02:00" testType="13cdc9d9-ddb5-4fa4-a97d-d965ccfc6d4b" outcome="Passed" testListId="8c84fa94-04c1-424b-9868-57a2d4851a1d" relativeResultsDirectory="0d654357-e3e5-4868-b7ee-e55c94253bce" />
    <UnitTestResult executionId="cee4eb29-1536-4f0a-94a9-0714eafed907" testId="92ceef80-e5b7-c89c-a796-a51df0e588f6" testName="ManagedCode.Communication.Tests.Results.ResultTTests.Fail_WithProblem_ShouldCreateFailedResult" computerName="konstantins-macbook-pro" duration="00:00:00.0009545" startTime="2025-08-05T09:59:07.6511840+02:00" endTime="2025-08-05T09:59:07.6526520+02:00" testType="13cdc9d9-ddb5-4fa4-a97d-d965ccfc6d4b" outcome="Passed" testListId="8c84fa94-04c1-424b-9868-57a2d4851a1d" relativeResultsDirectory="cee4eb29-1536-4f0a-94a9-0714eafed907" />
    <UnitTestResult executionId="a6ed8912-124b-454a-abfa-7e214109d22c" testId="c500524b-7f50-6acc-4109-a9567b61a4b1" testName="ManagedCode.Communication.Tests.Results.ProblemTests.GetValidationErrors_WithNonValidationProblem_ShouldReturnNull" computerName="konstantins-macbook-pro" duration="00:00:00.0000565" startTime="2025-08-05T09:59:07.6585570+02:00" endTime="2025-08-05T09:59:07.6586570+02:00" testType="13cdc9d9-ddb5-4fa4-a97d-d965ccfc6d4b" outcome="Passed" testListId="8c84fa94-04c1-424b-9868-57a2d4851a1d" relativeResultsDirectory="a6ed8912-124b-454a-abfa-7e214109d22c" />
    <UnitTestResult executionId="c5ecf199-955c-4463-8e2b-6078b71c2c03" testId="343ce4f5-70c5-16b3-2ac5-d8d01c366aab" testName="ManagedCode.Communication.Tests.Results.ResultTests.Try_WithSuccessfulAction_ShouldCreateSuccessfulResult" computerName="konstantins-macbook-pro" duration="00:00:00.0075253" startTime="2025-08-05T09:59:07.6177670+02:00" endTime="2025-08-05T09:59:07.6312130+02:00" testType="13cdc9d9-ddb5-4fa4-a97d-d965ccfc6d4b" outcome="Passed" testListId="8c84fa94-04c1-424b-9868-57a2d4851a1d" relativeResultsDirectory="c5ecf199-955c-4463-8e2b-6078b71c2c03" />
    <UnitTestResult executionId="3d5523ac-b0c3-450b-80f4-48b4d9d3506b" testId="2863e3f9-7f1d-bf75-8848-3b8f86ca80ef" testName="ManagedCode.Communication.Tests.Results.RailwayOrientedProgrammingTests.Map_WithFailure_ShouldShortCircuit" computerName="konstantins-macbook-pro" duration="00:00:00.0001987" startTime="2025-08-05T09:59:07.6535420+02:00" endTime="2025-08-05T09:59:07.6539300+02:00" testType="13cdc9d9-ddb5-4fa4-a97d-d965ccfc6d4b" outcome="Passed" testListId="8c84fa94-04c1-424b-9868-57a2d4851a1d" relativeResultsDirectory="3d5523ac-b0c3-450b-80f4-48b4d9d3506b" />
    <UnitTestResult executionId="76620e57-8af9-4ccb-ad31-b7e21c66e02b" testId="ea1ac2dd-01bc-e3fc-f016-90eb60861333" testName="ManagedCode.Communication.Tests.OrleansTests.GrainClientTests.IntResult" computerName="konstantins-macbook-pro" duration="00:00:00.0355529" startTime="2025-08-05T09:59:08.5030450+02:00" endTime="2025-08-05T09:59:08.5387560+02:00" testType="13cdc9d9-ddb5-4fa4-a97d-d965ccfc6d4b" outcome="Passed" testListId="8c84fa94-04c1-424b-9868-57a2d4851a1d" relativeResultsDirectory="76620e57-8af9-4ccb-ad31-b7e21c66e02b" />
    <UnitTestResult executionId="b93f311f-f1b3-4ad7-93bb-bd298e005e64" testId="342251bc-8c6a-107f-f40f-bd580bcab139" testName="ManagedCode.Communication.Tests.ResultExtensionsTests.ComplexPipeline_ShouldProcessCorrectly" computerName="konstantins-macbook-pro" duration="00:00:00.0084761" startTime="2025-08-05T09:59:07.6592510+02:00" endTime="2025-08-05T09:59:07.6606990+02:00" testType="13cdc9d9-ddb5-4fa4-a97d-d965ccfc6d4b" outcome="Passed" testListId="8c84fa94-04c1-424b-9868-57a2d4851a1d" relativeResultsDirectory="b93f311f-f1b3-4ad7-93bb-bd298e005e64" />
    <UnitTestResult executionId="097009cb-3eb2-4e02-8bc6-21b28f7a0c43" testId="b2b9573d-e985-c983-e346-e985217d8d09" testName="ManagedCode.Communication.Tests.ResultExtensionsTests.MapAsync_WithSuccessResult_ShouldTransformValueAsync" computerName="konstantins-macbook-pro" duration="00:00:00.0026315" startTime="2025-08-05T09:59:07.6631080+02:00" endTime="2025-08-05T09:59:07.6631300+02:00" testType="13cdc9d9-ddb5-4fa4-a97d-d965ccfc6d4b" outcome="Passed" testListId="8c84fa94-04c1-424b-9868-57a2d4851a1d" relativeResultsDirectory="097009cb-3eb2-4e02-8bc6-21b28f7a0c43" />
    <UnitTestResult executionId="2ac3fedd-965b-40bb-90b2-791ab06915b7" testId="f207e829-2666-5e0b-dea1-e7486da2e6a1" testName="ManagedCode.Communication.Tests.Results.RailwayOrientedProgrammingTests.Try_WithFailingOperation_ShouldReturnFailure" computerName="konstantins-macbook-pro" duration="00:00:00.0007173" startTime="2025-08-05T09:59:07.6583150+02:00" endTime="2025-08-05T09:59:07.6584210+02:00" testType="13cdc9d9-ddb5-4fa4-a97d-d965ccfc6d4b" outcome="Passed" testListId="8c84fa94-04c1-424b-9868-57a2d4851a1d" relativeResultsDirectory="2ac3fedd-965b-40bb-90b2-791ab06915b7" />
    <UnitTestResult executionId="4ed2a1e7-cac6-43e8-8a0d-46f7a58470ab" testId="08105b68-db60-bfeb-93e6-92f308ba13b0" testName="ManagedCode.Communication.Tests.Results.CollectionResultTests.ImplicitOperator_ToBool_ShouldReturnIsSuccess" computerName="konstantins-macbook-pro" duration="00:00:00.0001009" startTime="2025-08-05T09:59:07.6619040+02:00" endTime="2025-08-05T09:59:07.6619300+02:00" testType="13cdc9d9-ddb5-4fa4-a97d-d965ccfc6d4b" outcome="Passed" testListId="8c84fa94-04c1-424b-9868-57a2d4851a1d" relativeResultsDirectory="4ed2a1e7-cac6-43e8-8a0d-46f7a58470ab" />
    <UnitTestResult executionId="89c66900-8aa8-49af-b1fd-796a385fd499" testId="dd44fca1-dd49-b0b2-8a87-a1e6c53fc967" testName="ManagedCode.Communication.Tests.ResultExtensionsTests.Else_WithFailedResult_ShouldReturnAlternative" computerName="konstantins-macbook-pro" duration="00:00:00.0001118" startTime="2025-08-05T09:59:07.6624600+02:00" endTime="2025-08-05T09:59:07.6624830+02:00" testType="13cdc9d9-ddb5-4fa4-a97d-d965ccfc6d4b" outcome="Passed" testListId="8c84fa94-04c1-424b-9868-57a2d4851a1d" relativeResultsDirectory="89c66900-8aa8-49af-b1fd-796a385fd499" />
    <UnitTestResult executionId="4e9d34da-d76b-4357-b6e5-6c881c2c0835" testId="95480a3b-f488-efa9-b27c-9ab5a18fdec4" testName="ManagedCode.Communication.Tests.ControllerTests.MiddlewareTests.UnauthorizedResult" computerName="konstantins-macbook-pro" duration="00:00:00.0019888" startTime="2025-08-05T09:59:08.4184290+02:00" endTime="2025-08-05T09:59:08.4204440+02:00" testType="13cdc9d9-ddb5-4fa4-a97d-d965ccfc6d4b" outcome="Passed" testListId="8c84fa94-04c1-424b-9868-57a2d4851a1d" relativeResultsDirectory="4e9d34da-d76b-4357-b6e5-6c881c2c0835" />
    <UnitTestResult executionId="50604326-1cda-44ab-a628-c01663c36eba" testId="75533a59-7aee-ba55-d67e-cbe9946ac332" testName="ManagedCode.Communication.Tests.OrleansTests.GrainClientTests.ValueTaskResultError" computerName="konstantins-macbook-pro" duration="00:00:00.0014409" startTime="2025-08-05T09:59:08.5600150+02:00" endTime="2025-08-05T09:59:08.5615570+02:00" testType="13cdc9d9-ddb5-4fa4-a97d-d965ccfc6d4b" outcome="Passed" testListId="8c84fa94-04c1-424b-9868-57a2d4851a1d" relativeResultsDirectory="50604326-1cda-44ab-a628-c01663c36eba" />
    <UnitTestResult executionId="98b3977c-e058-4a85-9710-1fd3685d8e18" testId="832db953-3174-9e47-9e79-c9e962a5dc9a" testName="ManagedCode.Communication.Tests.Results.ResultTests.ImplicitOperator_FromBool_True_ShouldCreateSuccessfulResult" computerName="konstantins-macbook-pro" duration="00:00:00.0000730" startTime="2025-08-05T09:59:07.6595780+02:00" endTime="2025-08-05T09:59:07.6596010+02:00" testType="13cdc9d9-ddb5-4fa4-a97d-d965ccfc6d4b" outcome="Passed" testListId="8c84fa94-04c1-424b-9868-57a2d4851a1d" relativeResultsDirectory="98b3977c-e058-4a85-9710-1fd3685d8e18" />
    <UnitTestResult executionId="af848bce-a8eb-4698-9c9c-ca83a07e046b" testId="62b58bd7-3c1e-de08-a9e7-b42cffcdf323" testName="ManagedCode.Communication.Tests.Results.CollectionResultTests.Succeed_WithEnumerable_ShouldCreateSuccessfulResult" computerName="konstantins-macbook-pro" duration="00:00:00.0046454" startTime="2025-08-05T09:59:07.6605170+02:00" endTime="2025-08-05T09:59:07.6605400+02:00" testType="13cdc9d9-ddb5-4fa4-a97d-d965ccfc6d4b" outcome="Passed" testListId="8c84fa94-04c1-424b-9868-57a2d4851a1d" relativeResultsDirectory="af848bce-a8eb-4698-9c9c-ca83a07e046b" />
    <UnitTestResult executionId="4a24644b-8b13-4a45-9185-a475e1e81842" testId="03db011c-36c3-8fa6-9017-436f1dd775bb" testName="ManagedCode.Communication.Tests.Results.ProblemTests.Validation_ShouldCreateValidationProblem" computerName="konstantins-macbook-pro" duration="00:00:00.0004359" startTime="2025-08-05T09:59:07.6576400+02:00" endTime="2025-08-05T09:59:07.6576870+02:00" testType="13cdc9d9-ddb5-4fa4-a97d-d965ccfc6d4b" outcome="Passed" testListId="8c84fa94-04c1-424b-9868-57a2d4851a1d" relativeResultsDirectory="4a24644b-8b13-4a45-9185-a475e1e81842" />
    <UnitTestResult executionId="64c97667-e627-4ad1-8e25-a2a2097d5b9b" testId="9519802d-7595-b802-9b1d-28efaa0530ce" testName="ManagedCode.Communication.Tests.ResultExtensionsTests.ChainedOperations_ShouldShortCircuitOnFailure" computerName="konstantins-macbook-pro" duration="00:00:00.0074658" startTime="2025-08-05T09:59:07.6177900+02:00" endTime="2025-08-05T09:59:07.6312750+02:00" testType="13cdc9d9-ddb5-4fa4-a97d-d965ccfc6d4b" outcome="Passed" testListId="8c84fa94-04c1-424b-9868-57a2d4851a1d" relativeResultsDirectory="64c97667-e627-4ad1-8e25-a2a2097d5b9b" />
    <UnitTestResult executionId="fc9080cf-a59f-415c-9c26-740aa6673c18" testId="ced3317a-f4de-c56d-29ac-20cf03fa04ec" testName="ManagedCode.Communication.Tests.Results.ProblemTests.FromEnum_ShouldCreateProblemFromEnum" computerName="konstantins-macbook-pro" duration="00:00:00.0002025" startTime="2025-08-05T09:59:07.6583970+02:00" endTime="2025-08-05T09:59:07.6585030+02:00" testType="13cdc9d9-ddb5-4fa4-a97d-d965ccfc6d4b" outcome="Passed" testListId="8c84fa94-04c1-424b-9868-57a2d4851a1d" relativeResultsDirectory="fc9080cf-a59f-415c-9c26-740aa6673c18" />
    <UnitTestResult executionId="40dd6974-1bbd-4966-a9a0-e34076423c7c" testId="884780c4-efd7-4539-be97-7bddf6f0d325" testName="ManagedCode.Communication.Tests.ControllerTests.MiddlewareTests.ValidationException" computerName="konstantins-macbook-pro" duration="00:00:00.0016918" startTime="2025-08-05T09:59:08.4909510+02:00" endTime="2025-08-05T09:59:08.4926910+02:00" testType="13cdc9d9-ddb5-4fa4-a97d-d965ccfc6d4b" outcome="Passed" testListId="8c84fa94-04c1-424b-9868-57a2d4851a1d" relativeResultsDirectory="40dd6974-1bbd-4966-a9a0-e34076423c7c" />
    <UnitTestResult executionId="5dc5c62c-b3db-4196-9448-4250abd2285c" testId="ae081732-51d9-8f75-bc33-d945304db80b" testName="ManagedCode.Communication.Tests.Results.ResultTests.FailNotFound_ShouldCreateNotFoundResult" computerName="konstantins-macbook-pro" duration="00:00:00.0001462" startTime="2025-08-05T09:59:07.6597300+02:00" endTime="2025-08-05T09:59:07.6597530+02:00" testType="13cdc9d9-ddb5-4fa4-a97d-d965ccfc6d4b" outcome="Passed" testListId="8c84fa94-04c1-424b-9868-57a2d4851a1d" relativeResultsDirectory="5dc5c62c-b3db-4196-9448-4250abd2285c" />
    <UnitTestResult executionId="e6789696-1022-4628-ac6b-5031b9f883f9" testId="8cdb7f81-87b1-9f11-bc65-382e5a57ef43" testName="ManagedCode.Communication.Tests.Results.RailwayOrientedProgrammingTests.ResultTry_WithFailingAction_ShouldReturnFailure" computerName="konstantins-macbook-pro" duration="00:00:00.0007972" startTime="2025-08-05T09:59:07.6510360+02:00" endTime="2025-08-05T09:59:07.6515380+02:00" testType="13cdc9d9-ddb5-4fa4-a97d-d965ccfc6d4b" outcome="Passed" testListId="8c84fa94-04c1-424b-9868-57a2d4851a1d" relativeResultsDirectory="e6789696-1022-4628-ac6b-5031b9f883f9" />
    <UnitTestResult executionId="121a1c18-c6ed-4c85-ba85-7aafe15f4ac8" testId="52aa0a27-dd41-6786-2c85-98c2fe5a5a8d" testName="ManagedCode.Communication.Tests.Results.CollectionResultTests.Succeed_WithArrayOnly_ShouldCalculatePagingInfo" computerName="konstantins-macbook-pro" duration="00:00:00.0001878" startTime="2025-08-05T09:59:07.6619860+02:00" endTime="2025-08-05T09:59:07.6620870+02:00" testType="13cdc9d9-ddb5-4fa4-a97d-d965ccfc6d4b" outcome="Passed" testListId="8c84fa94-04c1-424b-9868-57a2d4851a1d" relativeResultsDirectory="121a1c18-c6ed-4c85-ba85-7aafe15f4ac8" />
    <UnitTestResult executionId="957a591b-557b-4c64-b95a-20b434356c5b" testId="7a125942-0a04-b9bf-5e0a-a73b56af923d" testName="ManagedCode.Communication.Tests.Results.CollectionResultTests.InvalidFieldError_WithValidationProblem_ShouldReturnErrorMessage" computerName="konstantins-macbook-pro" duration="00:00:00.0013419" startTime="2025-08-05T09:59:07.6545510+02:00" endTime="2025-08-05T09:59:07.6552490+02:00" testType="13cdc9d9-ddb5-4fa4-a97d-d965ccfc6d4b" outcome="Passed" testListId="8c84fa94-04c1-424b-9868-57a2d4851a1d" relativeResultsDirectory="957a591b-557b-4c64-b95a-20b434356c5b" />
    <UnitTestResult executionId="bddfbbbe-a2dc-4e10-8763-daeb019ab361" testId="01872485-4d81-c916-8cf1-c5a694b29846" testName="ManagedCode.Communication.Tests.Results.RailwayOrientedProgrammingTests.ResultTry_WithSuccessfulAction_ShouldReturnSuccess" computerName="konstantins-macbook-pro" duration="00:00:00.0002322" startTime="2025-08-05T09:59:07.6587830+02:00" endTime="2025-08-05T09:59:07.6588060+02:00" testType="13cdc9d9-ddb5-4fa4-a97d-d965ccfc6d4b" outcome="Passed" testListId="8c84fa94-04c1-424b-9868-57a2d4851a1d" relativeResultsDirectory="bddfbbbe-a2dc-4e10-8763-daeb019ab361" />
    <UnitTestResult executionId="357980e1-3ab9-4ffa-ae55-8690b4c55ae7" testId="c87476d9-d6c4-b192-533c-f3fd92f25649" testName="ManagedCode.Communication.Tests.OrleansTests.GrainClientTests.ValueTaskResultStringError" computerName="konstantins-macbook-pro" duration="00:00:00.0043661" startTime="2025-08-05T09:59:08.5521700+02:00" endTime="2025-08-05T09:59:08.5565800+02:00" testType="13cdc9d9-ddb5-4fa4-a97d-d965ccfc6d4b" outcome="Passed" testListId="8c84fa94-04c1-424b-9868-57a2d4851a1d" relativeResultsDirectory="357980e1-3ab9-4ffa-ae55-8690b4c55ae7" />
    <UnitTestResult executionId="cbb2bf7e-f6fe-4c5c-88f8-5b8eb5bc61e7" testId="c7343c2c-78ed-5e3a-c3ed-259714840c06" testName="ManagedCode.Communication.Tests.Results.ResultTTests.FailValidation_ShouldCreateValidationResult" computerName="konstantins-macbook-pro" duration="00:00:00.0026971" startTime="2025-08-05T09:59:07.6544620+02:00" endTime="2025-08-05T09:59:07.6554250+02:00" testType="13cdc9d9-ddb5-4fa4-a97d-d965ccfc6d4b" outcome="Passed" testListId="8c84fa94-04c1-424b-9868-57a2d4851a1d" relativeResultsDirectory="cbb2bf7e-f6fe-4c5c-88f8-5b8eb5bc61e7" />
    <UnitTestResult executionId="57ac8b18-7db0-46ae-8332-42d4fd9f1577" testId="26d4b90e-eb16-bcef-d101-fb0061a73f05" testName="ManagedCode.Communication.Tests.ControllerTests.MiddlewareTests.ForbiddenResult" computerName="konstantins-macbook-pro" duration="00:00:00.0013818" startTime="2025-08-05T09:59:08.5015220+02:00" endTime="2025-08-05T09:59:08.5029490+02:00" testType="13cdc9d9-ddb5-4fa4-a97d-d965ccfc6d4b" outcome="Passed" testListId="8c84fa94-04c1-424b-9868-57a2d4851a1d" relativeResultsDirectory="57ac8b18-7db0-46ae-8332-42d4fd9f1577" />
    <UnitTestResult executionId="829d2167-1e16-42fe-b950-c3346246e349" testId="8849bd85-5b3b-67b2-7599-9a1cb03570c4" testName="ManagedCode.Communication.Tests.Commands.CommandTests.FromIdValue" computerName="konstantins-macbook-pro" duration="00:00:00.0076793" startTime="2025-08-05T09:59:07.6178060+02:00" endTime="2025-08-05T09:59:07.6312600+02:00" testType="13cdc9d9-ddb5-4fa4-a97d-d965ccfc6d4b" outcome="Passed" testListId="8c84fa94-04c1-424b-9868-57a2d4851a1d" relativeResultsDirectory="829d2167-1e16-42fe-b950-c3346246e349" />
    <UnitTestResult executionId="6f0bd100-8a78-4519-b163-c8df050e4802" testId="aad140b3-4196-9d5b-27c9-77ac877f082f" testName="ManagedCode.Communication.Tests.Results.ResultTests.From_WithException_ShouldCreateFailedResult" computerName="konstantins-macbook-pro" duration="00:00:00.0007683" startTime="2025-08-05T09:59:07.6512460+02:00" endTime="2025-08-05T09:59:07.6516130+02:00" testType="13cdc9d9-ddb5-4fa4-a97d-d965ccfc6d4b" outcome="Passed" testListId="8c84fa94-04c1-424b-9868-57a2d4851a1d" relativeResultsDirectory="6f0bd100-8a78-4519-b163-c8df050e4802" />
    <UnitTestResult executionId="b6a88da1-ea53-4802-a10d-b91aa5bc2da5" testId="4052b285-ee8b-dda1-747f-8fb2d2b5853d" testName="ManagedCode.Communication.Tests.Results.ResultTests.ImplicitOperator_ToBool_ShouldReturnIsSuccess" computerName="konstantins-macbook-pro" duration="00:00:00.0000810" startTime="2025-08-05T09:59:07.6602250+02:00" endTime="2025-08-05T09:59:07.6602530+02:00" testType="13cdc9d9-ddb5-4fa4-a97d-d965ccfc6d4b" outcome="Passed" testListId="8c84fa94-04c1-424b-9868-57a2d4851a1d" relativeResultsDirectory="b6a88da1-ea53-4802-a10d-b91aa5bc2da5" />
    <UnitTestResult executionId="5d0f8886-0edc-4149-9bf2-9fd62efa1318" testId="4ff25461-925d-2b73-524e-d2fd332c1e39" testName="ManagedCode.Communication.Tests.Results.ProblemTests.ErrorCode_PropertyShouldWorkCorrectly" computerName="konstantins-macbook-pro" duration="00:00:00.0000843" startTime="2025-08-05T09:59:07.6568930+02:00" endTime="2025-08-05T09:59:07.6569430+02:00" testType="13cdc9d9-ddb5-4fa4-a97d-d965ccfc6d4b" outcome="Passed" testListId="8c84fa94-04c1-424b-9868-57a2d4851a1d" relativeResultsDirectory="5d0f8886-0edc-4149-9bf2-9fd62efa1318" />
    <UnitTestResult executionId="947dbde1-34a0-4ecd-a81e-fdff5d3102f4" testId="f83ad32d-dc7d-a157-ddfe-e571c1f7ccdc" testName="ManagedCode.Communication.Tests.ControllerTests.MiddlewareTests.InvalidDataException" computerName="konstantins-macbook-pro" duration="00:00:00.0118324" startTime="2025-08-05T09:59:08.4064630+02:00" endTime="2025-08-05T09:59:08.4183240+02:00" testType="13cdc9d9-ddb5-4fa4-a97d-d965ccfc6d4b" outcome="Passed" testListId="8c84fa94-04c1-424b-9868-57a2d4851a1d" relativeResultsDirectory="947dbde1-34a0-4ecd-a81e-fdff5d3102f4" />
    <UnitTestResult executionId="73971289-607b-4c69-b698-9202e4f16bb4" testId="3fbb058d-9598-d297-cfc7-b0e227b60076" testName="ManagedCode.Communication.Tests.ControllerTests.MiddlewareTests.NotFoundResult" computerName="konstantins-macbook-pro" duration="00:00:00.0068041" startTime="2025-08-05T09:59:08.4842160+02:00" endTime="2025-08-05T09:59:08.4908440+02:00" testType="13cdc9d9-ddb5-4fa4-a97d-d965ccfc6d4b" outcome="Passed" testListId="8c84fa94-04c1-424b-9868-57a2d4851a1d" relativeResultsDirectory="73971289-607b-4c69-b698-9202e4f16bb4" />
    <UnitTestResult executionId="3d747efa-c758-4ab3-865c-d5032c331239" testId="c5c4387e-9b4e-b9c4-f648-e86e48f601ca" testName="ManagedCode.Communication.Tests.Results.ResultTests.Succeed_ShouldCreateSuccessfulResult" computerName="konstantins-macbook-pro" duration="00:00:00.0000903" startTime="2025-08-05T09:59:07.6594930+02:00" endTime="2025-08-05T09:59:07.6595180+02:00" testType="13cdc9d9-ddb5-4fa4-a97d-d965ccfc6d4b" outcome="Passed" testListId="8c84fa94-04c1-424b-9868-57a2d4851a1d" relativeResultsDirectory="3d747efa-c758-4ab3-865c-d5032c331239" />
    <UnitTestResult executionId="fe4944b8-a61a-4902-926f-52c9ccc2da2e" testId="420227c9-e6b9-b50e-d05f-d761ad3cd58e" testName="ManagedCode.Communication.Tests.Results.ResultTTests.Bind_WithFailedResult_ShouldReturnFailedResult" computerName="konstantins-macbook-pro" duration="00:00:00.0001035" startTime="2025-08-05T09:59:07.6564720+02:00" endTime="2025-08-05T09:59:07.6565020+02:00" testType="13cdc9d9-ddb5-4fa4-a97d-d965ccfc6d4b" outcome="Passed" testListId="8c84fa94-04c1-424b-9868-57a2d4851a1d" relativeResultsDirectory="fe4944b8-a61a-4902-926f-52c9ccc2da2e" />
    <UnitTestResult executionId="aa0c4551-8af1-4453-8a44-d60349a7a8ff" testId="45dd8e8e-d47d-d57f-7363-d2adb3b51e04" testName="ManagedCode.Communication.Tests.Results.ResultTests.FailForbidden_ShouldCreateForbiddenResult" computerName="konstantins-macbook-pro" duration="00:00:00.0001446" startTime="2025-08-05T09:59:07.6603100+02:00" endTime="2025-08-05T09:59:07.6603330+02:00" testType="13cdc9d9-ddb5-4fa4-a97d-d965ccfc6d4b" outcome="Passed" testListId="8c84fa94-04c1-424b-9868-57a2d4851a1d" relativeResultsDirectory="aa0c4551-8af1-4453-8a44-d60349a7a8ff" />
    <UnitTestResult executionId="73c6bcf6-7597-40ff-a3d9-1cef0431341b" testId="cd465a48-4f16-0fe6-3ad4-0670fd7de72e" testName="ManagedCode.Communication.Tests.Results.ResultTTests.ImplicitOperator_FromProblem_ShouldCreateFailedResult" computerName="konstantins-macbook-pro" duration="00:00:00.0002676" startTime="2025-08-05T09:59:07.6567360+02:00" endTime="2025-08-05T09:59:07.6568040+02:00" testType="13cdc9d9-ddb5-4fa4-a97d-d965ccfc6d4b" outcome="Passed" testListId="8c84fa94-04c1-424b-9868-57a2d4851a1d" relativeResultsDirectory="73c6bcf6-7597-40ff-a3d9-1cef0431341b" />
    <UnitTestResult executionId="5e65a701-2645-4596-892d-a7ecf45a0b65" testId="924855e1-9194-3b57-9cd1-1c25809360b6" testName="ManagedCode.Communication.Tests.ResultExtensionsTests.TapGeneric_WithSuccessResult_ShouldExecuteActionWithValue" computerName="konstantins-macbook-pro" duration="00:00:00.0003087" startTime="2025-08-05T09:59:07.6612540+02:00" endTime="2025-08-05T09:59:07.6613550+02:00" testType="13cdc9d9-ddb5-4fa4-a97d-d965ccfc6d4b" outcome="Passed" testListId="8c84fa94-04c1-424b-9868-57a2d4851a1d" relativeResultsDirectory="5e65a701-2645-4596-892d-a7ecf45a0b65" />
    <UnitTestResult executionId="76c92f2c-9f73-4d4e-a644-cc40e6e0d859" testId="ca801211-e81b-4246-8165-fc89719685cd" testName="ManagedCode.Communication.Tests.Results.ProblemTests.ErrorCode_SetToNull_ShouldRemoveFromExtensions" computerName="konstantins-macbook-pro" duration="00:00:00.0007484" startTime="2025-08-05T09:59:07.6573840+02:00" endTime="2025-08-05T09:59:07.6574990+02:00" testType="13cdc9d9-ddb5-4fa4-a97d-d965ccfc6d4b" outcome="Passed" testListId="8c84fa94-04c1-424b-9868-57a2d4851a1d" relativeResultsDirectory="76c92f2c-9f73-4d4e-a644-cc40e6e0d859" />
    <UnitTestResult executionId="4ef7456b-9ce7-4d21-9d9c-6fc04a09728c" testId="96f1738f-e2d9-406a-9b7b-fefb5ff95362" testName="ManagedCode.Communication.Tests.Results.ResultTests.Fail_WithProblem_ShouldCreateFailedResult" computerName="konstantins-macbook-pro" duration="00:00:00.0001426" startTime="2025-08-05T09:59:07.6528560+02:00" endTime="2025-08-05T09:59:07.6528900+02:00" testType="13cdc9d9-ddb5-4fa4-a97d-d965ccfc6d4b" outcome="Passed" testListId="8c84fa94-04c1-424b-9868-57a2d4851a1d" relativeResultsDirectory="4ef7456b-9ce7-4d21-9d9c-6fc04a09728c" />
    <UnitTestResult executionId="548cf9bf-54dd-4121-93a9-db7df30479d4" testId="0722ba6b-76b6-1c47-d7d1-0b74ba7f6032" testName="ManagedCode.Communication.Tests.Results.CollectionResultTests.Succeed_WithArray_ShouldCreateSuccessfulResult" computerName="konstantins-macbook-pro" duration="00:00:00.0102449" startTime="2025-08-05T09:59:07.6553980+02:00" endTime="2025-08-05T09:59:07.6603810+02:00" testType="13cdc9d9-ddb5-4fa4-a97d-d965ccfc6d4b" outcome="Passed" testListId="8c84fa94-04c1-424b-9868-57a2d4851a1d" relativeResultsDirectory="548cf9bf-54dd-4121-93a9-db7df30479d4" />
    <UnitTestResult executionId="50d3c7a6-a83f-444f-830f-e29e8dc00cc9" testId="9deae48d-7055-3dbc-52b0-c16fc854726a" testName="ManagedCode.Communication.Tests.Results.ResultTTests.From_WithFunc_ShouldExecuteAndWrapResult" computerName="konstantins-macbook-pro" duration="00:00:00.0001863" startTime="2025-08-05T09:59:07.6555740+02:00" endTime="2025-08-05T09:59:07.6555970+02:00" testType="13cdc9d9-ddb5-4fa4-a97d-d965ccfc6d4b" outcome="Passed" testListId="8c84fa94-04c1-424b-9868-57a2d4851a1d" relativeResultsDirectory="50d3c7a6-a83f-444f-830f-e29e8dc00cc9" />
    <UnitTestResult executionId="df2ca06c-db7b-4c7b-b3cb-6594434fb4ad" testId="1984c2a7-7175-dd20-85f7-f923a8979400" testName="ManagedCode.Communication.Tests.Results.ResultTests.ImplicitOperator_FromBool_False_ShouldCreateFailedResult" computerName="konstantins-macbook-pro" duration="00:00:00.0000561" startTime="2025-08-05T09:59:07.6596540+02:00" endTime="2025-08-05T09:59:07.6596770+02:00" testType="13cdc9d9-ddb5-4fa4-a97d-d965ccfc6d4b" outcome="Passed" testListId="8c84fa94-04c1-424b-9868-57a2d4851a1d" relativeResultsDirectory="df2ca06c-db7b-4c7b-b3cb-6594434fb4ad" />
    <UnitTestResult executionId="94739c2e-2464-4a64-91db-1c679dd387fd" testId="c7df18bf-2dfd-ca16-f1fb-8d9962bfc8aa" testName="ManagedCode.Communication.Tests.Results.CollectionResultTests.Empty_WithPaging_ShouldCreateEmptyResultWithPaging" computerName="konstantins-macbook-pro" duration="00:00:00.0001952" startTime="2025-08-05T09:59:07.6605940+02:00" endTime="2025-08-05T09:59:07.6606200+02:00" testType="13cdc9d9-ddb5-4fa4-a97d-d965ccfc6d4b" outcome="Passed" testListId="8c84fa94-04c1-424b-9868-57a2d4851a1d" relativeResultsDirectory="94739c2e-2464-4a64-91db-1c679dd387fd" />
    <UnitTestResult executionId="cec3302f-eb52-4179-826c-0fed1c410e98" testId="311b6c3e-cccf-4b30-e7f9-449c9ecff942" testName="ManagedCode.Communication.Tests.ResultExtensionsTests.TapAsync_WithSuccessResult_ShouldExecuteAsyncAction" computerName="konstantins-macbook-pro" duration="00:00:00.0075103" startTime="2025-08-05T09:59:07.6526080+02:00" endTime="2025-08-05T09:59:07.6587070+02:00" testType="13cdc9d9-ddb5-4fa4-a97d-d965ccfc6d4b" outcome="Passed" testListId="8c84fa94-04c1-424b-9868-57a2d4851a1d" relativeResultsDirectory="cec3302f-eb52-4179-826c-0fed1c410e98" />
    <UnitTestResult executionId="5c247a23-e7c3-43a7-8e9a-068293cf7e6c" testId="7166e05f-60b9-3728-f3a5-1af83e5aad4c" testName="ManagedCode.Communication.Tests.ResultExtensionsTests.Ensure_WithFailingPredicate_ShouldFail" computerName="konstantins-macbook-pro" duration="00:00:00.0001144" startTime="2025-08-05T09:59:07.6614090+02:00" endTime="2025-08-05T09:59:07.6615200+02:00" testType="13cdc9d9-ddb5-4fa4-a97d-d965ccfc6d4b" outcome="Passed" testListId="8c84fa94-04c1-424b-9868-57a2d4851a1d" relativeResultsDirectory="5c247a23-e7c3-43a7-8e9a-068293cf7e6c" />
    <UnitTestResult executionId="17630adb-cda7-45cf-8386-1491e6d6704e" testId="6a5e75da-d4ce-a720-12fe-db0ec989bfda" testName="ManagedCode.Communication.Tests.Results.ProblemTests.GetErrorCodeAs_WithNonMatchingEnum_ShouldReturnNull" computerName="konstantins-macbook-pro" duration="00:00:00.0027789" startTime="2025-08-05T09:59:07.6552220+02:00" endTime="2025-08-05T09:59:07.6562820+02:00" testType="13cdc9d9-ddb5-4fa4-a97d-d965ccfc6d4b" outcome="Passed" testListId="8c84fa94-04c1-424b-9868-57a2d4851a1d" relativeResultsDirectory="17630adb-cda7-45cf-8386-1491e6d6704e" />
    <UnitTestResult executionId="88d3162f-9c26-4346-910e-a9736878413c" testId="ba73bcf1-6486-473f-ebfb-50eecaf57a0c" testName="ManagedCode.Communication.Tests.Results.RailwayOrientedProgrammingTests.Map_ChainedOperations_ShouldWork" computerName="konstantins-macbook-pro" duration="00:00:00.0004114" startTime="2025-08-05T09:59:07.6516040+02:00" endTime="2025-08-05T09:59:07.6529790+02:00" testType="13cdc9d9-ddb5-4fa4-a97d-d965ccfc6d4b" outcome="Passed" testListId="8c84fa94-04c1-424b-9868-57a2d4851a1d" relativeResultsDirectory="88d3162f-9c26-4346-910e-a9736878413c" />
    <UnitTestResult executionId="e3cb5dab-cc09-4922-aef3-79c2677074a9" testId="565488d3-a79f-0bc7-7c73-b71ab1303e0e" testName="ManagedCode.Communication.Tests.Results.ResultTTests.Bind_WithSuccessfulResult_ShouldExecuteFunction" computerName="konstantins-macbook-pro" duration="00:00:00.0003792" startTime="2025-08-05T09:59:07.6557310+02:00" endTime="2025-08-05T09:59:07.6557550+02:00" testType="13cdc9d9-ddb5-4fa4-a97d-d965ccfc6d4b" outcome="Passed" testListId="8c84fa94-04c1-424b-9868-57a2d4851a1d" relativeResultsDirectory="e3cb5dab-cc09-4922-aef3-79c2677074a9" />
    <UnitTestResult executionId="5f441cb9-579b-454c-acf5-e5cd53b72e55" testId="165652a5-8470-80de-f723-64799828bde9" testName="ManagedCode.Communication.Tests.Results.ResultTests.Try_WithExceptionThrowingAction_ShouldCreateFailedResult" computerName="konstantins-macbook-pro" duration="00:00:00.0002426" startTime="2025-08-05T09:59:07.6593320+02:00" endTime="2025-08-05T09:59:07.6593580+02:00" testType="13cdc9d9-ddb5-4fa4-a97d-d965ccfc6d4b" outcome="Passed" testListId="8c84fa94-04c1-424b-9868-57a2d4851a1d" relativeResultsDirectory="5f441cb9-579b-454c-acf5-e5cd53b72e55" />
    <UnitTestResult executionId="3159945e-6c0c-4f2c-8979-18c6d5889df7" testId="baa49532-b762-d0bf-3c21-bfb8f673b4c2" testName="ManagedCode.Communication.Tests.ResultExtensionsTests.BindAsync_WithSuccessResult_ShouldExecuteNextAsync" computerName="konstantins-macbook-pro" duration="00:00:00.0026655" startTime="2025-08-05T09:59:07.6629540+02:00" endTime="2025-08-05T09:59:07.6629760+02:00" testType="13cdc9d9-ddb5-4fa4-a97d-d965ccfc6d4b" outcome="Passed" testListId="8c84fa94-04c1-424b-9868-57a2d4851a1d" relativeResultsDirectory="3159945e-6c0c-4f2c-8979-18c6d5889df7" />
    <UnitTestResult executionId="f03d4dae-7aa4-43d1-846b-706fcff1c7ff" testId="d360f263-f7ec-aadc-b7b2-c7765fbfba2e" testName="ManagedCode.Communication.Tests.Results.RailwayOrientedProgrammingTests.ComplexChain_ShouldWorkCorrectly" computerName="konstantins-macbook-pro" duration="00:00:00.0065321" startTime="2025-08-05T09:59:07.6547030+02:00" endTime="2025-08-05T09:59:07.6576630+02:00" testType="13cdc9d9-ddb5-4fa4-a97d-d965ccfc6d4b" outcome="Passed" testListId="8c84fa94-04c1-424b-9868-57a2d4851a1d" relativeResultsDirectory="f03d4dae-7aa4-43d1-846b-706fcff1c7ff" />
    <UnitTestResult executionId="e997fe32-821d-4927-8aad-59e3564b7de8" testId="04b4d7eb-6ae2-be4f-929b-1cc4d1077821" testName="ManagedCode.Communication.Tests.OrleansTests.GrainClientTests.ValueTaskResult" computerName="konstantins-macbook-pro" duration="00:00:00.0049642" startTime="2025-08-05T09:59:08.5388910+02:00" endTime="2025-08-05T09:59:08.5438640+02:00" testType="13cdc9d9-ddb5-4fa4-a97d-d965ccfc6d4b" outcome="Passed" testListId="8c84fa94-04c1-424b-9868-57a2d4851a1d" relativeResultsDirectory="e997fe32-821d-4927-8aad-59e3564b7de8" />
    <UnitTestResult executionId="d2aa81c2-939e-477c-bb13-d561d1ae8274" testId="20a5b366-61d2-1b17-1341-93fed7be4651" testName="ManagedCode.Communication.Tests.Results.RailwayOrientedProgrammingTests.Bind_ChainedOperations_ShouldWork" computerName="konstantins-macbook-pro" duration="00:00:00.0002257" startTime="2025-08-05T09:59:07.6578820+02:00" endTime="2025-08-05T09:59:07.6582560+02:00" testType="13cdc9d9-ddb5-4fa4-a97d-d965ccfc6d4b" outcome="Passed" testListId="8c84fa94-04c1-424b-9868-57a2d4851a1d" relativeResultsDirectory="d2aa81c2-939e-477c-bb13-d561d1ae8274" />
    <UnitTestResult executionId="0e8a564e-aecb-4efa-af87-8998a71185cd" testId="4c794b67-b6f1-587b-4ded-bca6881cadb4" testName="ManagedCode.Communication.Tests.Results.CollectionResultTests.AddInvalidMessage_ShouldAddValidationError" computerName="konstantins-macbook-pro" duration="00:00:00.0012708" startTime="2025-08-05T09:59:07.6515110+02:00" endTime="2025-08-05T09:59:07.6535670+02:00" testType="13cdc9d9-ddb5-4fa4-a97d-d965ccfc6d4b" outcome="Passed" testListId="8c84fa94-04c1-424b-9868-57a2d4851a1d" relativeResultsDirectory="0e8a564e-aecb-4efa-af87-8998a71185cd" />
    <UnitTestResult executionId="cf97a636-c7fc-450b-8f15-5b3e1e25e78a" testId="aa49e18c-4197-b3cc-aa70-ef1af862b8be" testName="ManagedCode.Communication.Tests.Results.ProblemTests.Constructor_ShouldInitializeExtensions" computerName="konstantins-macbook-pro" duration="00:00:00.0026206" startTime="2025-08-05T09:59:07.6509100+02:00" endTime="2025-08-05T09:59:07.6547330+02:00" testType="13cdc9d9-ddb5-4fa4-a97d-d965ccfc6d4b" outcome="Passed" testListId="8c84fa94-04c1-424b-9868-57a2d4851a1d" relativeResultsDirectory="cf97a636-c7fc-450b-8f15-5b3e1e25e78a" />
    <UnitTestResult executionId="da13e0b7-43c5-49a6-87f7-3c56a206e096" testId="9ca104e0-d007-7a8a-297e-78d9692a5c9f" testName="ManagedCode.Communication.Tests.Results.RailwayOrientedProgrammingTests.Try_WithSuccessfulOperation_ShouldReturnSuccess" computerName="konstantins-macbook-pro" duration="00:00:00.0001248" startTime="2025-08-05T09:59:07.6591450+02:00" endTime="2025-08-05T09:59:07.6591690+02:00" testType="13cdc9d9-ddb5-4fa4-a97d-d965ccfc6d4b" outcome="Passed" testListId="8c84fa94-04c1-424b-9868-57a2d4851a1d" relativeResultsDirectory="da13e0b7-43c5-49a6-87f7-3c56a206e096" />
    <UnitTestResult executionId="36081b10-d715-4aba-b9ce-2a56d925e110" testId="1e89b684-e978-3894-3e18-fc74f760e637" testName="ManagedCode.Communication.Tests.ResultExtensionsTests.Map_WithFailedResult_ShouldPropagateFailure" computerName="konstantins-macbook-pro" duration="00:00:00.0001143" startTime="2025-08-05T09:59:07.6622720+02:00" endTime="2025-08-05T09:59:07.6623320+02:00" testType="13cdc9d9-ddb5-4fa4-a97d-d965ccfc6d4b" outcome="Passed" testListId="8c84fa94-04c1-424b-9868-57a2d4851a1d" relativeResultsDirectory="36081b10-d715-4aba-b9ce-2a56d925e110" />
    <UnitTestResult executionId="25ce1c76-fafe-46e3-9b58-360405aa38fa" testId="9bc3a0c5-2fcf-8c19-b3cf-1cf301730bb6" testName="ManagedCode.Communication.Tests.Results.ResultTTests.Tap_WithSuccessfulResult_ShouldExecuteAction" computerName="konstantins-macbook-pro" duration="00:00:00.0004753" startTime="2025-08-05T09:59:07.6534530+02:00" endTime="2025-08-05T09:59:07.6543680+02:00" testType="13cdc9d9-ddb5-4fa4-a97d-d965ccfc6d4b" outcome="Passed" testListId="8c84fa94-04c1-424b-9868-57a2d4851a1d" relativeResultsDirectory="25ce1c76-fafe-46e3-9b58-360405aa38fa" />
    <UnitTestResult executionId="79b96a44-fdf1-4643-8d40-6e14d0aa65bb" testId="d764fc82-375a-445d-1d29-326347c358b4" testName="ManagedCode.Communication.Tests.Results.ResultTests.ThrowIfFail_WithFailedResult_ShouldThrow" computerName="konstantins-macbook-pro" duration="00:00:00.0110027" startTime="2025-08-05T09:59:07.6529520+02:00" endTime="2025-08-05T09:59:07.6592760+02:00" testType="13cdc9d9-ddb5-4fa4-a97d-d965ccfc6d4b" outcome="Passed" testListId="8c84fa94-04c1-424b-9868-57a2d4851a1d" relativeResultsDirectory="79b96a44-fdf1-4643-8d40-6e14d0aa65bb" />
    <UnitTestResult executionId="d270b595-b9c7-4999-a7e3-411a9e958108" testId="d8f98bda-9edd-5f69-b3df-8d5cd152c533" testName="ManagedCode.Communication.Tests.Results.ProblemTests.GetValidationErrors_WithValidationProblem_ShouldReturnErrors" computerName="konstantins-macbook-pro" duration="00:00:00.0006063" startTime="2025-08-05T09:59:07.6577940+02:00" endTime="2025-08-05T09:59:07.6579050+02:00" testType="13cdc9d9-ddb5-4fa4-a97d-d965ccfc6d4b" outcome="Passed" testListId="8c84fa94-04c1-424b-9868-57a2d4851a1d" relativeResultsDirectory="d270b595-b9c7-4999-a7e3-411a9e958108" />
    <UnitTestResult executionId="2561bf59-ac79-4c09-abf3-941591dc22a3" testId="99f21baf-cf67-7cbd-a714-a2085e10f456" testName="ManagedCode.Communication.Tests.ResultExtensionsTests.Bind_WithFailedResult_ShouldNotExecuteNext" computerName="konstantins-macbook-pro" duration="00:00:00.0001158" startTime="2025-08-05T09:59:07.6623850+02:00" endTime="2025-08-05T09:59:07.6624070+02:00" testType="13cdc9d9-ddb5-4fa4-a97d-d965ccfc6d4b" outcome="Passed" testListId="8c84fa94-04c1-424b-9868-57a2d4851a1d" relativeResultsDirectory="2561bf59-ac79-4c09-abf3-941591dc22a3" />
    <UnitTestResult executionId="6982fef9-fb34-4ba2-b9f7-584330d8261d" testId="92d7240b-67dc-fa2a-1053-63a4cde5f1ef" testName="ManagedCode.Communication.Tests.Results.ProblemTests.FromStatusCode_ShouldCreateProblemFromHttpStatusCode" computerName="konstantins-macbook-pro" duration="00:00:00.0002079" startTime="2025-08-05T09:59:07.6575610+02:00" endTime="2025-08-05T09:59:07.6575840+02:00" testType="13cdc9d9-ddb5-4fa4-a97d-d965ccfc6d4b" outcome="Passed" testListId="8c84fa94-04c1-424b-9868-57a2d4851a1d" relativeResultsDirectory="6982fef9-fb34-4ba2-b9f7-584330d8261d" />
  </Results>
  <TestDefinitions>
    <UnitTest name="ManagedCode.Communication.Tests.Results.ResultTTests.Succeed_WithValue_ShouldCreateSuccessfulResult" storage="/users/ksemenenko/developer/communication/managedcode.communication.tests/bin/debug/net9.0/managedcode.communication.tests.dll" id="0a693c83-039e-37ea-ca71-d6cb11cb39f0">
      <Execution id="011815bc-368a-4244-b382-09e38183f8f4" />
      <TestMethod codeBase="/Users/ksemenenko/Developer/Communication/ManagedCode.Communication.Tests/bin/Debug/net9.0/ManagedCode.Communication.Tests.dll" adapterTypeName="executor://xunit/VsTestRunner3/netcore/" className="ManagedCode.Communication.Tests.Results.ResultTTests" name="Succeed_WithValue_ShouldCreateSuccessfulResult" />
    </UnitTest>
    <UnitTest name="ManagedCode.Communication.Tests.ResultExtensionsTests.Map_WithSuccessResult_ShouldTransformValue" storage="/users/ksemenenko/developer/communication/managedcode.communication.tests/bin/debug/net9.0/managedcode.communication.tests.dll" id="34988729-7075-661c-e9b3-1244d66c21c5">
      <Execution id="f4d3da6c-334e-4f17-a78a-2b1aaa63e573" />
      <TestMethod codeBase="/Users/ksemenenko/Developer/Communication/ManagedCode.Communication.Tests/bin/Debug/net9.0/ManagedCode.Communication.Tests.dll" adapterTypeName="executor://xunit/VsTestRunner3/netcore/" className="ManagedCode.Communication.Tests.ResultExtensionsTests" name="Map_WithSuccessResult_ShouldTransformValue" />
    </UnitTest>
    <UnitTest name="ManagedCode.Communication.Tests.Results.RailwayOrientedProgrammingTests.Map_WithFailure_ShouldShortCircuit" storage="/users/ksemenenko/developer/communication/managedcode.communication.tests/bin/debug/net9.0/managedcode.communication.tests.dll" id="2863e3f9-7f1d-bf75-8848-3b8f86ca80ef">
      <Execution id="3d5523ac-b0c3-450b-80f4-48b4d9d3506b" />
      <TestMethod codeBase="/Users/ksemenenko/Developer/Communication/ManagedCode.Communication.Tests/bin/Debug/net9.0/ManagedCode.Communication.Tests.dll" adapterTypeName="executor://xunit/VsTestRunner3/netcore/" className="ManagedCode.Communication.Tests.Results.RailwayOrientedProgrammingTests" name="Map_WithFailure_ShouldShortCircuit" />
    </UnitTest>
    <UnitTest name="ManagedCode.Communication.Tests.Results.CollectionResultTests.InvalidFieldError_WithValidationProblem_ShouldReturnErrorMessage" storage="/users/ksemenenko/developer/communication/managedcode.communication.tests/bin/debug/net9.0/managedcode.communication.tests.dll" id="7a125942-0a04-b9bf-5e0a-a73b56af923d">
      <Execution id="957a591b-557b-4c64-b95a-20b434356c5b" />
      <TestMethod codeBase="/Users/ksemenenko/Developer/Communication/ManagedCode.Communication.Tests/bin/Debug/net9.0/ManagedCode.Communication.Tests.dll" adapterTypeName="executor://xunit/VsTestRunner3/netcore/" className="ManagedCode.Communication.Tests.Results.CollectionResultTests" name="InvalidFieldError_WithValidationProblem_ShouldReturnErrorMessage" />
    </UnitTest>
    <UnitTest name="ManagedCode.Communication.Tests.Results.RailwayOrientedProgrammingTests.Match_WithFailure_ShouldExecuteFailureFunction" storage="/users/ksemenenko/developer/communication/managedcode.communication.tests/bin/debug/net9.0/managedcode.communication.tests.dll" id="69beb265-ebe6-f9da-2e10-2e50d1b0f6dd">
      <Execution id="a56adc36-542f-4c88-b422-39401c42c193" />
      <TestMethod codeBase="/Users/ksemenenko/Developer/Communication/ManagedCode.Communication.Tests/bin/Debug/net9.0/ManagedCode.Communication.Tests.dll" adapterTypeName="executor://xunit/VsTestRunner3/netcore/" className="ManagedCode.Communication.Tests.Results.RailwayOrientedProgrammingTests" name="Match_WithFailure_ShouldExecuteFailureFunction" />
    </UnitTest>
    <UnitTest name="ManagedCode.Communication.Tests.Results.ResultTTests.Tap_WithSuccessfulResult_ShouldExecuteAction" storage="/users/ksemenenko/developer/communication/managedcode.communication.tests/bin/debug/net9.0/managedcode.communication.tests.dll" id="9bc3a0c5-2fcf-8c19-b3cf-1cf301730bb6">
      <Execution id="25ce1c76-fafe-46e3-9b58-360405aa38fa" />
      <TestMethod codeBase="/Users/ksemenenko/Developer/Communication/ManagedCode.Communication.Tests/bin/Debug/net9.0/ManagedCode.Communication.Tests.dll" adapterTypeName="executor://xunit/VsTestRunner3/netcore/" className="ManagedCode.Communication.Tests.Results.ResultTTests" name="Tap_WithSuccessfulResult_ShouldExecuteAction" />
    </UnitTest>
    <UnitTest name="ManagedCode.Communication.Tests.Results.ResultTests.ImplicitOperator_FromBool_False_ShouldCreateFailedResult" storage="/users/ksemenenko/developer/communication/managedcode.communication.tests/bin/debug/net9.0/managedcode.communication.tests.dll" id="1984c2a7-7175-dd20-85f7-f923a8979400">
      <Execution id="df2ca06c-db7b-4c7b-b3cb-6594434fb4ad" />
      <TestMethod codeBase="/Users/ksemenenko/Developer/Communication/ManagedCode.Communication.Tests/bin/Debug/net9.0/ManagedCode.Communication.Tests.dll" adapterTypeName="executor://xunit/VsTestRunner3/netcore/" className="ManagedCode.Communication.Tests.Results.ResultTests" name="ImplicitOperator_FromBool_False_ShouldCreateFailedResult" />
    </UnitTest>
    <UnitTest name="ManagedCode.Communication.Tests.Results.CollectionResultTests.ImplicitOperator_ToBool_ShouldReturnIsSuccess" storage="/users/ksemenenko/developer/communication/managedcode.communication.tests/bin/debug/net9.0/managedcode.communication.tests.dll" id="08105b68-db60-bfeb-93e6-92f308ba13b0">
      <Execution id="4ed2a1e7-cac6-43e8-8a0d-46f7a58470ab" />
      <TestMethod codeBase="/Users/ksemenenko/Developer/Communication/ManagedCode.Communication.Tests/bin/Debug/net9.0/ManagedCode.Communication.Tests.dll" adapterTypeName="executor://xunit/VsTestRunner3/netcore/" className="ManagedCode.Communication.Tests.Results.CollectionResultTests" name="ImplicitOperator_ToBool_ShouldReturnIsSuccess" />
    </UnitTest>
    <UnitTest name="ManagedCode.Communication.Tests.Results.ResultTTests.Map_WithSuccessfulResult_ShouldTransformValue" storage="/users/ksemenenko/developer/communication/managedcode.communication.tests/bin/debug/net9.0/managedcode.communication.tests.dll" id="1a7b4271-e223-c8c6-e4e2-6edd35950571">
      <Execution id="6f14c5db-1446-48d8-b210-0e2a21c615a5" />
      <TestMethod codeBase="/Users/ksemenenko/Developer/Communication/ManagedCode.Communication.Tests/bin/Debug/net9.0/ManagedCode.Communication.Tests.dll" adapterTypeName="executor://xunit/VsTestRunner3/netcore/" className="ManagedCode.Communication.Tests.Results.ResultTTests" name="Map_WithSuccessfulResult_ShouldTransformValue" />
    </UnitTest>
    <UnitTest name="ManagedCode.Communication.Tests.OrleansTests.GrainClientTests.ResultError" storage="/users/ksemenenko/developer/communication/managedcode.communication.tests/bin/debug/net9.0/managedcode.communication.tests.dll" id="f7ed2bd9-0dc3-2bb8-cc6b-16f79bea320a">
      <Execution id="1a1e99ea-0658-444d-9004-6b23c302310e" />
      <TestMethod codeBase="/Users/ksemenenko/Developer/Communication/ManagedCode.Communication.Tests/bin/Debug/net9.0/ManagedCode.Communication.Tests.dll" adapterTypeName="executor://xunit/VsTestRunner3/netcore/" className="ManagedCode.Communication.Tests.OrleansTests.GrainClientTests" name="ResultError" />
    </UnitTest>
    <UnitTest name="ManagedCode.Communication.Tests.Results.RailwayOrientedProgrammingTests.Try_WithSuccessfulOperation_ShouldReturnSuccess" storage="/users/ksemenenko/developer/communication/managedcode.communication.tests/bin/debug/net9.0/managedcode.communication.tests.dll" id="9ca104e0-d007-7a8a-297e-78d9692a5c9f">
      <Execution id="da13e0b7-43c5-49a6-87f7-3c56a206e096" />
      <TestMethod codeBase="/Users/ksemenenko/Developer/Communication/ManagedCode.Communication.Tests/bin/Debug/net9.0/ManagedCode.Communication.Tests.dll" adapterTypeName="executor://xunit/VsTestRunner3/netcore/" className="ManagedCode.Communication.Tests.Results.RailwayOrientedProgrammingTests" name="Try_WithSuccessfulOperation_ShouldReturnSuccess" />
    </UnitTest>
    <UnitTest name="ManagedCode.Communication.Tests.ControllerTests.MiddlewareTests.UnauthorizedResult" storage="/users/ksemenenko/developer/communication/managedcode.communication.tests/bin/debug/net9.0/managedcode.communication.tests.dll" id="95480a3b-f488-efa9-b27c-9ab5a18fdec4">
      <Execution id="4e9d34da-d76b-4357-b6e5-6c881c2c0835" />
      <TestMethod codeBase="/Users/ksemenenko/Developer/Communication/ManagedCode.Communication.Tests/bin/Debug/net9.0/ManagedCode.Communication.Tests.dll" adapterTypeName="executor://xunit/VsTestRunner3/netcore/" className="ManagedCode.Communication.Tests.ControllerTests.MiddlewareTests" name="UnauthorizedResult" />
    </UnitTest>
    <UnitTest name="ManagedCode.Communication.Tests.ControllerTests.MiddlewareTests.ForbiddenResult" storage="/users/ksemenenko/developer/communication/managedcode.communication.tests/bin/debug/net9.0/managedcode.communication.tests.dll" id="26d4b90e-eb16-bcef-d101-fb0061a73f05">
      <Execution id="57ac8b18-7db0-46ae-8332-42d4fd9f1577" />
      <TestMethod codeBase="/Users/ksemenenko/Developer/Communication/ManagedCode.Communication.Tests/bin/Debug/net9.0/ManagedCode.Communication.Tests.dll" adapterTypeName="executor://xunit/VsTestRunner3/netcore/" className="ManagedCode.Communication.Tests.ControllerTests.MiddlewareTests" name="ForbiddenResult" />
    </UnitTest>
    <UnitTest name="ManagedCode.Communication.Tests.Results.CollectionResultTests.InvalidField_WithValidationProblem_ShouldReturnCorrectResult" storage="/users/ksemenenko/developer/communication/managedcode.communication.tests/bin/debug/net9.0/managedcode.communication.tests.dll" id="a9049ec7-47e6-1452-0cab-fffe5164f084">
      <Execution id="884293dc-b895-4c97-81ef-aa0e68c9abcc" />
      <TestMethod codeBase="/Users/ksemenenko/Developer/Communication/ManagedCode.Communication.Tests/bin/Debug/net9.0/ManagedCode.Communication.Tests.dll" adapterTypeName="executor://xunit/VsTestRunner3/netcore/" className="ManagedCode.Communication.Tests.Results.CollectionResultTests" name="InvalidField_WithValidationProblem_ShouldReturnCorrectResult" />
    </UnitTest>
    <UnitTest name="ManagedCode.Communication.Tests.Results.RailwayOrientedProgrammingTests.Bind_WithFailure_ShouldShortCircuit" storage="/users/ksemenenko/developer/communication/managedcode.communication.tests/bin/debug/net9.0/managedcode.communication.tests.dll" id="3e2872b7-fb01-c386-1343-80b94b20e5b0">
      <Execution id="725a5662-9c47-4c3d-8713-dfc00a7e6757" />
      <TestMethod codeBase="/Users/ksemenenko/Developer/Communication/ManagedCode.Communication.Tests/bin/Debug/net9.0/ManagedCode.Communication.Tests.dll" adapterTypeName="executor://xunit/VsTestRunner3/netcore/" className="ManagedCode.Communication.Tests.Results.RailwayOrientedProgrammingTests" name="Bind_WithFailure_ShouldShortCircuit" />
    </UnitTest>
    <UnitTest name="ManagedCode.Communication.Tests.ControllerTests.MiddlewareTests.InvalidDataExceptionSignalR" storage="/users/ksemenenko/developer/communication/managedcode.communication.tests/bin/debug/net9.0/managedcode.communication.tests.dll" id="efa28403-4b97-87b5-f2ab-991a214ef2a6">
      <Execution id="1ab1ae0a-1089-428d-b33a-4cda6abb39b0" />
      <TestMethod codeBase="/Users/ksemenenko/Developer/Communication/ManagedCode.Communication.Tests/bin/Debug/net9.0/ManagedCode.Communication.Tests.dll" adapterTypeName="executor://xunit/VsTestRunner3/netcore/" className="ManagedCode.Communication.Tests.ControllerTests.MiddlewareTests" name="InvalidDataExceptionSignalR" />
    </UnitTest>
    <UnitTest name="ManagedCode.Communication.Tests.Results.CollectionResultTests.Succeed_WithArray_ShouldCreateSuccessfulResult" storage="/users/ksemenenko/developer/communication/managedcode.communication.tests/bin/debug/net9.0/managedcode.communication.tests.dll" id="0722ba6b-76b6-1c47-d7d1-0b74ba7f6032">
      <Execution id="548cf9bf-54dd-4121-93a9-db7df30479d4" />
      <TestMethod codeBase="/Users/ksemenenko/Developer/Communication/ManagedCode.Communication.Tests/bin/Debug/net9.0/ManagedCode.Communication.Tests.dll" adapterTypeName="executor://xunit/VsTestRunner3/netcore/" className="ManagedCode.Communication.Tests.Results.CollectionResultTests" name="Succeed_WithArray_ShouldCreateSuccessfulResult" />
    </UnitTest>
    <UnitTest name="ManagedCode.Communication.Tests.ResultExtensionsTests.BindToGeneric_WithSuccessResult_ShouldTransformToResultT" storage="/users/ksemenenko/developer/communication/managedcode.communication.tests/bin/debug/net9.0/managedcode.communication.tests.dll" id="5d1cd7f9-34f0-feb0-45b5-6480e604717e">
      <Execution id="e4832b6b-6161-4882-825f-070e2d0f7c18" />
      <TestMethod codeBase="/Users/ksemenenko/Developer/Communication/ManagedCode.Communication.Tests/bin/Debug/net9.0/ManagedCode.Communication.Tests.dll" adapterTypeName="executor://xunit/VsTestRunner3/netcore/" className="ManagedCode.Communication.Tests.ResultExtensionsTests" name="BindToGeneric_WithSuccessResult_ShouldTransformToResultT" />
    </UnitTest>
    <UnitTest name="ManagedCode.Communication.Tests.ResultExtensionsTests.TapGeneric_WithSuccessResult_ShouldExecuteActionWithValue" storage="/users/ksemenenko/developer/communication/managedcode.communication.tests/bin/debug/net9.0/managedcode.communication.tests.dll" id="924855e1-9194-3b57-9cd1-1c25809360b6">
      <Execution id="5e65a701-2645-4596-892d-a7ecf45a0b65" />
[...]
      Unhandled exception in Test.ManagedCode.Communication.Tests.TestApp.Controllers.TestController.Test2 (ManagedCode.Communication.Tests)
      System.IO.InvalidDataException: InvalidDataException
         at ManagedCode.Communication.Tests.TestApp.Controllers.TestController.Test2() in /Users/ksemenenko/Developer/Communication/ManagedCode.Communication.Tests/Common/TestApp/Controllers/TestController.cs:line 24
         at lambda_method77(Closure, Object, Object[])
         at Microsoft.AspNetCore.Mvc.Infrastructure.ActionMethodExecutor.SyncObjectResultExecutor.Execute(ActionContext actionContext, IActionResultTypeMapper mapper, ObjectMethodExecutor executor, Object controller, Object[] arguments)
         at Microsoft.AspNetCore.Mvc.Infrastructure.ControllerActionInvoker.InvokeActionMethodAsync()
         at Microsoft.AspNetCore.Mvc.Infrastructure.ControllerActionInvoker.Next(State&amp; next, Scope&amp; scope, Object&amp; state, Boolean&amp; isCompleted)
         at Microsoft.AspNetCore.Mvc.Infrastructure.ControllerActionInvoker.InvokeNextActionFilterAsync()
      --- End of stack trace from previous location ---
         at Microsoft.AspNetCore.Mvc.Infrastructure.ControllerActionInvoker.Rethrow(ActionExecutedContextSealed context)
         at Microsoft.AspNetCore.Mvc.Infrastructure.ControllerActionInvoker.Next(State&amp; next, Scope&amp; scope, Object&amp; state, Boolean&amp; isCompleted)
         at Microsoft.AspNetCore.Mvc.Infrastructure.ControllerActionInvoker.InvokeInnerFilterAsync()
      --- End of stack trace from previous location ---
         at Microsoft.AspNetCore.Mvc.Infrastructure.ResourceInvoker.&lt;InvokeNextExceptionFilterAsync&gt;g__Awaited|26_0(ResourceInvoker invoker, Task lastTask, State next, Scope scope, Object state, Boolean isCompleted)
info: ManagedCode.Communication.Extensions.Filters.CommunicationExceptionFilter[0]
      Exception handled by CommunicationExceptionFilter for Test.ManagedCode.Communication.Tests.TestApp.Controllers.TestController.Test2 (ManagedCode.Communication.Tests)
info: Microsoft.AspNetCore.Mvc.Infrastructure.ObjectResultExecutor[1]
      Executing ObjectResult, writing value of type 'ManagedCode.Communication.Result'.
info: Microsoft.AspNetCore.Mvc.Infrastructure.ControllerActionInvoker[105]
      Executed action ManagedCode.Communication.Tests.TestApp.Controllers.TestController.Test2 (ManagedCode.Communication.Tests) in 6.1662ms
info: Microsoft.AspNetCore.Routing.EndpointMiddleware[1]
      Executed endpoint 'ManagedCode.Communication.Tests.TestApp.Controllers.TestController.Test2 (ManagedCode.Communication.Tests)'
info: Microsoft.AspNetCore.Hosting.Diagnostics[2]
      Request finished HTTP/1.1 GET http://localhost/test/test2 - 409 - application/json;+charset=utf-8 8.6495ms
info: Microsoft.AspNetCore.Hosting.Diagnostics[1]
      Request starting HTTP/1.1 GET http://localhost/test/result-unauthorized - - -
info: Microsoft.AspNetCore.Routing.EndpointMiddleware[0]
      Executing endpoint 'ManagedCode.Communication.Tests.TestApp.Controllers.TestController.GetResultUnauthorized (ManagedCode.Communication.Tests)'
info: Microsoft.AspNetCore.Mvc.Infrastructure.ControllerActionInvoker[102]
      Route matched with {action = "GetResultUnauthorized", controller = "Test"}. Executing controller action with signature ManagedCode.Communication.Result GetResultUnauthorized() on controller ManagedCode.Communication.Tests.TestApp.Controllers.TestController (ManagedCode.Communication.Tests).
info: Microsoft.AspNetCore.Mvc.Infrastructure.ObjectResultExecutor[1]
      Executing ObjectResult, writing value of type 'ManagedCode.Communication.Result'.
info: Microsoft.AspNetCore.Mvc.Infrastructure.ControllerActionInvoker[105]
      Executed action ManagedCode.Communication.Tests.TestApp.Controllers.TestController.GetResultUnauthorized (ManagedCode.Communication.Tests) in 0.1917ms
info: Microsoft.AspNetCore.Routing.EndpointMiddleware[1]
      Executed endpoint 'ManagedCode.Communication.Tests.TestApp.Controllers.TestController.GetResultUnauthorized (ManagedCode.Communication.Tests)'
info: Microsoft.AspNetCore.Hosting.Diagnostics[2]
      Request finished HTTP/1.1 GET http://localhost/test/result-unauthorized - 401 - application/json;+charset=utf-8 1.2553ms
info: Microsoft.AspNetCore.Hosting.Diagnostics[1]
      Request starting HTTP/2 POST http://localhost/TestHub/negotiate?negotiateVersion=1 - - -
info: Microsoft.AspNetCore.Routing.EndpointMiddleware[0]
      Executing endpoint 'TestHub/negotiate'
info: Microsoft.AspNetCore.Routing.EndpointMiddleware[1]
      Executed endpoint 'TestHub/negotiate'
info: Microsoft.AspNetCore.Hosting.Diagnostics[2]
      Request finished HTTP/2 POST http://localhost/TestHub/negotiate?negotiateVersion=1 - 200 316 application/json 4.3473ms
info: Microsoft.AspNetCore.Hosting.Diagnostics[1]
      Request starting HTTP/2 POST http://localhost/TestHub/negotiate?negotiateVersion=1 - - -
info: Microsoft.AspNetCore.Routing.EndpointMiddleware[0]
      Executing endpoint 'TestHub/negotiate'
info: Microsoft.AspNetCore.Routing.EndpointMiddleware[1]
      Executed endpoint 'TestHub/negotiate'
info: Microsoft.AspNetCore.Hosting.Diagnostics[2]
      Request finished HTTP/2 POST http://localhost/TestHub/negotiate?negotiateVersion=1 - 200 316 application/json 0.2247ms
info: Microsoft.AspNetCore.Hosting.Diagnostics[1]
      Request starting HTTP/2 GET http://localhost/TestHub?id=lUc3y3yt_aCkhJ7aQTPc_A - - -
info: Microsoft.AspNetCore.Routing.EndpointMiddleware[0]
      Executing endpoint 'TestHub'
info: Microsoft.AspNetCore.Hosting.Diagnostics[1]
      Request starting HTTP/2 POST http://localhost/TestHub?id=lUc3y3yt_aCkhJ7aQTPc_A - - 32
info: Microsoft.AspNetCore.Routing.EndpointMiddleware[0]
      Executing endpoint 'TestHub'
info: Microsoft.AspNetCore.Routing.EndpointMiddleware[1]
      Executed endpoint 'TestHub'
info: Microsoft.AspNetCore.Hosting.Diagnostics[2]
      Request finished HTTP/2 POST http://localhost/TestHub?id=lUc3y3yt_aCkhJ7aQTPc_A - 200 - text/plain 0.7336ms
info: Microsoft.AspNetCore.Hosting.Diagnostics[1]
      Request starting HTTP/2 POST http://localhost/TestHub?id=lUc3y3yt_aCkhJ7aQTPc_A - - 11
info: Microsoft.AspNetCore.Routing.EndpointMiddleware[0]
      Executing endpoint 'TestHub'
info: Microsoft.AspNetCore.Routing.EndpointMiddleware[1]
      Executed endpoint 'TestHub'
info: Microsoft.AspNetCore.Hosting.Diagnostics[2]
      Request finished HTTP/2 POST http://localhost/TestHub?id=lUc3y3yt_aCkhJ7aQTPc_A - 200 - text/plain 0.0750ms
info: Microsoft.AspNetCore.Hosting.Diagnostics[1]
      Request starting HTTP/2 POST http://localhost/TestHub?id=lUc3y3yt_aCkhJ7aQTPc_A - - 63
info: Microsoft.AspNetCore.Routing.EndpointMiddleware[0]
      Executing endpoint 'TestHub'
info: Microsoft.AspNetCore.Routing.EndpointMiddleware[1]
      Executed endpoint 'TestHub'
info: Microsoft.AspNetCore.Hosting.Diagnostics[2]
      Request finished HTTP/2 POST http://localhost/TestHub?id=lUc3y3yt_aCkhJ7aQTPc_A - 200 - text/plain 0.0682ms
info: Microsoft.AspNetCore.Hosting.Diagnostics[1]
      Request starting HTTP/1.1 GET http://localhost/test/result-fail - - -
info: Microsoft.AspNetCore.Routing.EndpointMiddleware[0]
      Executing endpoint 'ManagedCode.Communication.Tests.TestApp.Controllers.TestController.GetResultFail (ManagedCode.Communication.Tests)'
info: Microsoft.AspNetCore.Mvc.Infrastructure.ControllerActionInvoker[102]
      Route matched with {action = "GetResultFail", controller = "Test"}. Executing controller action with signature ManagedCode.Communication.Result GetResultFail() on controller ManagedCode.Communication.Tests.TestApp.Controllers.TestController (ManagedCode.Communication.Tests).
info: Microsoft.AspNetCore.Mvc.Infrastructure.ObjectResultExecutor[1]
      Executing ObjectResult, writing value of type 'ManagedCode.Communication.Result'.
info: Microsoft.AspNetCore.Mvc.Infrastructure.ControllerActionInvoker[105]
      Executed action ManagedCode.Communication.Tests.TestApp.Controllers.TestController.GetResultFail (ManagedCode.Communication.Tests) in 0.2032ms
info: Microsoft.AspNetCore.Routing.EndpointMiddleware[1]
      Executed endpoint 'ManagedCode.Communication.Tests.TestApp.Controllers.TestController.GetResultFail (ManagedCode.Communication.Tests)'
info: Microsoft.AspNetCore.Hosting.Diagnostics[2]
      Request finished HTTP/1.1 GET http://localhost/test/result-fail - 400 - application/json;+charset=utf-8 0.6337ms
info: Microsoft.AspNetCore.Hosting.Diagnostics[1]
      Request starting HTTP/1.1 GET http://localhost/test/result-not-found - - -
info: Microsoft.AspNetCore.Routing.EndpointMiddleware[0]
      Executing endpoint 'ManagedCode.Communication.Tests.TestApp.Controllers.TestController.GetResultNotFound (ManagedCode.Communication.Tests)'
info: Microsoft.AspNetCore.Mvc.Infrastructure.ControllerActionInvoker[102]
      Route matched with {action = "GetResultNotFound", controller = "Test"}. Executing controller action with signature ManagedCode.Communication.Result`1[System.String] GetResultNotFound() on controller ManagedCode.Communication.Tests.TestApp.Controllers.TestController (ManagedCode.Communication.Tests).
info: Microsoft.AspNetCore.Mvc.Infrastructure.ObjectResultExecutor[1]
      Executing ObjectResult, writing value of type 'ManagedCode.Communication.Result`1[[System.String, System.Private.CoreLib, Version=9.0.0.0, Culture=neutral, PublicKeyToken=7cec85d7bea7798e]]'.
info: Microsoft.AspNetCore.Mvc.Infrastructure.ControllerActionInvoker[105]
      Executed action ManagedCode.Communication.Tests.TestApp.Controllers.TestController.GetResultNotFound (ManagedCode.Communication.Tests) in 3.0527ms
info: Microsoft.AspNetCore.Routing.EndpointMiddleware[1]
      Executed endpoint 'ManagedCode.Communication.Tests.TestApp.Controllers.TestController.GetResultNotFound (ManagedCode.Communication.Tests)'
info: Microsoft.AspNetCore.Hosting.Diagnostics[2]
      Request finished HTTP/1.1 GET http://localhost/test/result-not-found - 404 - application/json;+charset=utf-8 3.3697ms
info: Microsoft.AspNetCore.Hosting.Diagnostics[1]
      Request starting HTTP/1.1 GET http://localhost/test/test1 - - -
info: Microsoft.AspNetCore.Routing.EndpointMiddleware[0]
      Executing endpoint 'ManagedCode.Communication.Tests.TestApp.Controllers.TestController.Test1 (ManagedCode.Communication.Tests)'
info: Microsoft.AspNetCore.Mvc.Infrastructure.ControllerActionInvoker[102]
      Route matched with {action = "Test1", controller = "Test"}. Executing controller action with signature Microsoft.AspNetCore.Mvc.ActionResult`1[System.String] Test1() on controller ManagedCode.Communication.Tests.TestApp.Controllers.TestController (ManagedCode.Communication.Tests).
fail: ManagedCode.Communication.Extensions.Filters.CommunicationExceptionFilter[0]
      Unhandled exception in Test.ManagedCode.Communication.Tests.TestApp.Controllers.TestController.Test1 (ManagedCode.Communication.Tests)
      System.ComponentModel.DataAnnotations.ValidationException: ValidationException
         at ManagedCode.Communication.Tests.TestApp.Controllers.TestController.Test1() in /Users/ksemenenko/Developer/Communication/ManagedCode.Communication.Tests/Common/TestApp/Controllers/TestController.cs:line 18
         at lambda_method86(Closure, Object, Object[])
         at Microsoft.AspNetCore.Mvc.Infrastructure.ActionMethodExecutor.SyncObjectResultExecutor.Execute(ActionContext actionContext, IActionResultTypeMapper mapper, ObjectMethodExecutor executor, Object controller, Object[] arguments)
         at Microsoft.AspNetCore.Mvc.Infrastructure.ControllerActionInvoker.InvokeActionMethodAsync()
         at Microsoft.AspNetCore.Mvc.Infrastructure.ControllerActionInvoker.Next(State&amp; next, Scope&amp; scope, Object&amp; state, Boolean&amp; isCompleted)
         at Microsoft.AspNetCore.Mvc.Infrastructure.ControllerActionInvoker.InvokeNextActionFilterAsync()
      --- End of stack trace from previous location ---
         at Microsoft.AspNetCore.Mvc.Infrastructure.ControllerActionInvoker.Rethrow(ActionExecutedContextSealed context)
         at Microsoft.AspNetCore.Mvc.Infrastructure.ControllerActionInvoker.Next(State&amp; next, Scope&amp; scope, Object&amp; state, Boolean&amp; isCompleted)
         at Microsoft.AspNetCore.Mvc.Infrastructure.ControllerActionInvoker.InvokeInnerFilterAsync()
      --- End of stack trace from previous location ---
         at Microsoft.AspNetCore.Mvc.Infrastructure.ResourceInvoker.&lt;InvokeNextExceptionFilterAsync&gt;g__Awaited|26_0(ResourceInvoker invoker, Task lastTask, State next, Scope scope, Object state, Boolean isCompleted)
info: ManagedCode.Communication.Extensions.Filters.CommunicationExceptionFilter[0]
      Exception handled by CommunicationExceptionFilter for Test.ManagedCode.Communication.Tests.TestApp.Controllers.TestController.Test1 (ManagedCode.Communication.Tests)
info: Microsoft.AspNetCore.Mvc.Infrastructure.ObjectResultExecutor[1]
      Executing ObjectResult, writing value of type 'ManagedCode.Communication.Result'.
info: Microsoft.AspNetCore.Mvc.Infrastructure.ControllerActionInvoker[105]
      Executed action ManagedCode.Communication.Tests.TestApp.Controllers.TestController.Test1 (ManagedCode.Communication.Tests) in 0.4148ms
info: Microsoft.AspNetCore.Routing.EndpointMiddleware[1]
      Executed endpoint 'ManagedCode.Communication.Tests.TestApp.Controllers.TestController.Test1 (ManagedCode.Communication.Tests)'
info: Microsoft.AspNetCore.Hosting.Diagnostics[2]
      Request finished HTTP/1.1 GET http://localhost/test/test1 - 500 - application/json;+charset=utf-8 0.8331ms
info: Microsoft.AspNetCore.Hosting.Diagnostics[1]
      Request starting HTTP/2 POST http://localhost/TestHub/negotiate?negotiateVersion=1 - - -
info: Microsoft.AspNetCore.Routing.EndpointMiddleware[0]
      Executing endpoint 'TestHub/negotiate'
info: Microsoft.AspNetCore.Routing.EndpointMiddleware[1]
      Executed endpoint 'TestHub/negotiate'
info: Microsoft.AspNetCore.Hosting.Diagnostics[2]
      Request finished HTTP/2 POST http://localhost/TestHub/negotiate?negotiateVersion=1 - 200 316 application/json 0.1575ms
info: Microsoft.AspNetCore.Hosting.Diagnostics[1]
      Request starting HTTP/2 POST http://localhost/TestHub/negotiate?negotiateVersion=1 - - -
info: Microsoft.AspNetCore.Routing.EndpointMiddleware[0]
      Executing endpoint 'TestHub/negotiate'
info: Microsoft.AspNetCore.Routing.EndpointMiddleware[1]
      Executed endpoint 'TestHub/negotiate'
info: Microsoft.AspNetCore.Hosting.Diagnostics[2]
      Request finished HTTP/2 POST http://localhost/TestHub/negotiate?negotiateVersion=1 - 200 316 application/json 0.0719ms
info: Microsoft.AspNetCore.Hosting.Diagnostics[1]
      Request starting HTTP/2 GET http://localhost/TestHub?id=GlSvyTCGE18ANquVn1S8zA - - -
info: Microsoft.AspNetCore.Routing.EndpointMiddleware[0]
      Executing endpoint 'TestHub'
info: Microsoft.AspNetCore.Hosting.Diagnostics[1]
      Request starting HTTP/2 POST http://localhost/TestHub?id=GlSvyTCGE18ANquVn1S8zA - - 32
info: Microsoft.AspNetCore.Routing.EndpointMiddleware[0]
      Executing endpoint 'TestHub'
info: Microsoft.AspNetCore.Routing.EndpointMiddleware[1]
      Executed endpoint 'TestHub'
info: Microsoft.AspNetCore.Hosting.Diagnostics[2]
      Request finished HTTP/2 POST http://localhost/TestHub?id=GlSvyTCGE18ANquVn1S8zA - 200 - text/plain 0.0554ms
info: Microsoft.AspNetCore.Hosting.Diagnostics[1]
      Request starting HTTP/2 POST http://localhost/TestHub?id=GlSvyTCGE18ANquVn1S8zA - - 11
info: Microsoft.AspNetCore.Routing.EndpointMiddleware[0]
      Executing endpoint 'TestHub'
info: Microsoft.AspNetCore.Routing.EndpointMiddleware[1]
      Executed endpoint 'TestHub'
info: Microsoft.AspNetCore.Hosting.Diagnostics[2]
      Request finished HTTP/2 POST http://localhost/TestHub?id=GlSvyTCGE18ANquVn1S8zA - 200 - text/plain 0.0782ms
info: Microsoft.AspNetCore.Hosting.Diagnostics[1]
      Request starting HTTP/2 POST http://localhost/TestHub?id=GlSvyTCGE18ANquVn1S8zA - - 62
info: Microsoft.AspNetCore.Routing.EndpointMiddleware[0]
      Executing endpoint 'TestHub'
info: Microsoft.AspNetCore.Routing.EndpointMiddleware[1]
      Executed endpoint 'TestHub'
info: Microsoft.AspNetCore.Hosting.Diagnostics[2]
      Request finished HTTP/2 POST http://localhost/TestHub?id=GlSvyTCGE18ANquVn1S8zA - 200 - text/plain 0.0629ms
fail: ManagedCode.Communication.Extensions.Filters.CommunicationHubExceptionFilter[0]
      Unhandled exception in hub method TestHub.Throw
      System.IO.InvalidDataException: InvalidDataException
         at ManagedCode.Communication.Tests.TestApp.Controllers.TestHub.Throw() in /Users/ksemenenko/Developer/Communication/ManagedCode.Communication.Tests/Common/TestApp/Controllers/TestHub.cs:line 17
         at lambda_method71(Closure, Object, Object[])
         at Microsoft.AspNetCore.SignalR.Internal.DefaultHubDispatcher`1.ExecuteMethod(ObjectMethodExecutor methodExecutor, Hub hub, Object[] arguments)
         at ManagedCode.Communication.Extensions.Filters.CommunicationHubExceptionFilter.InvokeMethodAsync(HubInvocationContext invocationContext, Func`2 next) in /Users/ksemenenko/Developer/Communication/ManagedCode.Communication.Extensions/Filters/CommunicationHubExceptionFilter.cs:line 17
info: Microsoft.AspNetCore.Hosting.Diagnostics[1]
      Request starting HTTP/1.1 GET http://localhost/test/test3 - - -
info: Microsoft.AspNetCore.Authorization.DefaultAuthorizationService[2]
      Authorization failed. These requirements were not met:
      DenyAnonymousAuthorizationRequirement: Requires an authenticated user.
info: ManagedCode.Communication.Tests.Common.TestApp.TestAuthenticationHandler[12]
      AuthenticationScheme: Test was challenged.
info: Microsoft.AspNetCore.Hosting.Diagnostics[2]
      Request finished HTTP/1.1 GET http://localhost/test/test3 - 401 - - 1.5132ms
info: Microsoft.AspNetCore.Hosting.Diagnostics[1]
      Request starting HTTP/1.1 GET http://localhost/test/result-forbidden - - -
info: Microsoft.AspNetCore.Routing.EndpointMiddleware[0]
      Executing endpoint 'ManagedCode.Communication.Tests.TestApp.Controllers.TestController.GetResultForbidden (ManagedCode.Communication.Tests)'
info: Microsoft.AspNetCore.Mvc.Infrastructure.ControllerActionInvoker[102]
      Route matched with {action = "GetResultForbidden", controller = "Test"}. Executing controller action with signature ManagedCode.Communication.Result GetResultForbidden() on controller ManagedCode.Communication.Tests.TestApp.Controllers.TestController (ManagedCode.Communication.Tests).
info: Microsoft.AspNetCore.Mvc.Infrastructure.ObjectResultExecutor[1]
      Executing ObjectResult, writing value of type 'ManagedCode.Communication.Result'.
info: Microsoft.AspNetCore.Mvc.Infrastructure.ControllerActionInvoker[105]
      Executed action ManagedCode.Communication.Tests.TestApp.Controllers.TestController.GetResultForbidden (ManagedCode.Communication.Tests) in 0.1807ms
info: Microsoft.AspNetCore.Routing.EndpointMiddleware[1]
      Executed endpoint 'ManagedCode.Communication.Tests.TestApp.Controllers.TestController.GetResultForbidden (ManagedCode.Communication.Tests)'
info: Microsoft.AspNetCore.Hosting.Diagnostics[2]
      Request finished HTTP/1.1 GET http://localhost/test/result-forbidden - 403 - application/json;+charset=utf-8 0.6117ms
info: Microsoft.AspNetCore.Routing.EndpointMiddleware[1]
      Executed endpoint 'TestHub'
info: Microsoft.AspNetCore.Routing.EndpointMiddleware[1]
      Executed endpoint 'TestHub'
info: Microsoft.AspNetCore.Hosting.Diagnostics[2]
      Request finished HTTP/2 GET http://localhost/TestHub?id=lUc3y3yt_aCkhJ7aQTPc_A - 200 - text/event-stream 120.0250ms
info: Microsoft.AspNetCore.Hosting.Diagnostics[2]
      Request finished HTTP/2 GET http://localhost/TestHub?id=GlSvyTCGE18ANquVn1S8zA - 200 - text/event-stream 76.1177ms
[xUnit.net 00:00:01.06]   Finished:    ManagedCode.Communication.Tests
</StdOut>
    </Output>
  </ResultSummary>
</TestRun>