<?xml version="1.0" encoding="utf-8"?>
<TestRun id="a73ba7ef-d546-42c3-844d-fc3ad94f7401" name="@konstantins-macbook-pro 2025-08-06 22:40:12" xmlns="http://microsoft.com/schemas/VisualStudio/TeamTest/2010">
  <Times creation="2025-08-06T22:40:12.5694640+02:00" queuing="2025-08-06T22:40:12.5694650+02:00" start="2025-08-06T22:40:12.1237690+02:00" finish="2025-08-06T22:40:12.8007230+02:00" />
  <TestSettings name="default" id="9e90b3ee-f991-4a4f-b8f2-0b6f1bb63f53">
    <Deployment runDeploymentRoot="_konstantins-macbook-pro_2025-08-06_22_40_12" />
  </TestSettings>
  <Results>
    <UnitTestResult executionId="78170e07-d57b-4a6d-afc6-30da9ef42287" testId="c9b0bf8f-b32e-afc0-1ba5-d7dd67234a1b" testName="ManagedCode.Communication.Tests.CollectionResults.CollectionResultFromMethodsTests.From_FuncValueTaskThrowingException_ShouldReturnFailedResult" computerName="konstantins-macbook-pro" duration="00:00:00.0005374" startTime="2025-08-06T22:40:12.7670350+02:00" endTime="2025-08-06T22:40:12.7675400+02:00" testType="13cdc9d9-ddb5-4fa4-a97d-d965ccfc6d4b" outcome="Passed" testListId="8c84fa94-04c1-424b-9868-57a2d4851a1d" relativeResultsDirectory="78170e07-d57b-4a6d-afc6-30da9ef42287" />
    <UnitTestResult executionId="a6054306-9f29-4396-8d63-1ee608fbd83b" testId="670aed6d-afc8-2205-1f3b-fa065414e4d4" testName="ManagedCode.Communication.Tests.CollectionResults.CollectionResultFailMethodsTests.Fail_WithSpecialCharacters_ShouldHandleCorrectly" computerName="konstantins-macbook-pro" duration="00:00:00.0001418" startTime="2025-08-06T22:40:12.5511830+02:00" endTime="2025-08-06T22:40:12.5512050+02:00" testType="13cdc9d9-ddb5-4fa4-a97d-d965ccfc6d4b" outcome="Passed" testListId="8c84fa94-04c1-424b-9868-57a2d4851a1d" relativeResultsDirectory="a6054306-9f29-4396-8d63-1ee608fbd83b" />
    <UnitTestResult executionId="9b6b1014-59b9-4627-af1c-5a1b592ad536" testId="e9afcaf2-7818-aac4-97f5-27c1d6e7b6c2" testName="ManagedCode.Communication.Tests.CollectionResults.CollectionResultFailMethodsTests.Fail_WithLargeCollection_ShouldPreserveAllItems" computerName="konstantins-macbook-pro" duration="00:00:00.0003806" startTime="2025-08-06T22:40:12.5496910+02:00" endTime="2025-08-06T22:40:12.5497140+02:00" testType="13cdc9d9-ddb5-4fa4-a97d-d965ccfc6d4b" outcome="Passed" testListId="8c84fa94-04c1-424b-9868-57a2d4851a1d" relativeResultsDirectory="9b6b1014-59b9-4627-af1c-5a1b592ad536" />
    <UnitTestResult executionId="7efe07b6-4d6f-4f25-9335-ab21e7c63790" testId="261108eb-e4aa-9aa8-08d4-1bd3d2b96ec0" testName="ManagedCode.Communication.Tests.CollectionResults.CollectionResultFromMethodsTests.From_TaskReturningList_ShouldCreateSuccessResult" computerName="konstantins-macbook-pro" duration="00:00:00.0032228" startTime="2025-08-06T22:40:12.5499900+02:00" endTime="2025-08-06T22:40:12.5512580+02:00" testType="13cdc9d9-ddb5-4fa4-a97d-d965ccfc6d4b" outcome="Passed" testListId="8c84fa94-04c1-424b-9868-57a2d4851a1d" relativeResultsDirectory="7efe07b6-4d6f-4f25-9335-ab21e7c63790" />
    <UnitTestResult executionId="0a51af7e-7c22-425e-bb88-82f58d3651e6" testId="ce37d29c-9229-7c0c-b4e5-a6fef8dbd478" testName="ManagedCode.Communication.Tests.CollectionResults.CollectionResultFromMethodsTests.From_FuncReturningEmptyArray_ShouldCreateEmptySuccessResult" computerName="konstantins-macbook-pro" duration="00:00:00.0003106" startTime="2025-08-06T22:40:12.5587560+02:00" endTime="2025-08-06T22:40:12.5590700+02:00" testType="13cdc9d9-ddb5-4fa4-a97d-d965ccfc6d4b" outcome="Passed" testListId="8c84fa94-04c1-424b-9868-57a2d4851a1d" relativeResultsDirectory="0a51af7e-7c22-425e-bb88-82f58d3651e6" />
    <UnitTestResult executionId="d89aff08-81c4-43fb-9b2f-437acc1a4019" testId="f6e5cff2-2693-3b1e-77a2-42903b6a4613" testName="ManagedCode.Communication.Tests.CollectionResults.CollectionResultFailMethodsTests.Fail_WithExceptionAndStatus_ShouldCreateFailedResultWithSpecifiedStatus" computerName="konstantins-macbook-pro" duration="00:00:00.0005151" startTime="2025-08-06T22:40:12.5509520+02:00" endTime="2025-08-06T22:40:12.5509760+02:00" testType="13cdc9d9-ddb5-4fa4-a97d-d965ccfc6d4b" outcome="Passed" testListId="8c84fa94-04c1-424b-9868-57a2d4851a1d" relativeResultsDirectory="d89aff08-81c4-43fb-9b2f-437acc1a4019" />
    <UnitTestResult executionId="425049ff-6007-4b99-a100-1cbe540c7c7b" testId="392de4af-d461-7c5b-310a-021cf63d1384" testName="ManagedCode.Communication.Tests.CollectionResults.CollectionResultFromMethodsTests.From_FuncValueTaskEnumerable_ShouldCreateSuccessResult" computerName="konstantins-macbook-pro" duration="00:00:00.0043902" startTime="2025-08-06T22:40:12.7616450+02:00" endTime="2025-08-06T22:40:12.7660300+02:00" testType="13cdc9d9-ddb5-4fa4-a97d-d965ccfc6d4b" outcome="Passed" testListId="8c84fa94-04c1-424b-9868-57a2d4851a1d" relativeResultsDirectory="425049ff-6007-4b99-a100-1cbe540c7c7b" />
    <UnitTestResult executionId="aec42377-34ea-45c7-b625-458f961a6972" testId="94cb383a-2d02-5e8f-afee-a16f5b980b05" testName="ManagedCode.Communication.Tests.CollectionResults.CollectionResultFailMethodsTests.Fail_WithEnumDetailAndStatus_ShouldCreateFailedResultWithAllSpecified" computerName="konstantins-macbook-pro" duration="00:00:00.0005310" startTime="2025-08-06T22:40:12.5492290+02:00" endTime="2025-08-06T22:40:12.5493180+02:00" testType="13cdc9d9-ddb5-4fa4-a97d-d965ccfc6d4b" outcome="Passed" testListId="8c84fa94-04c1-424b-9868-57a2d4851a1d" relativeResultsDirectory="aec42377-34ea-45c7-b625-458f961a6972" />
    <UnitTestResult executionId="689e5f4f-467d-409a-aab8-9d85f8ba127e" testId="9c7edae4-dba8-a18a-c5ee-0aa71baa7577" testName="ManagedCode.Communication.Tests.CollectionResults.CollectionResultFromMethodsTests.From_GenericFailedCollectionResultWithProblem_ShouldReturnFailedResult" computerName="konstantins-macbook-pro" duration="00:00:00.0004279" startTime="2025-08-06T22:40:12.5513400+02:00" endTime="2025-08-06T22:40:12.5514400+02:00" testType="13cdc9d9-ddb5-4fa4-a97d-d965ccfc6d4b" outcome="Passed" testListId="8c84fa94-04c1-424b-9868-57a2d4851a1d" relativeResultsDirectory="689e5f4f-467d-409a-aab8-9d85f8ba127e" />
    <UnitTestResult executionId="cdb171e1-089b-4f68-937b-91eb2430bcd2" testId="5daf60bc-d3db-b08c-c8ea-5261b3f91cd1" testName="ManagedCode.Communication.Tests.CollectionResults.CollectionResultFailMethodsTests.Fail_ChainedOperations_ShouldMaintainFailureState" computerName="konstantins-macbook-pro" duration="00:00:00.0005019" startTime="2025-08-06T22:40:12.5514170+02:00" endTime="2025-08-06T22:40:12.5518190+02:00" testType="13cdc9d9-ddb5-4fa4-a97d-d965ccfc6d4b" outcome="Passed" testListId="8c84fa94-04c1-424b-9868-57a2d4851a1d" relativeResultsDirectory="cdb171e1-089b-4f68-937b-91eb2430bcd2" />
    <UnitTestResult executionId="cd608d3b-71c2-48e7-86b1-72d96ae7bb04" testId="2b85e6a6-b085-3693-8351-fe312faa0712" testName="ManagedCode.Communication.Tests.CollectionResults.CollectionResultFailMethodsTests.Fail_NoParameters_ShouldCreateFailedResult" computerName="konstantins-macbook-pro" duration="00:00:00.0012859" startTime="2025-08-06T22:40:12.5495020+02:00" endTime="2025-08-06T22:40:12.5495320+02:00" testType="13cdc9d9-ddb5-4fa4-a97d-d965ccfc6d4b" outcome="Passed" testListId="8c84fa94-04c1-424b-9868-57a2d4851a1d" relativeResultsDirectory="cd608d3b-71c2-48e7-86b1-72d96ae7bb04" />
    <UnitTestResult executionId="5bd8b621-40cb-4c82-946c-e7daa5aeba5f" testId="de19ba09-da48-16a7-e578-ccf66f701e6a" testName="ManagedCode.Communication.Tests.CollectionResults.CollectionResultFromMethodsTests.From_FuncWithSideEffects_ShouldExecuteOnce" computerName="konstantins-macbook-pro" duration="00:00:00.0002240" startTime="2025-08-06T22:40:12.5649500+02:00" endTime="2025-08-06T22:40:12.5649790+02:00" testType="13cdc9d9-ddb5-4fa4-a97d-d965ccfc6d4b" outcome="Passed" testListId="8c84fa94-04c1-424b-9868-57a2d4851a1d" relativeResultsDirectory="5bd8b621-40cb-4c82-946c-e7daa5aeba5f" />
    <UnitTestResult executionId="5861e2a6-99f7-47f7-8c48-565e8f04d556" testId="1a2bce7c-5d7c-740b-8a3b-5357d8d90197" testName="ManagedCode.Communication.Tests.CollectionResults.CollectionResultFailMethodsTests.Fail_WithTitleAndDetail_ShouldCreateFailedResultWithDefaultStatus" computerName="konstantins-macbook-pro" duration="00:00:00.0001546" startTime="2025-08-06T22:40:12.5528450+02:00" endTime="2025-08-06T22:40:12.5528690+02:00" testType="13cdc9d9-ddb5-4fa4-a97d-d965ccfc6d4b" outcome="Passed" testListId="8c84fa94-04c1-424b-9868-57a2d4851a1d" relativeResultsDirectory="5861e2a6-99f7-47f7-8c48-565e8f04d556" />
    <UnitTestResult executionId="247a148a-fd5b-490a-b3b7-b5087aff9068" testId="3d40653d-19a3-c289-4128-980e5c453274" testName="ManagedCode.Communication.Tests.CollectionResults.CollectionResultFromMethodsTests.From_FuncValueTaskCollectionResult_ShouldReturnResult" computerName="konstantins-macbook-pro" duration="00:00:00.0007665" startTime="2025-08-06T22:40:12.6686630+02:00" endTime="2025-08-06T22:40:12.6693840+02:00" testType="13cdc9d9-ddb5-4fa4-a97d-d965ccfc6d4b" outcome="Passed" testListId="8c84fa94-04c1-424b-9868-57a2d4851a1d" relativeResultsDirectory="247a148a-fd5b-490a-b3b7-b5087aff9068" />
    <UnitTestResult executionId="b6d1ffc5-6fff-467e-9324-769c9bac30d7" testId="e1f1b1be-faf7-e984-f9a4-c2a361ef2de8" testName="ManagedCode.Communication.Tests.CollectionResults.CollectionResultFailMethodsTests.Fail_WithVariousStatusCodes_ShouldSetCorrectStatusCode(statusCode: Forbidden, expectedCode: 403)" computerName="konstantins-macbook-pro" duration="00:00:00.0063187" startTime="2025-08-06T22:40:12.5196580+02:00" endTime="2025-08-06T22:40:12.5284420+02:00" testType="13cdc9d9-ddb5-4fa4-a97d-d965ccfc6d4b" outcome="Passed" testListId="8c84fa94-04c1-424b-9868-57a2d4851a1d" relativeResultsDirectory="b6d1ffc5-6fff-467e-9324-769c9bac30d7" />
    <UnitTestResult executionId="2ab0693e-19c5-4387-97a7-0d93293474bb" testId="b54351a3-66ec-0964-2aea-e5e40f7e02d7" testName="ManagedCode.Communication.Tests.CollectionResults.CollectionResultFromMethodsTests.From_FuncReturningNull_ShouldCreateFailedResultDueToNullReference" computerName="konstantins-macbook-pro" duration="00:00:00.0002952" startTime="2025-08-06T22:40:12.5618000+02:00" endTime="2025-08-06T22:40:12.5620230+02:00" testType="13cdc9d9-ddb5-4fa4-a97d-d965ccfc6d4b" outcome="Passed" testListId="8c84fa94-04c1-424b-9868-57a2d4851a1d" relativeResultsDirectory="2ab0693e-19c5-4387-97a7-0d93293474bb" />
    <UnitTestResult executionId="8578a514-2e26-4f3e-a98f-337e1606bda8" testId="f435fded-0773-20b6-5c22-8fc126f24cdf" testName="ManagedCode.Communication.Tests.CollectionResults.CollectionResultFailMethodsTests.Fail_WithHttpStatusEnum_ShouldUseEnumValueAsStatusCode" computerName="konstantins-macbook-pro" duration="00:00:00.0011882" startTime="2025-08-06T22:40:12.5508600+02:00" endTime="2025-08-06T22:40:12.5508870+02:00" testType="13cdc9d9-ddb5-4fa4-a97d-d965ccfc6d4b" outcome="Passed" testListId="8c84fa94-04c1-424b-9868-57a2d4851a1d" relativeResultsDirectory="8578a514-2e26-4f3e-a98f-337e1606bda8" />
    <UnitTestResult executionId="7a345708-62fe-44d5-8823-cb8c54b8728e" testId="d0ff1c73-209e-eeb1-2afd-642ead9760a6" testName="ManagedCode.Communication.Tests.CollectionResults.CollectionResultFailMethodsTests.Fail_WithEnumAndDetail_ShouldCreateFailedResultWithErrorCodeAndDetail" computerName="konstantins-macbook-pro" duration="00:00:00.0002228" startTime="2025-08-06T22:40:12.5523300+02:00" endTime="2025-08-06T22:40:12.5523510+02:00" testType="13cdc9d9-ddb5-4fa4-a97d-d965ccfc6d4b" outcome="Passed" testListId="8c84fa94-04c1-424b-9868-57a2d4851a1d" relativeResultsDirectory="7a345708-62fe-44d5-8823-cb8c54b8728e" />
    <UnitTestResult executionId="374da66e-4478-461c-bb56-790b6d77b8c9" testId="5fcc6bb5-5034-60d9-130d-fe126a4d45b8" testName="ManagedCode.Communication.Tests.CollectionResults.CollectionResultFailMethodsTests.Fail_WithEnumerable_ShouldCreateFailedResultWithItems" computerName="konstantins-macbook-pro" duration="00:00:00.0008758" startTime="2025-08-06T22:40:12.5498480+02:00" endTime="2025-08-06T22:40:12.5498700+02:00" testType="13cdc9d9-ddb5-4fa4-a97d-d965ccfc6d4b" outcome="Passed" testListId="8c84fa94-04c1-424b-9868-57a2d4851a1d" relativeResultsDirectory="374da66e-4478-461c-bb56-790b6d77b8c9" />
    <UnitTestResult executionId="63cfa405-2c41-4575-8610-d0cff7680fc5" testId="3d9f20f0-96d2-34ea-57ab-5c0f35cc018c" testName="ManagedCode.Communication.Tests.CollectionResults.CollectionResultFromMethodsTests.From_FuncTaskEnumerable_ShouldCreateSuccessResult" computerName="konstantins-macbook-pro" duration="00:00:00.0147262" startTime="2025-08-06T22:40:12.5517940+02:00" endTime="2025-08-06T22:40:12.5582150+02:00" testType="13cdc9d9-ddb5-4fa4-a97d-d965ccfc6d4b" outcome="Passed" testListId="8c84fa94-04c1-424b-9868-57a2d4851a1d" relativeResultsDirectory="63cfa405-2c41-4575-8610-d0cff7680fc5" />
    <UnitTestResult executionId="804adec2-0553-4afa-94d3-396c22912458" testId="629bd067-7ea5-d193-55b4-3e52534b91b0" testName="ManagedCode.Communication.Tests.CollectionResults.CollectionResultFromMethodsTests.From_TaskReturningCollectionResult_ShouldReturnSameResult" computerName="konstantins-macbook-pro" duration="00:00:00.0005391" startTime="2025-08-06T22:40:12.7264340+02:00" endTime="2025-08-06T22:40:12.7269100+02:00" testType="13cdc9d9-ddb5-4fa4-a97d-d965ccfc6d4b" outcome="Passed" testListId="8c84fa94-04c1-424b-9868-57a2d4851a1d" relativeResultsDirectory="804adec2-0553-4afa-94d3-396c22912458" />
    <UnitTestResult executionId="c02c1d0b-79b6-4bd1-b195-917f063a5054" testId="d5e79021-8e56-47e1-e0da-836c7f362c97" testName="ManagedCode.Communication.Tests.CollectionResults.CollectionResultFailMethodsTests.FailForbidden_WithDetail_ShouldCreateForbiddenResultWithCustomDetail" computerName="konstantins-macbook-pro" duration="00:00:00.0001177" startTime="2025-08-06T22:40:12.5521810+02:00" endTime="2025-08-06T22:40:12.5522040+02:00" testType="13cdc9d9-ddb5-4fa4-a97d-d965ccfc6d4b" outcome="Passed" testListId="8c84fa94-04c1-424b-9868-57a2d4851a1d" relativeResultsDirectory="c02c1d0b-79b6-4bd1-b195-917f063a5054" />
    <UnitTestResult executionId="637aa68e-66ca-4418-98e4-2db202436610" testId="54738bb4-b334-dcd1-6ce6-da8fdb23ce1a" testName="ManagedCode.Communication.Tests.CollectionResults.CollectionResultFailMethodsTests.Fail_WithTitle_ShouldCreateFailedResultWithInternalServerError" computerName="konstantins-macbook-pro" duration="00:00:00.0001527" startTime="2025-08-06T22:40:12.5522570+02:00" endTime="2025-08-06T22:40:12.5522790+02:00" testType="13cdc9d9-ddb5-4fa4-a97d-d965ccfc6d4b" outcome="Passed" testListId="8c84fa94-04c1-424b-9868-57a2d4851a1d" relativeResultsDirectory="637aa68e-66ca-4418-98e4-2db202436610" />
    <UnitTestResult executionId="cde8544b-b80f-4617-bb4b-902995257f69" testId="29839775-d400-0a7a-0eaf-63aa5f9e74a9" testName="ManagedCode.Communication.Tests.CollectionResults.CollectionResultFailMethodsTests.FailValidation_WithSingleError_ShouldCreateValidationFailedResult" computerName="konstantins-macbook-pro" duration="00:00:00.0010826" startTime="2025-08-06T22:40:12.5519540+02:00" endTime="2025-08-06T22:40:12.5519770+02:00" testType="13cdc9d9-ddb5-4fa4-a97d-d965ccfc6d4b" outcome="Passed" testListId="8c84fa94-04c1-424b-9868-57a2d4851a1d" relativeResultsDirectory="cde8544b-b80f-4617-bb4b-902995257f69" />
    <UnitTestResult executionId="eba9af5c-33b3-4771-acf5-97f4bf970e14" testId="45cd799b-b041-7972-1933-31bb68393544" testName="ManagedCode.Communication.Tests.CollectionResults.CollectionResultFailMethodsTests.Fail_WithVeryLongStrings_ShouldHandleCorrectly" computerName="konstantins-macbook-pro" duration="00:00:00.0001733" startTime="2025-08-06T22:40:12.5529220+02:00" endTime="2025-08-06T22:40:12.5529470+02:00" testType="13cdc9d9-ddb5-4fa4-a97d-d965ccfc6d4b" outcome="Passed" testListId="8c84fa94-04c1-424b-9868-57a2d4851a1d" relativeResultsDirectory="eba9af5c-33b3-4771-acf5-97f4bf970e14" />
    <UnitTestResult executionId="ee8cd0bb-dd9b-4eaf-b546-787011e31b5a" testId="ac82514e-82f3-4065-a2b1-92de92c3b5d4" testName="ManagedCode.Communication.Tests.CollectionResults.CollectionResultFailMethodsTests.FailForbidden_NoParameters_ShouldCreateForbiddenResult" computerName="konstantins-macbook-pro" duration="00:00:00.0001743" startTime="2025-08-06T22:40:12.5527640+02:00" endTime="2025-08-06T22:40:12.5527880+02:00" testType="13cdc9d9-ddb5-4fa4-a97d-d965ccfc6d4b" outcome="Passed" testListId="8c84fa94-04c1-424b-9868-57a2d4851a1d" relativeResultsDirectory="ee8cd0bb-dd9b-4eaf-b546-787011e31b5a" />
    <UnitTestResult executionId="7e4e3749-8e1f-4630-a96a-dab2880b6616" testId="01b8812e-ccae-4916-6877-6357d55b1d4d" testName="ManagedCode.Communication.Tests.CollectionResults.CollectionResultFromMethodsTests.From_FuncReturningEnumerable_ShouldCreateSuccessResult" computerName="konstantins-macbook-pro" duration="00:00:00.0003963" startTime="2025-08-06T22:40:12.7451420+02:00" endTime="2025-08-06T22:40:12.7455150+02:00" testType="13cdc9d9-ddb5-4fa4-a97d-d965ccfc6d4b" outcome="Passed" testListId="8c84fa94-04c1-424b-9868-57a2d4851a1d" relativeResultsDirectory="7e4e3749-8e1f-4630-a96a-dab2880b6616" />
    <UnitTestResult executionId="015b91ed-85ca-4131-87e6-2f8e4e29b265" testId="bc225918-98fd-4d8f-87ce-a283504ff818" testName="ManagedCode.Communication.Tests.CollectionResults.CollectionResultFromMethodsTests.From_FuncValueTaskArray_ShouldCreateSuccessResult" computerName="konstantins-macbook-pro" duration="00:00:00.0013594" startTime="2025-08-06T22:40:12.5625400+02:00" endTime="2025-08-06T22:40:12.5638610+02:00" testType="13cdc9d9-ddb5-4fa4-a97d-d965ccfc6d4b" outcome="Passed" testListId="8c84fa94-04c1-424b-9868-57a2d4851a1d" relativeResultsDirectory="015b91ed-85ca-4131-87e6-2f8e4e29b265" />
    <UnitTestResult executionId="68c2db74-c3da-41ab-81da-b19a2b8c1693" testId="a732ecdf-009d-4fc3-3846-806e90a131ab" testName="ManagedCode.Communication.Tests.CollectionResults.CollectionResultFailMethodsTests.FailNotFound_NoParameters_ShouldCreateNotFoundResult" computerName="konstantins-macbook-pro" duration="00:00:00.0002692" startTime="2025-08-06T22:40:12.5520320+02:00" endTime="2025-08-06T22:40:12.5520540+02:00" testType="13cdc9d9-ddb5-4fa4-a97d-d965ccfc6d4b" outcome="Passed" testListId="8c84fa94-04c1-424b-9868-57a2d4851a1d" relativeResultsDirectory="68c2db74-c3da-41ab-81da-b19a2b8c1693" />
    <UnitTestResult executionId="ef2f54b8-7b2a-48b3-90af-462b7e58d4d8" testId="7e46dd07-4366-27a0-3009-4a77bc548fa9" testName="ManagedCode.Communication.Tests.CollectionResults.CollectionResultFromMethodsTests.From_ValueTaskReturningCollectionResult_ShouldReturnSameResult" computerName="konstantins-macbook-pro" duration="00:00:00.0013117" startTime="2025-08-06T22:40:12.7574870+02:00" endTime="2025-08-06T22:40:12.7587480+02:00" testType="13cdc9d9-ddb5-4fa4-a97d-d965ccfc6d4b" outcome="Passed" testListId="8c84fa94-04c1-424b-9868-57a2d4851a1d" relativeResultsDirectory="ef2f54b8-7b2a-48b3-90af-462b7e58d4d8" />
    <UnitTestResult executionId="075079dc-ed8b-48ea-8279-3965a95853e7" testId="0fe8d20e-348c-7d20-8e18-4ab370792fe0" testName="ManagedCode.Communication.Tests.CollectionResults.CollectionResultFailMethodsTests.Fail_WithException_ShouldCreateFailedResultWithInternalServerError" computerName="konstantins-macbook-pro" duration="00:00:00.0002347" startTime="2025-08-06T22:40:12.5532390+02:00" endTime="2025-08-06T22:40:12.5532610+02:00" testType="13cdc9d9-ddb5-4fa4-a97d-d965ccfc6d4b" outcome="Passed" testListId="8c84fa94-04c1-424b-9868-57a2d4851a1d" relativeResultsDirectory="075079dc-ed8b-48ea-8279-3965a95853e7" />
    <UnitTestResult executionId="dcb28af8-1246-4d96-a881-32e324bd787e" testId="1dab659d-bd89-ec57-ccec-04868b38f679" testName="ManagedCode.Communication.Tests.CollectionResults.CollectionResultFailMethodsTests.FailValidation_WithMultipleErrors_ShouldCreateValidationFailedResultWithAllErrors" computerName="konstantins-macbook-pro" duration="00:00:00.0052892" startTime="2025-08-06T22:40:12.5344510+02:00" endTime="2025-08-06T22:40:12.5344850+02:00" testType="13cdc9d9-ddb5-4fa4-a97d-d965ccfc6d4b" outcome="Passed" testListId="8c84fa94-04c1-424b-9868-57a2d4851a1d" relativeResultsDirectory="dcb28af8-1246-4d96-a881-32e324bd787e" />
    <UnitTestResult executionId="6806b90b-19b3-4bd5-99a1-58af93e05145" testId="10f03419-b447-74b1-44ec-afc62ff2ba1d" testName="ManagedCode.Communication.Tests.CollectionResults.CollectionResultFromMethodsTests.From_FuncReturningFailedCollectionResult_ShouldReturnFailedResult" computerName="konstantins-macbook-pro" duration="00:00:00.0002404" startTime="2025-08-06T22:40:12.7572330+02:00" endTime="2025-08-06T22:40:12.7574190+02:00" testType="13cdc9d9-ddb5-4fa4-a97d-d965ccfc6d4b" outcome="Passed" testListId="8c84fa94-04c1-424b-9868-57a2d4851a1d" relativeResultsDirectory="6806b90b-19b3-4bd5-99a1-58af93e05145" />
    <UnitTestResult executionId="75c3ef59-ac51-45fc-a5fd-6f017e44d2d3" testId="02bf4062-6173-4a68-0596-4bfd52dc36b2" testName="ManagedCode.Communication.Tests.CollectionResults.CollectionResultFromMethodsTests.From_FuncTaskThrowingException_ShouldReturnFailedResult" computerName="konstantins-macbook-pro" duration="00:00:00.0007958" startTime="2025-08-06T22:40:12.7665130+02:00" endTime="2025-08-06T22:40:12.7669660+02:00" testType="13cdc9d9-ddb5-4fa4-a97d-d965ccfc6d4b" outcome="Passed" testListId="8c84fa94-04c1-424b-9868-57a2d4851a1d" relativeResultsDirectory="75c3ef59-ac51-45fc-a5fd-6f017e44d2d3" />
    <UnitTestResult executionId="a04db294-5483-44f5-b579-b4707f5f272c" testId="cba045b0-e2c3-6ee4-807a-f0cc507f11e5" testName="ManagedCode.Communication.Tests.CollectionResults.CollectionResultFromMethodsTests.From_ValueTaskWithException_ShouldReturnFailedResult" computerName="konstantins-macbook-pro" duration="00:00:00.0011992" startTime="2025-08-06T22:40:12.5605450+02:00" endTime="2025-08-06T22:40:12.5617170+02:00" testType="13cdc9d9-ddb5-4fa4-a97d-d965ccfc6d4b" outcome="Passed" testListId="8c84fa94-04c1-424b-9868-57a2d4851a1d" relativeResultsDirectory="a04db294-5483-44f5-b579-b4707f5f272c" />
    <UnitTestResult executionId="96dcb57d-d44c-4e5b-960d-8c42f1a38de9" testId="a5ad51b1-d46a-060d-76d3-1a3a6ebb810e" testName="ManagedCode.Communication.Tests.CollectionResults.CollectionResultFromMethodsTests.From_FaultedTask_ShouldReturnFailedResult" computerName="konstantins-macbook-pro" duration="00:00:00.0003687" startTime="2025-08-06T22:40:12.6682630+02:00" endTime="2025-08-06T22:40:12.6686040+02:00" testType="13cdc9d9-ddb5-4fa4-a97d-d965ccfc6d4b" outcome="Passed" testListId="8c84fa94-04c1-424b-9868-57a2d4851a1d" relativeResultsDirectory="96dcb57d-d44c-4e5b-960d-8c42f1a38de9" />
    <UnitTestResult executionId="9ff83e9c-b8f7-4958-b76e-62bda27dd76d" testId="bc0f94a4-fa61-220d-0abf-7116eecf9e5e" testName="ManagedCode.Communication.Tests.CollectionResults.CollectionResultFromMethodsTests.From_RecursiveDataStructure_ShouldHandleCorrectly" computerName="konstantins-macbook-pro" duration="00:00:00.0002925" startTime="2025-08-06T22:40:12.5600930+02:00" endTime="2025-08-06T22:40:12.5603200+02:00" testType="13cdc9d9-ddb5-4fa4-a97d-d965ccfc6d4b" outcome="Passed" testListId="8c84fa94-04c1-424b-9868-57a2d4851a1d" relativeResultsDirectory="9ff83e9c-b8f7-4958-b76e-62bda27dd76d" />
    <UnitTestResult executionId="074d07ff-ea4d-4d69-8bc6-d79b66062422" testId="cf228890-f5ab-17dc-6ff0-7693334748e8" testName="ManagedCode.Communication.Tests.CollectionResults.CollectionResultFailMethodsTests.FailUnauthorized_WithDetail_ShouldCreateUnauthorizedResultWithCustomDetail" computerName="konstantins-macbook-pro" duration="00:00:00.0010728" startTime="2025-08-06T22:40:12.5345720+02:00" endTime="2025-08-06T22:40:12.5352010+02:00" testType="13cdc9d9-ddb5-4fa4-a97d-d965ccfc6d4b" outcome="Passed" testListId="8c84fa94-04c1-424b-9868-57a2d4851a1d" relativeResultsDirectory="074d07ff-ea4d-4d69-8bc6-d79b66062422" />
    <UnitTestResult executionId="5fa23c84-bb18-4058-aa73-1eb993e961fe" testId="5804b4b4-4d14-d511-1065-baeb15ae9d58" testName="ManagedCode.Communication.Tests.CollectionResults.CollectionResultFailMethodsTests.Fail_WithInnerException_ShouldPreserveOuterExceptionInfo" computerName="konstantins-macbook-pro" duration="00:00:00.0001657" startTime="2025-08-06T22:40:12.5524020+02:00" endTime="2025-08-06T22:40:12.5524280+02:00" testType="13cdc9d9-ddb5-4fa4-a97d-d965ccfc6d4b" outcome="Passed" testListId="8c84fa94-04c1-424b-9868-57a2d4851a1d" relativeResultsDirectory="5fa23c84-bb18-4058-aa73-1eb993e961fe" />
    <UnitTestResult executionId="814c9ff6-d233-46c7-8198-a9b6d4900132" testId="5f864fdf-439e-2f82-1d4d-33966957f6d6" testName="ManagedCode.Communication.Tests.CollectionResults.CollectionResultFromMethodsTests.From_TaskReturningEnumerable_ShouldCreateSuccessResult" computerName="konstantins-macbook-pro" duration="00:00:00.0030087" startTime="2025-08-06T22:40:12.7412610+02:00" endTime="2025-08-06T22:40:12.7442190+02:00" testType="13cdc9d9-ddb5-4fa4-a97d-d965ccfc6d4b" outcome="Passed" testListId="8c84fa94-04c1-424b-9868-57a2d4851a1d" relativeResultsDirectory="814c9ff6-d233-46c7-8198-a9b6d4900132" />
    <UnitTestResult executionId="295bf554-c253-4ed2-b8d3-243f523eecab" testId="6f633b18-8c5d-0bf5-db3d-b3c803d548db" testName="ManagedCode.Communication.Tests.CollectionResults.CollectionResultFromMethodsTests.From_FuncTaskWithCancellation_ShouldReturnFailedResult" computerName="konstantins-macbook-pro" duration="00:00:00.0006131" startTime="2025-08-06T22:40:12.5639220+02:00" endTime="2025-08-06T22:40:12.5645080+02:00" testType="13cdc9d9-ddb5-4fa4-a97d-d965ccfc6d4b" outcome="Passed" testListId="8c84fa94-04c1-424b-9868-57a2d4851a1d" relativeResultsDirectory="295bf554-c253-4ed2-b8d3-243f523eecab" />
    <UnitTestResult executionId="6ab11ecb-68f9-402e-9a61-b09f504270b3" testId="f0903404-1a3b-41c9-12e3-9c19c9690b95" testName="ManagedCode.Communication.Tests.CollectionResults.CollectionResultFailMethodsTests.Fail_WithVariousStatusCodes_ShouldSetCorrectStatusCode(statusCode: BadRequest, expectedCode: 400)" computerName="konstantins-macbook-pro" duration="00:00:00.0001220" startTime="2025-08-06T22:40:12.5334140+02:00" endTime="2025-08-06T22:40:12.5334630+02:00" testType="13cdc9d9-ddb5-4fa4-a97d-d965ccfc6d4b" outcome="Passed" testListId="8c84fa94-04c1-424b-9868-57a2d4851a1d" relativeResultsDirectory="6ab11ecb-68f9-402e-9a61-b09f504270b3" />
    <UnitTestResult executionId="183a349f-e42b-43d8-b147-2f6bf911de58" testId="2c800d9a-9994-7d52-e9ef-f570f34487f0" testName="ManagedCode.Communication.Tests.CollectionResults.CollectionResultFromMethodsTests.From_FuncTaskWithCancellationToken_ShouldCreateSuccessResult" computerName="konstantins-macbook-pro" duration="00:00:00.0114750" startTime="2025-08-06T22:40:12.7459380+02:00" endTime="2025-08-06T22:40:12.7571450+02:00" testType="13cdc9d9-ddb5-4fa4-a97d-d965ccfc6d4b" outcome="Passed" testListId="8c84fa94-04c1-424b-9868-57a2d4851a1d" relativeResultsDirectory="183a349f-e42b-43d8-b147-2f6bf911de58" />
    <UnitTestResult executionId="ba11cbec-c9e8-4224-a397-d975c5c0c511" testId="be1da5de-e0fe-47f3-2a89-4f7466ca0a66" testName="ManagedCode.Communication.Tests.CollectionResults.CollectionResultFailMethodsTests.Fail_WithProblem_ShouldCreateFailedResultWithProblem" computerName="konstantins-macbook-pro" duration="00:00:00.0005576" startTime="2025-08-06T22:40:12.5510340+02:00" endTime="2025-08-06T22:40:12.5510560+02:00" testType="13cdc9d9-ddb5-4fa4-a97d-d965ccfc6d4b" outcome="Passed" testListId="8c84fa94-04c1-424b-9868-57a2d4851a1d" relativeResultsDirectory="ba11cbec-c9e8-4224-a397-d975c5c0c511" />
    <UnitTestResult executionId="7d1e746b-a229-4fdb-a4ab-da9cc1740be8" testId="1ee7f53c-e626-990a-6b17-a9a8097992ee" testName="ManagedCode.Communication.Tests.CollectionResults.CollectionResultFromMethodsTests.From_GenericSuccessCollectionResult_ShouldReturnSuccessResult" computerName="konstantins-macbook-pro" duration="00:00:00.0002388" startTime="2025-08-06T22:40:12.7269860+02:00" endTime="2025-08-06T22:40:12.7271670+02:00" testType="13cdc9d9-ddb5-4fa4-a97d-d965ccfc6d4b" outcome="Passed" testListId="8c84fa94-04c1-424b-9868-57a2d4851a1d" relativeResultsDirectory="7d1e746b-a229-4fdb-a4ab-da9cc1740be8" />
    <UnitTestResult executionId="57e438f6-4f79-4de3-aa73-a1aa16e08f1a" testId="010c27e2-8f1f-944a-38fc-aee10e8009f3" testName="ManagedCode.Communication.Tests.CollectionResults.CollectionResultFailMethodsTests.FailNotFound_WithDetail_ShouldCreateNotFoundResultWithCustomDetail" computerName="konstantins-macbook-pro" duration="00:00:00.0001490" startTime="2025-08-06T22:40:12.5499790+02:00" endTime="2025-08-06T22:40:12.5500270+02:00" testType="13cdc9d9-ddb5-4fa4-a97d-d965ccfc6d4b" outcome="Passed" testListId="8c84fa94-04c1-424b-9868-57a2d4851a1d" relativeResultsDirectory="57e438f6-4f79-4de3-aa73-a1aa16e08f1a" />
    <UnitTestResult executionId="5ccb9c7e-f873-4c90-b46a-9897abbee229" testId="55af12a1-8c60-19cc-8253-bcb814fd0918" testName="ManagedCode.Communication.Tests.CollectionResults.CollectionResultFailMethodsTests.Fail_WithArray_ShouldCreateFailedResultWithItems" computerName="konstantins-macbook-pro" duration="00:00:00.0002636" startTime="2025-08-06T22:40:12.5518750+02:00" endTime="2025-08-06T22:40:12.5518980+02:00" testType="13cdc9d9-ddb5-4fa4-a97d-d965ccfc6d4b" outcome="Passed" testListId="8c84fa94-04c1-424b-9868-57a2d4851a1d" relativeResultsDirectory="5ccb9c7e-f873-4c90-b46a-9897abbee229" />
    <UnitTestResult executionId="314297d0-3180-4196-8f30-287256486def" testId="d102cefa-33e2-3c8d-7bd8-79d740844fb3" testName="ManagedCode.Communication.Tests.CollectionResults.CollectionResultFromMethodsTests.From_FuncThrowingExceptionForCollectionResult_ShouldReturnFailedResult" computerName="konstantins-macbook-pro" duration="00:00:00.0001216" startTime="2025-08-06T22:40:12.7609890+02:00" endTime="2025-08-06T22:40:12.7610720+02:00" testType="13cdc9d9-ddb5-4fa4-a97d-d965ccfc6d4b" outcome="Passed" testListId="8c84fa94-04c1-424b-9868-57a2d4851a1d" relativeResultsDirectory="314297d0-3180-4196-8f30-287256486def" />
    <UnitTestResult executionId="ba8a9809-fa5c-4a6c-abc4-7963b09d311a" testId="ba9c39e8-72fd-56e5-9205-e49bf672c8c9" testName="ManagedCode.Communication.Tests.CollectionResults.CollectionResultFromMethodsTests.From_TaskReturningArray_ShouldCreateSuccessResult" computerName="konstantins-macbook-pro" duration="00:00:00.0008921" startTime="2025-08-06T22:40:12.5594510+02:00" endTime="2025-08-06T22:40:12.5600080+02:00" testType="13cdc9d9-ddb5-4fa4-a97d-d965ccfc6d4b" outcome="Passed" testListId="8c84fa94-04c1-424b-9868-57a2d4851a1d" relativeResultsDirectory="ba8a9809-fa5c-4a6c-abc4-7963b09d311a" />
    <UnitTestResult executionId="3dc2f6ba-36fe-4eaa-975e-43d93e169bde" testId="6c36e8fc-eb19-ac2b-e037-50e452248387" testName="ManagedCode.Communication.Tests.CollectionResults.CollectionResultFailMethodsTests.Fail_WithVariousStatusCodes_ShouldSetCorrectStatusCode(statusCode: InternalServerError, expectedCode: 500)" computerName="konstantins-macbook-pro" duration="00:00:00.0000027" startTime="2025-08-06T22:40:12.5338660+02:00" endTime="2025-08-06T22:40:12.5338890+02:00" testType="13cdc9d9-ddb5-4fa4-a97d-d965ccfc6d4b" outcome="Passed" testListId="8c84fa94-04c1-424b-9868-57a2d4851a1d" relativeResultsDirectory="3dc2f6ba-36fe-4eaa-975e-43d93e169bde" />
    <UnitTestResult executionId="66f735cc-e56d-47c6-87f9-83f0c8e508a3" testId="e39e9980-2b7c-af72-8ea9-548ab3dc3398" testName="ManagedCode.Communication.Tests.CollectionResults.CollectionResultFromMethodsTests.From_FuncReturningArray_ShouldCreateSuccessResult" computerName="konstantins-macbook-pro" duration="00:00:00.0004087" startTime="2025-08-06T22:40:12.6678830+02:00" endTime="2025-08-06T22:40:12.6681980+02:00" testType="13cdc9d9-ddb5-4fa4-a97d-d965ccfc6d4b" outcome="Passed" testListId="8c84fa94-04c1-424b-9868-57a2d4851a1d" relativeResultsDirectory="66f735cc-e56d-47c6-87f9-83f0c8e508a3" />
    <UnitTestResult executionId="9e2af3c7-f292-47f8-bade-1461c3ebd468" testId="014c01cc-82ce-1338-64c6-0f60bdc5f380" testName="ManagedCode.Communication.Tests.CollectionResults.CollectionResultFromMethodsTests.From_FuncThrowingException_ShouldCreateFailedResult" computerName="konstantins-macbook-pro" duration="00:00:00.0002690" startTime="2025-08-06T22:40:12.7607010+02:00" endTime="2025-08-06T22:40:12.7609380+02:00" testType="13cdc9d9-ddb5-4fa4-a97d-d965ccfc6d4b" outcome="Passed" testListId="8c84fa94-04c1-424b-9868-57a2d4851a1d" relativeResultsDirectory="9e2af3c7-f292-47f8-bade-1461c3ebd468" />
    <UnitTestResult executionId="9b03e69e-0ab7-4d81-bcbe-304f7eb3cda7" testId="9dafdb86-c22a-88fc-6833-af4e374d365d" testName="ManagedCode.Communication.Tests.CollectionResults.CollectionResultFromMethodsTests.From_LargeCollection_ShouldHandleEfficiently" computerName="konstantins-macbook-pro" duration="00:00:00.0001633" startTime="2025-08-06T22:40:12.6700770+02:00" endTime="2025-08-06T22:40:12.6702050+02:00" testType="13cdc9d9-ddb5-4fa4-a97d-d965ccfc6d4b" outcome="Passed" testListId="8c84fa94-04c1-424b-9868-57a2d4851a1d" relativeResultsDirectory="9b03e69e-0ab7-4d81-bcbe-304f7eb3cda7" />
    <UnitTestResult executionId="9dfc7b2c-0843-4c3a-a6d7-72e891c6d842" testId="699823e7-74be-bd9f-0e7a-b915c45c5b8d" testName="ManagedCode.Communication.Tests.CollectionResults.CollectionResultFailMethodsTests.FailValidation_WithDuplicateFields_ShouldCombineErrors" computerName="konstantins-macbook-pro" duration="00:00:00.0004823" startTime="2025-08-06T22:40:12.5530810+02:00" endTime="2025-08-06T22:40:12.5531040+02:00" testType="13cdc9d9-ddb5-4fa4-a97d-d965ccfc6d4b" outcome="Passed" testListId="8c84fa94-04c1-424b-9868-57a2d4851a1d" relativeResultsDirectory="9dfc7b2c-0843-4c3a-a6d7-72e891c6d842" />
    <UnitTestResult executionId="17373243-97b4-4fc0-971a-617a1a408a69" testId="7d8cc7d8-a7af-3857-ec1c-988b6d4cd6cb" testName="ManagedCode.Communication.Tests.CollectionResults.CollectionResultFromMethodsTests.From_TupleTypes_ShouldHandleCorrectly" computerName="konstantins-macbook-pro" duration="00:00:00.0016056" startTime="2025-08-06T22:40:12.7590700+02:00" endTime="2025-08-06T22:40:12.7606420+02:00" testType="13cdc9d9-ddb5-4fa4-a97d-d965ccfc6d4b" outcome="Passed" testListId="8c84fa94-04c1-424b-9868-57a2d4851a1d" relativeResultsDirectory="17373243-97b4-4fc0-971a-617a1a408a69" />
    <UnitTestResult executionId="0f718a22-1dbe-4bce-aef3-f211ba57fbf4" testId="4d38db8c-d739-e015-e09d-cd6fc5dff5ab" testName="ManagedCode.Communication.Tests.CollectionResults.CollectionResultFailMethodsTests.Fail_WithEmptyEnumerable_ShouldCreateFailedResultWithEmptyCollection" computerName="konstantins-macbook-pro" duration="00:00:00.0002104" startTime="2025-08-06T22:40:12.5512720+02:00" endTime="2025-08-06T22:40:12.5513630+02:00" testType="13cdc9d9-ddb5-4fa4-a97d-d965ccfc6d4b" outcome="Passed" testListId="8c84fa94-04c1-424b-9868-57a2d4851a1d" relativeResultsDirectory="0f718a22-1dbe-4bce-aef3-f211ba57fbf4" />
    <UnitTestResult executionId="2007d1ea-f434-4c4c-bf85-77c570886b83" testId="33a7f29f-3064-c7da-2697-0f90413b5ea8" testName="ManagedCode.Communication.Tests.CollectionResults.CollectionResultFromMethodsTests.From_TaskWithDelay_ShouldWaitAndReturnSuccessResult" computerName="konstantins-macbook-pro" duration="00:00:00.0519410" startTime="2025-08-06T22:40:12.6739770+02:00" endTime="2025-08-06T22:40:12.7256060+02:00" testType="13cdc9d9-ddb5-4fa4-a97d-d965ccfc6d4b" outcome="Passed" testListId="8c84fa94-04c1-424b-9868-57a2d4851a1d" relativeResultsDirectory="2007d1ea-f434-4c4c-bf85-77c570886b83" />
    <UnitTestResult executionId="587d4dba-982a-458f-a563-86b884d0a3f6" testId="cb6876f0-ec0c-d7e3-5334-20d6a5561189" testName="ManagedCode.Communication.Tests.CollectionResults.CollectionResultFailMethodsTests.Fail_WithTitleDetailAndStatus_ShouldCreateFailedResultWithSpecifiedStatus" computerName="konstantins-macbook-pro" duration="00:00:00.0001442" startTime="2025-08-06T22:40:12.5496090+02:00" endTime="2025-08-06T22:40:12.5496330+02:00" testType="13cdc9d9-ddb5-4fa4-a97d-d965ccfc6d4b" outcome="Passed" testListId="8c84fa94-04c1-424b-9868-57a2d4851a1d" relativeResultsDirectory="587d4dba-982a-458f-a563-86b884d0a3f6" />
    <UnitTestResult executionId="0ced0c39-e20b-45f1-bed6-f3a1eda72f3c" testId="a6f92938-3cd6-0259-0038-c96207263ec9" testName="ManagedCode.Communication.Tests.CollectionResults.CollectionResultFailMethodsTests.Fail_WithEnum_ShouldCreateFailedResultWithErrorCode" computerName="konstantins-macbook-pro" duration="00:00:00.0005849" startTime="2025-08-06T22:40:12.5511090+02:00" endTime="2025-08-06T22:40:12.5511320+02:00" testType="13cdc9d9-ddb5-4fa4-a97d-d965ccfc6d4b" outcome="Passed" testListId="8c84fa94-04c1-424b-9868-57a2d4851a1d" relativeResultsDirectory="0ced0c39-e20b-45f1-bed6-f3a1eda72f3c" />
    <UnitTestResult executionId="eccfccd6-f679-4d34-a284-1d2d2cda9dfd" testId="30c64cc6-6335-ca51-cb54-04f89cee0ed9" testName="ManagedCode.Communication.Tests.CollectionResults.CollectionResultFailMethodsTests.Fail_WithEnumAndStatus_ShouldCreateFailedResultWithErrorCodeAndStatus" computerName="konstantins-macbook-pro" duration="00:00:00.0001414" startTime="2025-08-06T22:40:12.5497680+02:00" endTime="2025-08-06T22:40:12.5497910+02:00" testType="13cdc9d9-ddb5-4fa4-a97d-d965ccfc6d4b" outcome="Passed" testListId="8c84fa94-04c1-424b-9868-57a2d4851a1d" relativeResultsDirectory="eccfccd6-f679-4d34-a284-1d2d2cda9dfd" />
    <UnitTestResult executionId="c1d9fccb-62d0-4d4b-afda-16d169523459" testId="c13a92d4-2ab4-786d-c78f-fbc74a9bc6bf" testName="ManagedCode.Communication.Tests.CollectionResults.CollectionResultFromMethodsTests.From_FuncReturningLinqQuery_ShouldCreateSuccessResult" computerName="konstantins-macbook-pro" duration="00:00:00.0006172" startTime="2025-08-06T22:40:12.6694390+02:00" endTime="2025-08-06T22:40:12.6700230+02:00" testType="13cdc9d9-ddb5-4fa4-a97d-d965ccfc6d4b" outcome="Passed" testListId="8c84fa94-04c1-424b-9868-57a2d4851a1d" relativeResultsDirectory="c1d9fccb-62d0-4d4b-afda-16d169523459" />
    <UnitTestResult executionId="19176e8a-34f3-4c14-bd7a-4b18979f680e" testId="e00fb5a4-e228-98dc-9550-b28f1789a059" testName="ManagedCode.Communication.Tests.CollectionResults.CollectionResultFromMethodsTests.From_GenericFailedCollectionResultWithoutProblem_ShouldReturnFailedResult" computerName="konstantins-macbook-pro" duration="00:00:00.0002470" startTime="2025-08-06T22:40:12.7588140+02:00" endTime="2025-08-06T22:40:12.7590140+02:00" testType="13cdc9d9-ddb5-4fa4-a97d-d965ccfc6d4b" outcome="Passed" testListId="8c84fa94-04c1-424b-9868-57a2d4851a1d" relativeResultsDirectory="19176e8a-34f3-4c14-bd7a-4b18979f680e" />
    <UnitTestResult executionId="b8eca546-a3cd-4db2-8269-4866cc181629" testId="5c7b6bae-02f9-ce2e-b4df-a3f1c1127960" testName="ManagedCode.Communication.Tests.CollectionResults.CollectionResultFromMethodsTests.From_ValueTaskReturningArray_ShouldCreateSuccessResult" computerName="konstantins-macbook-pro" duration="00:00:00.0008133" startTime="2025-08-06T22:40:12.7442940+02:00" endTime="2025-08-06T22:40:12.7450680+02:00" testType="13cdc9d9-ddb5-4fa4-a97d-d965ccfc6d4b" outcome="Passed" testListId="8c84fa94-04c1-424b-9868-57a2d4851a1d" relativeResultsDirectory="b8eca546-a3cd-4db2-8269-4866cc181629" />
    <UnitTestResult executionId="35340754-eea3-453d-be95-13fa45b06622" testId="74429bfd-ae1c-e417-c462-fb4e1989918c" testName="ManagedCode.Communication.Tests.CollectionResults.CollectionResultFromMethodsTests.From_ValueTaskReturningEnumerable_ShouldCreateSuccessResult" computerName="konstantins-macbook-pro" duration="00:00:00.0028796" startTime="2025-08-06T22:40:12.6706420+02:00" endTime="2025-08-06T22:40:12.6735030+02:00" testType="13cdc9d9-ddb5-4fa4-a97d-d965ccfc6d4b" outcome="Passed" testListId="8c84fa94-04c1-424b-9868-57a2d4851a1d" relativeResultsDirectory="35340754-eea3-453d-be95-13fa45b06622" />
    <UnitTestResult executionId="47f6c6e2-a5ce-4767-be6a-8a93ebbb5450" testId="ee9232ac-1b99-3b56-d749-59bfec2b6ae0" testName="ManagedCode.Communication.Tests.CollectionResults.CollectionResultFromMethodsTests.From_FuncReturningCollectionResult_ShouldReturnSameResult" computerName="konstantins-macbook-pro" duration="00:00:00.0007062" startTime="2025-08-06T22:40:12.7257220+02:00" endTime="2025-08-06T22:40:12.7263490+02:00" testType="13cdc9d9-ddb5-4fa4-a97d-d965ccfc6d4b" outcome="Passed" testListId="8c84fa94-04c1-424b-9868-57a2d4851a1d" relativeResultsDirectory="47f6c6e2-a5ce-4767-be6a-8a93ebbb5450" />
    <UnitTestResult executionId="1508fd21-4363-4274-a629-5d018508ed59" testId="296230cb-2332-ed3e-7412-3dcdf1d43e62" testName="ManagedCode.Communication.Tests.CollectionResults.CollectionResultFromMethodsTests.From_ComplexTypes_ShouldHandleCorrectly" computerName="konstantins-macbook-pro" duration="00:00:00.0009996" startTime="2025-08-06T22:40:12.7402170+02:00" endTime="2025-08-06T22:40:12.7411740+02:00" testType="13cdc9d9-ddb5-4fa4-a97d-d965ccfc6d4b" outcome="Passed" testListId="8c84fa94-04c1-424b-9868-57a2d4851a1d" relativeResultsDirectory="1508fd21-4363-4274-a629-5d018508ed59" />
    <UnitTestResult executionId="0d934c20-e986-4c1e-9041-c5092ebdbbe5" testId="057eaabd-3e0f-9cb8-8caa-35b8258d8daa" testName="ManagedCode.Communication.Tests.CollectionResults.CollectionResultFailMethodsTests.Fail_WithVariousStatusCodes_ShouldSetCorrectStatusCode(statusCode: Unauthorized, expectedCode: 401)" computerName="konstantins-macbook-pro" duration="00:00:00.0000050" startTime="2025-08-06T22:40:12.5337170+02:00" endTime="2025-08-06T22:40:12.5337450+02:00" testType="13cdc9d9-ddb5-4fa4-a97d-d965ccfc6d4b" outcome="Passed" testListId="8c84fa94-04c1-424b-9868-57a2d4851a1d" relativeResultsDirectory="0d934c20-e986-4c1e-9041-c5092ebdbbe5" />
    <UnitTestResult executionId="23286053-fc15-4e6d-a16d-88a5fd9e5386" testId="37832d2b-c8b9-799c-6d67-0c7addb766d8" testName="ManagedCode.Communication.Tests.CollectionResults.CollectionResultFailMethodsTests.Fail_WithVariousStatusCodes_ShouldSetCorrectStatusCode(statusCode: NotFound, expectedCode: 404)" computerName="konstantins-macbook-pro" duration="00:00:00.0000024" startTime="2025-08-06T22:40:12.5339310+02:00" endTime="2025-08-06T22:40:12.5339950+02:00" testType="13cdc9d9-ddb5-4fa4-a97d-d965ccfc6d4b" outcome="Passed" testListId="8c84fa94-04c1-424b-9868-57a2d4851a1d" relativeResultsDirectory="23286053-fc15-4e6d-a16d-88a5fd9e5386" />
    <UnitTestResult executionId="985634b3-e952-4da9-b85c-a15f3c323dec" testId="5ff238f1-95c7-893f-0944-9f7af0bf7443" testName="ManagedCode.Communication.Tests.CollectionResults.CollectionResultFromMethodsTests.From_TaskReturningFailedCollectionResult_ShouldReturnFailedResult" computerName="konstantins-macbook-pro" duration="00:00:00.0004947" startTime="2025-08-06T22:40:12.7611290+02:00" endTime="2025-08-06T22:40:12.7615870+02:00" testType="13cdc9d9-ddb5-4fa4-a97d-d965ccfc6d4b" outcome="Passed" testListId="8c84fa94-04c1-424b-9868-57a2d4851a1d" relativeResultsDirectory="985634b3-e952-4da9-b85c-a15f3c323dec" />
    <UnitTestResult executionId="81fff3df-443c-490e-88d3-5766b290f936" testId="f8292c99-1fa2-ca17-1340-240e96354ffd" testName="ManagedCode.Communication.Tests.CollectionResults.CollectionResultFailMethodsTests.Fail_WithVariousStatusCodes_ShouldSetCorrectStatusCode(statusCode: ServiceUnavailable, expectedCode: 503)" computerName="konstantins-macbook-pro" duration="00:00:00.0000032" startTime="2025-08-06T22:40:12.5337940+02:00" endTime="2025-08-06T22:40:12.5338200+02:00" testType="13cdc9d9-ddb5-4fa4-a97d-d965ccfc6d4b" outcome="Passed" testListId="8c84fa94-04c1-424b-9868-57a2d4851a1d" relativeResultsDirectory="81fff3df-443c-490e-88d3-5766b290f936" />
    <UnitTestResult executionId="c2041c43-5396-4204-8546-23311bea92c7" testId="d85f5829-9dcd-6a4b-82f8-5c9a70353087" testName="ManagedCode.Communication.Tests.CollectionResults.CollectionResultFromMethodsTests.From_FuncTaskCollectionResult_ShouldReturnResult" computerName="konstantins-macbook-pro" duration="00:00:00.0127771" startTime="2025-08-06T22:40:12.7272290+02:00" endTime="2025-08-06T22:40:12.7401310+02:00" testType="13cdc9d9-ddb5-4fa4-a97d-d965ccfc6d4b" outcome="Passed" testListId="8c84fa94-04c1-424b-9868-57a2d4851a1d" relativeResultsDirectory="c2041c43-5396-4204-8546-23311bea92c7" />
    <UnitTestResult executionId="64a5db2b-507b-473a-a2d3-b2cf79c864dd" testId="6bdd3bbc-d7a5-24ee-4e32-c68e3928d318" testName="ManagedCode.Communication.Tests.CollectionResults.CollectionResultFromMethodsTests.From_SuccessCollectionResult_ShouldReturnSameResult" computerName="konstantins-macbook-pro" duration="00:00:00.0003640" startTime="2025-08-06T22:40:12.6702650+02:00" endTime="2025-08-06T22:40:12.6705860+02:00" testType="13cdc9d9-ddb5-4fa4-a97d-d965ccfc6d4b" outcome="Passed" testListId="8c84fa94-04c1-424b-9868-57a2d4851a1d" relativeResultsDirectory="64a5db2b-507b-473a-a2d3-b2cf79c864dd" />
    <UnitTestResult executionId="0576663b-2550-4fb1-9480-7b136f6be592" testId="2e7c745d-8a62-07fa-75a5-000f8e56d414" testName="ManagedCode.Communication.Tests.CollectionResults.CollectionResultFromMethodsTests.From_FailedCollectionResultWithProblem_ShouldReturnFailedResult" computerName="konstantins-macbook-pro" duration="00:00:00.0001497" startTime="2025-08-06T22:40:12.5620890+02:00" endTime="2025-08-06T22:40:12.5621900+02:00" testType="13cdc9d9-ddb5-4fa4-a97d-d965ccfc6d4b" outcome="Passed" testListId="8c84fa94-04c1-424b-9868-57a2d4851a1d" relativeResultsDirectory="0576663b-2550-4fb1-9480-7b136f6be592" />
    <UnitTestResult executionId="c9195c69-b336-4532-8718-65e2a436ef51" testId="46807053-f966-a388-4d2d-7da9058b5203" testName="ManagedCode.Communication.Tests.CollectionResults.CollectionResultFromMethodsTests.From_CanceledTask_ShouldReturnFailedResult" computerName="konstantins-macbook-pro" duration="00:00:00.0002719" startTime="2025-08-06T22:40:12.5622490+02:00" endTime="2025-08-06T22:40:12.5624830+02:00" testType="13cdc9d9-ddb5-4fa4-a97d-d965ccfc6d4b" outcome="Passed" testListId="8c84fa94-04c1-424b-9868-57a2d4851a1d" relativeResultsDirectory="c9195c69-b336-4532-8718-65e2a436ef51" />
    <UnitTestResult executionId="3ecf946d-b492-4846-8f04-fd66d84cf7e6" testId="ce3fa9f3-48b0-1831-219b-9a887cfec004" testName="ManagedCode.Communication.Tests.CollectionResults.CollectionResultFromMethodsTests.From_FuncReturningHashSet_ShouldCreateSuccessResult" computerName="konstantins-macbook-pro" duration="00:00:00.0175131" startTime="2025-08-06T22:40:12.5189230+02:00" endTime="2025-08-06T22:40:12.5498820+02:00" testType="13cdc9d9-ddb5-4fa4-a97d-d965ccfc6d4b" outcome="Passed" testListId="8c84fa94-04c1-424b-9868-57a2d4851a1d" relativeResultsDirectory="3ecf946d-b492-4846-8f04-fd66d84cf7e6" />
    <UnitTestResult executionId="92c226b9-110e-4a66-9481-18ea2743e091" testId="52ca4f6f-9446-ce96-f00d-3177ac949b13" testName="ManagedCode.Communication.Tests.CollectionResults.CollectionResultFromMethodsTests.From_FailedCollectionResultWithoutProblem_ShouldReturnFailedResult" computerName="konstantins-macbook-pro" duration="00:00:00.0001477" startTime="2025-08-06T22:40:12.5603850+02:00" endTime="2025-08-06T22:40:12.5604860+02:00" testType="13cdc9d9-ddb5-4fa4-a97d-d965ccfc6d4b" outcome="Passed" testListId="8c84fa94-04c1-424b-9868-57a2d4851a1d" relativeResultsDirectory="92c226b9-110e-4a66-9481-18ea2743e091" />
    <UnitTestResult executionId="08e0c9fe-ada3-4528-afed-6f037eeaab51" testId="b705e379-67f8-359d-1a7d-742fcea32d3b" testName="ManagedCode.Communication.Tests.CollectionResults.CollectionResultFailMethodsTests.Fail_WithEmptyArray_ShouldCreateFailedResultWithEmptyCollection" computerName="konstantins-macbook-pro" duration="00:00:00.0000901" startTime="2025-08-06T22:40:12.5521070+02:00" endTime="2025-08-06T22:40:12.5521290+02:00" testType="13cdc9d9-ddb5-4fa4-a97d-d965ccfc6d4b" outcome="Passed" testListId="8c84fa94-04c1-424b-9868-57a2d4851a1d" relativeResultsDirectory="08e0c9fe-ada3-4528-afed-6f037eeaab51" />
    <UnitTestResult executionId="935bf76d-af8c-47ed-92d1-02cfcd4bf9a5" testId="0c29c5af-e3cf-7553-8d21-7aa06a61033d" testName="ManagedCode.Communication.Tests.CollectionResults.CollectionResultFailMethodsTests.Fail_WithComplexTypes_ShouldHandleCorrectly" computerName="konstantins-macbook-pro" duration="00:00:00.0004957" startTime="2025-08-06T22:40:12.5530050+02:00" endTime="2025-08-06T22:40:12.5530280+02:00" testType="13cdc9d9-ddb5-4fa4-a97d-d965ccfc6d4b" outcome="Passed" testListId="8c84fa94-04c1-424b-9868-57a2d4851a1d" relativeResultsDirectory="935bf76d-af8c-47ed-92d1-02cfcd4bf9a5" />
    <UnitTestResult executionId="c88cd553-8dcc-48e2-afe2-12b440270eac" testId="3ebde54a-5d59-a2ef-9fd5-b8b44c97d1ad" testName="ManagedCode.Communication.Tests.CollectionResults.CollectionResultFromMethodsTests.From_SlowAsyncOperation_ShouldComplete" computerName="konstantins-macbook-pro" duration="00:00:00.1028218" startTime="2025-08-06T22:40:12.5650430+02:00" endTime="2025-08-06T22:40:12.6677550+02:00" testType="13cdc9d9-ddb5-4fa4-a97d-d965ccfc6d4b" outcome="Passed" testListId="8c84fa94-04c1-424b-9868-57a2d4851a1d" relativeResultsDirectory="c88cd553-8dcc-48e2-afe2-12b440270eac" />
    <UnitTestResult executionId="70caae54-765f-4abf-bd03-5dfd500b244f" testId="44068533-73ca-2e9c-89ae-ee196ec1d842" testName="ManagedCode.Communication.Tests.CollectionResults.CollectionResultFailMethodsTests.FailUnauthorized_NoParameters_ShouldCreateUnauthorizedResult" computerName="konstantins-macbook-pro" duration="00:00:00.0001667" startTime="2025-08-06T22:40:12.5531600+02:00" endTime="2025-08-06T22:40:12.5531830+02:00" testType="13cdc9d9-ddb5-4fa4-a97d-d965ccfc6d4b" outcome="Passed" testListId="8c84fa94-04c1-424b-9868-57a2d4851a1d" relativeResultsDirectory="70caae54-765f-4abf-bd03-5dfd500b244f" />
  </Results>
  <TestDefinitions>
    <UnitTest name="ManagedCode.Communication.Tests.CollectionResults.CollectionResultFromMethodsTests.From_TaskReturningList_ShouldCreateSuccessResult" storage="/users/ksemenenko/developer/communication/managedcode.communication.tests/bin/debug/net9.0/managedcode.communication.tests.dll" id="261108eb-e4aa-9aa8-08d4-1bd3d2b96ec0">
      <Execution id="7efe07b6-4d6f-4f25-9335-ab21e7c63790" />
      <TestMethod codeBase="/Users/ksemenenko/Developer/Communication/ManagedCode.Communication.Tests/bin/Debug/net9.0/ManagedCode.Communication.Tests.dll" adapterTypeName="executor://xunit/VsTestRunner3/netcore/" className="ManagedCode.Communication.Tests.CollectionResults.CollectionResultFromMethodsTests" name="From_TaskReturningList_ShouldCreateSuccessResult" />
    </UnitTest>
    <UnitTest name="ManagedCode.Communication.Tests.CollectionResults.CollectionResultFailMethodsTests.Fail_WithVariousStatusCodes_ShouldSetCorrectStatusCode(statusCode: ServiceUnavailable, expectedCode: 503)" storage="/users/ksemenenko/developer/communication/managedcode.communication.tests/bin/debug/net9.0/managedcode.communication.tests.dll" id="f8292c99-1fa2-ca17-1340-240e96354ffd">
      <Execution id="81fff3df-443c-490e-88d3-5766b290f936" />
      <TestMethod codeBase="/Users/ksemenenko/Developer/Communication/ManagedCode.Communication.Tests/bin/Debug/net9.0/ManagedCode.Communication.Tests.dll" adapterTypeName="executor://xunit/VsTestRunner3/netcore/" className="ManagedCode.Communication.Tests.CollectionResults.CollectionResultFailMethodsTests" name="Fail_WithVariousStatusCodes_ShouldSetCorrectStatusCode" />
    </UnitTest>
    <UnitTest name="ManagedCode.Communication.Tests.CollectionResults.CollectionResultFailMethodsTests.FailUnauthorized_NoParameters_ShouldCreateUnauthorizedResult" storage="/users/ksemenenko/developer/communication/managedcode.communication.tests/bin/debug/net9.0/managedcode.communication.tests.dll" id="44068533-73ca-2e9c-89ae-ee196ec1d842">
      <Execution id="70caae54-765f-4abf-bd03-5dfd500b244f" />
      <TestMethod codeBase="/Users/ksemenenko/Developer/Communication/ManagedCode.Communication.Tests/bin/Debug/net9.0/ManagedCode.Communication.Tests.dll" adapterTypeName="executor://xunit/VsTestRunner3/netcore/" className="ManagedCode.Communication.Tests.CollectionResults.CollectionResultFailMethodsTests" name="FailUnauthorized_NoParameters_ShouldCreateUnauthorizedResult" />
    </UnitTest>
    <UnitTest name="ManagedCode.Communication.Tests.CollectionResults.CollectionResultFromMethodsTests.From_FaultedTask_ShouldReturnFailedResult" storage="/users/ksemenenko/developer/communication/managedcode.communication.tests/bin/debug/net9.0/managedcode.communication.tests.dll" id="a5ad51b1-d46a-060d-76d3-1a3a6ebb810e">
      <Execution id="96dcb57d-d44c-4e5b-960d-8c42f1a38de9" />
      <TestMethod codeBase="/Users/ksemenenko/Developer/Communication/ManagedCode.Communication.Tests/bin/Debug/net9.0/ManagedCode.Communication.Tests.dll" adapterTypeName="executor://xunit/VsTestRunner3/netcore/" className="ManagedCode.Communication.Tests.CollectionResults.CollectionResultFromMethodsTests" name="From_FaultedTask_ShouldReturnFailedResult" />
    </UnitTest>
    <UnitTest name="ManagedCode.Communication.Tests.CollectionResults.CollectionResultFailMethodsTests.Fail_WithTitleAndDetail_ShouldCreateFailedResultWithDefaultStatus" storage="/users/ksemenenko/developer/communication/managedcode.communication.tests/bin/debug/net9.0/managedcode.communication.tests.dll" id="1a2bce7c-5d7c-740b-8a3b-5357d8d90197">
      <Execution id="5861e2a6-99f7-47f7-8c48-565e8f04d556" />
      <TestMethod codeBase="/Users/ksemenenko/Developer/Communication/ManagedCode.Communication.Tests/bin/Debug/net9.0/ManagedCode.Communication.Tests.dll" adapterTypeName="executor://xunit/VsTestRunner3/netcore/" className="ManagedCode.Communication.Tests.CollectionResults.CollectionResultFailMethodsTests" name="Fail_WithTitleAndDetail_ShouldCreateFailedResultWithDefaultStatus" />
    </UnitTest>
    <UnitTest name="ManagedCode.Communication.Tests.CollectionResults.CollectionResultFromMethodsTests.From_FuncReturningHashSet_ShouldCreateSuccessResult" storage="/users/ksemenenko/developer/communication/managedcode.communication.tests/bin/debug/net9.0/managedcode.communication.tests.dll" id="ce3fa9f3-48b0-1831-219b-9a887cfec004">
      <Execution id="3ecf946d-b492-4846-8f04-fd66d84cf7e6" />
      <TestMethod codeBase="/Users/ksemenenko/Developer/Communication/ManagedCode.Communication.Tests/bin/Debug/net9.0/ManagedCode.Communication.Tests.dll" adapterTypeName="executor://xunit/VsTestRunner3/netcore/" className="ManagedCode.Communication.Tests.CollectionResults.CollectionResultFromMethodsTests" name="From_FuncReturningHashSet_ShouldCreateSuccessResult" />
    </UnitTest>
    <UnitTest name="ManagedCode.Communication.Tests.CollectionResults.CollectionResultFromMethodsTests.From_TaskReturningArray_ShouldCreateSuccessResult" storage="/users/ksemenenko/developer/communication/managedcode.communication.tests/bin/debug/net9.0/managedcode.communication.tests.dll" id="ba9c39e8-72fd-56e5-9205-e49bf672c8c9">
      <Execution id="ba8a9809-fa5c-4a6c-abc4-7963b09d311a" />
      <TestMethod codeBase="/Users/ksemenenko/Developer/Communication/ManagedCode.Communication.Tests/bin/Debug/net9.0/ManagedCode.Communication.Tests.dll" adapterTypeName="executor://xunit/VsTestRunner3/netcore/" className="ManagedCode.Communication.Tests.CollectionResults.CollectionResultFromMethodsTests" name="From_TaskReturningArray_ShouldCreateSuccessResult" />
    </UnitTest>
    <UnitTest name="ManagedCode.Communication.Tests.CollectionResults.CollectionResultFailMethodsTests.FailNotFound_NoParameters_ShouldCreateNotFoundResult" storage="/users/ksemenenko/developer/communication/managedcode.communication.tests/bin/debug/net9.0/managedcode.communication.tests.dll" id="a732ecdf-009d-4fc3-3846-806e90a131ab">
      <Execution id="68c2db74-c3da-41ab-81da-b19a2b8c1693" />
      <TestMethod codeBase="/Users/ksemenenko/Developer/Communication/ManagedCode.Communication.Tests/bin/Debug/net9.0/ManagedCode.Communication.Tests.dll" adapterTypeName="executor://xunit/VsTestRunner3/netcore/" className="ManagedCode.Communication.Tests.CollectionResults.CollectionResultFailMethodsTests" name="FailNotFound_NoParameters_ShouldCreateNotFoundResult" />
    </UnitTest>
    <UnitTest name="ManagedCode.Communication.Tests.CollectionResults.CollectionResultFromMethodsTests.From_FuncTaskCollectionResult_ShouldReturnResult" storage="/users/ksemenenko/developer/communication/managedcode.communication.tests/bin/debug/net9.0/managedcode.communication.tests.dll" id="d85f5829-9dcd-6a4b-82f8-5c9a70353087">
      <Execution id="c2041c43-5396-4204-8546-23311bea92c7" />
      <TestMethod codeBase="/Users/ksemenenko/Developer/Communication/ManagedCode.Communication.Tests/bin/Debug/net9.0/ManagedCode.Communication.Tests.dll" adapterTypeName="executor://xunit/VsTestRunner3/netcore/" className="ManagedCode.Communication.Tests.CollectionResults.CollectionResultFromMethodsTests" name="From_FuncTaskCollectionResult_ShouldReturnResult" />
    </UnitTest>
    <UnitTest name="ManagedCode.Communication.Tests.CollectionResults.CollectionResultFailMethodsTests.Fail_WithVariousStatusCodes_ShouldSetCorrectStatusCode(statusCode: Forbidden, expectedCode: 403)" storage="/users/ksemenenko/developer/communication/managedcode.communication.tests/bin/debug/net9.0/managedcode.communication.tests.dll" id="e1f1b1be-faf7-e984-f9a4-c2a361ef2de8">
      <Execution id="b6d1ffc5-6fff-467e-9324-769c9bac30d7" />
      <TestMethod codeBase="/Users/ksemenenko/Developer/Communication/ManagedCode.Communication.Tests/bin/Debug/net9.0/ManagedCode.Communication.Tests.dll" adapterTypeName="executor://xunit/VsTestRunner3/netcore/" className="ManagedCode.Communication.Tests.CollectionResults.CollectionResultFailMethodsTests" name="Fail_WithVariousStatusCodes_ShouldSetCorrectStatusCode" />
    </UnitTest>
    <UnitTest name="ManagedCode.Communication.Tests.CollectionResults.CollectionResultFromMethodsTests.From_SlowAsyncOperation_ShouldComplete" storage="/users/ksemenenko/developer/communication/managedcode.communication.tests/bin/debug/net9.0/managedcode.communication.tests.dll" id="3ebde54a-5d59-a2ef-9fd5-b8b44c97d1ad">
      <Execution id="c88cd553-8dcc-48e2-afe2-12b440270eac" />
      <TestMethod codeBase="/Users/ksemenenko/Developer/Communication/ManagedCode.Communication.Tests/bin/Debug/net9.0/ManagedCode.Communication.Tests.dll" adapterTypeName="executor://xunit/VsTestRunner3/netcore/" className="ManagedCode.Communication.Tests.CollectionResults.CollectionResultFromMethodsTests" name="From_SlowAsyncOperation_ShouldComplete" />
    </UnitTest>
    <UnitTest name="ManagedCode.Communication.Tests.CollectionResults.CollectionResultFromMethodsTests.From_TaskReturningEnumerable_ShouldCreateSuccessResult" storage="/users/ksemenenko/developer/communication/managedcode.communication.tests/bin/debug/net9.0/managedcode.communication.tests.dll" id="5f864fdf-439e-2f82-1d4d-33966957f6d6">
      <Execution id="814c9ff6-d233-46c7-8198-a9b6d4900132" />
      <TestMethod codeBase="/Users/ksemenenko/Developer/Communication/ManagedCode.Communication.Tests/bin/Debug/net9.0/ManagedCode.Communication.Tests.dll" adapterTypeName="executor://xunit/VsTestRunner3/netcore/" className="ManagedCode.Communication.Tests.CollectionResults.CollectionResultFromMethodsTests" name="From_TaskReturningEnumerable_ShouldCreateSuccessResult" />
    </UnitTest>
    <UnitTest name="ManagedCode.Communication.Tests.CollectionResults.CollectionResultFromMethodsTests.From_TaskWithDelay_ShouldWaitAndReturnSuccessResult" storage="/users/ksemenenko/developer/communication/managedcode.communication.tests/bin/debug/net9.0/managedcode.communication.tests.dll" id="33a7f29f-3064-c7da-2697-0f90413b5ea8">
      <Execution id="2007d1ea-f434-4c4c-bf85-77c570886b83" />
      <TestMethod codeBase="/Users/ksemenenko/Developer/Communication/ManagedCode.Communication.Tests/bin/Debug/net9.0/ManagedCode.Communication.Tests.dll" adapterTypeName="executor://xunit/VsTestRunner3/netcore/" className="ManagedCode.Communication.Tests.CollectionResults.CollectionResultFromMethodsTests" name="From_TaskWithDelay_ShouldWaitAndReturnSuccessResult" />
    </UnitTest>
    <UnitTest name="ManagedCode.Communication.Tests.CollectionResults.CollectionResultFailMethodsTests.FailValidation_WithSingleError_ShouldCreateValidationFailedResult" storage="/users/ksemenenko/developer/communication/managedcode.communication.tests/bin/debug/net9.0/managedcode.communication.tests.dll" id="29839775-d400-0a7a-0eaf-63aa5f9e74a9">
      <Execution id="cde8544b-b80f-4617-bb4b-902995257f69" />
      <TestMethod codeBase="/Users/ksemenenko/Developer/Communication/ManagedCode.Communication.Tests/bin/Debug/net9.0/ManagedCode.Communication.Tests.dll" adapterTypeName="executor://xunit/VsTestRunner3/netcore/" className="ManagedCode.Communication.Tests.CollectionResults.CollectionResultFailMethodsTests" name="FailValidation_WithSingleError_ShouldCreateValidationFailedResult" />
    </UnitTest>
    <UnitTest name="ManagedCode.Communication.Tests.CollectionResults.CollectionResultFromMethodsTests.From_ValueTaskReturningArray_ShouldCreateSuccessResult" storage="/users/ksemenenko/developer/communication/managedcode.communication.tests/bin/debug/net9.0/managedcode.communication.tests.dll" id="5c7b6bae-02f9-ce2e-b4df-a3f1c1127960">
      <Execution id="b8eca546-a3cd-4db2-8269-4866cc181629" />
      <TestMethod codeBase="/Users/ksemenenko/Developer/Communication/ManagedCode.Communication.Tests/bin/Debug/net9.0/ManagedCode.Communication.Tests.dll" adapterTypeName="executor://xunit/VsTestRunner3/netcore/" className="ManagedCode.Communication.Tests.CollectionResults.CollectionResultFromMethodsTests" name="From_ValueTaskReturningArray_ShouldCreateSuccessResult" />
    </UnitTest>
    <UnitTest name="ManagedCode.Communication.Tests.CollectionResults.CollectionResultFailMethodsTests.Fail_NoParameters_ShouldCreateFailedResult" storage="/users/ksemenenko/developer/communication/managedcode.communication.tests/bin/debug/net9.0/managedcode.communication.tests.dll" id="2b85e6a6-b085-3693-8351-fe312faa0712">
      <Execution id="cd608d3b-71c2-48e7-86b1-72d96ae7bb04" />
      <TestMethod codeBase="/Users/ksemenenko/Developer/Communication/ManagedCode.Communication.Tests/bin/Debug/net9.0/ManagedCode.Communication.Tests.dll" adapterTypeName="executor://xunit/VsTestRunner3/netcore/" className="ManagedCode.Communication.Tests.CollectionResults.CollectionResultFailMethodsTests" name="Fail_NoParameters_ShouldCreateFailedResult" />
    </UnitTest>
    <UnitTest name="ManagedCode.Communication.Tests.CollectionResults.CollectionResultFromMethodsTests.From_FuncTaskWithCancellation_ShouldReturnFailedResult" storage="/users/ksemenenko/developer/communication/managedcode.communication.tests/bin/debug/net9.0/managedcode.communication.tests.dll" id="6f633b18-8c5d-0bf5-db3d-b3c803d548db">
      <Execution id="295bf554-c253-4ed2-b8d3-243f523eecab" />
      <TestMethod codeBase="/Users/ksemenenko/Developer/Communication/ManagedCode.Communication.Tests/bin/Debug/net9.0/ManagedCode.Communication.Tests.dll" adapterTypeName="executor://xunit/VsTestRunner3/netcore/" className="ManagedCode.Communication.Tests.CollectionResults.CollectionResultFromMethodsTests" name="From_FuncTaskWithCancellation_ShouldReturnFailedResult" />
    </UnitTest>
    <UnitTest name="ManagedCode.Communication.Tests.CollectionResults.CollectionResultFromMethodsTests.From_FuncReturningNull_ShouldCreateFailedResultDueToNullReference" storage="/users/ksemenenko/developer/communication/managedcode.communication.tests/bin/debug/net9.0/managedcode.communication.tests.dll" id="b54351a3-66ec-0964-2aea-e5e40f7e02d7">
      <Execution id="2ab0693e-19c5-4387-97a7-0d93293474bb" />
      <TestMethod codeBase="/Users/ksemenenko/Developer/Communication/ManagedCode.Communication.Tests/bin/Debug/net9.0/ManagedCode.Communication.Tests.dll" adapterTypeName="executor://xunit/VsTestRunner3/netcore/" className="ManagedCode.Communication.Tests.CollectionResults.CollectionResultFromMethodsTests" name="From_FuncReturningNull_ShouldCreateFailedResultDueToNullReference" />
    </UnitTest>
    <UnitTest name="ManagedCode.Communication.Tests.CollectionResults.CollectionResultFailMethodsTests.Fail_WithComplexTypes_ShouldHandleCorrectly" storage="/users/ksemenenko/developer/communication/managedcode.communication.tests/bin/debug/net9.0/managedcode.communication.tests.dll" id="0c29c5af-e3cf-7553-8d21-7aa06a61033d">
      <Execution id="935bf76d-af8c-47ed-92d1-02cfcd4bf9a5" />
      <TestMethod codeBase="/Users/ksemenenko/Developer/Communication/ManagedCode.Communication.Tests/bin/Debug/net9.0/ManagedCode.Communication.Tests.dll" adapterTypeName="executor://xunit/VsTestRunner3/netcore/" className="ManagedCode.Communication.Tests.CollectionResults.CollectionResultFailMethodsTests" name="Fail_WithComplexTypes_ShouldHandleCorrectly" />
    </UnitTest>
    <UnitTest name="ManagedCode.Communication.Tests.CollectionResults.CollectionResultFromMethodsTests.From_FuncReturningEnumerable_ShouldCreateSuccessResult" storage="/users/ksemenenko/developer/communication/managedcode.communication.tests/bin/debug/net9.0/managedcode.communication.tests.dll" id="01b8812e-ccae-4916-6877-6357d55b1d4d">
      <Execution id="7e4e3749-8e1f-4630-a96a-dab2880b6616" />
      <TestMethod codeBase="/Users/ksemenenko/Developer/Communication/ManagedCode.Communication.Tests/bin/Debug/net9.0/ManagedCode.Communication.Tests.dll" adapterTypeName="executor://xunit/VsTestRunner3/netcore/" className="ManagedCode.Communication.Tests.CollectionResults.CollectionResultFromMethodsTests" name="From_FuncReturningEnumerable_ShouldCreateSuccessResult" />
    </UnitTest>
    <UnitTest name="ManagedCode.Communication.Tests.CollectionResults.CollectionResultFailMethodsTests.Fail_WithVariousStatusCodes_ShouldSetCorrectStatusCode(statusCode: NotFound, expectedCode: 404)" storage="/users/ksemenenko/developer/communication/managedcode.communication.tests/bin/debug/net9.0/managedcode.communication.tests.dll" id="37832d2b-c8b9-799c-6d67-0c7addb766d8">
      <Execution id="23286053-fc15-4e6d-a16d-88a5fd9e5386" />
      <TestMethod codeBase="/Users/ksemenenko/Developer/Communication/ManagedCode.Communication.Tests/bin/Debug/net9.0/ManagedCode.Communication.Tests.dll" adapterTypeName="executor://xunit/VsTestRunner3/netcore/" className="ManagedCode.Communication.Tests.CollectionResults.CollectionResultFailMethodsTests" name="Fail_WithVariousStatusCodes_ShouldSetCorrectStatusCode" />
    </UnitTest>
    <UnitTest name="ManagedCode.Communication.Tests.CollectionResults.CollectionResultFailMethodsTests.Fail_WithProblem_ShouldCreateFailedResultWithProblem" storage="/users/ksemenenko/developer/communication/managedcode.communication.tests/bin/debug/net9.0/managedcode.communication.tests.dll" id="be1da5de-e0fe-47f3-2a89-4f7466ca0a66">
      <Execution id="ba11cbec-c9e8-4224-a397-d975c5c0c511" />
      <TestMethod codeBase="/Users/ksemenenko/Developer/Communication/ManagedCode.Communication.Tests/bin/Debug/net9.0/ManagedCode.Communication.Tests.dll" adapterTypeName="executor://xunit/VsTestRunner3/netcore/" className="ManagedCode.Communication.Tests.CollectionResults.CollectionResultFailMethodsTests" name="Fail_WithProblem_ShouldCreateFailedResultWithProblem" />
    </UnitTest>
    <UnitTest name="ManagedCode.Communication.Tests.CollectionResults.CollectionResultFromMethodsTests.From_FuncValueTaskEnumerable_ShouldCreateSuccessResult" storage="/users/ksemenenko/developer/communication/managedcode.communication.tests/bin/debug/net9.0/managedcode.communication.tests.dll" id="392de4af-d461-7c5b-310a-021cf63d1384">
      <Execution id="425049ff-6007-4b99-a100-1cbe540c7c7b" />
      <TestMethod codeBase="/Users/ksemenenko/Developer/Communication/ManagedCode.Communication.Tests/bin/Debug/net9.0/ManagedCode.Communication.Tests.dll" adapterTypeName="executor://xunit/VsTestRunner3/netcore/" className="ManagedCode.Communication.Tests.CollectionResults.CollectionResultFromMethodsTests" name="From_FuncValueTaskEnumerable_ShouldCreateSuccessResult" />
    </UnitTest>
    <UnitTest name="ManagedCode.Communication.Tests.CollectionResults.CollectionResultFailMethodsTests.FailForbidden_NoParameters_ShouldCreateForbiddenResult" storage="/users/ksemenenko/developer/communication/managedcode.communication.tests/bin/debug/net9.0/managedcode.communication.tests.dll" id="ac82514e-82f3-4065-a2b1-92de92c3b5d4">
      <Execution id="ee8cd0bb-dd9b-4eaf-b546-787011e31b5a" />
      <TestMethod codeBase="/Users/ksemenenko/Developer/Communication/ManagedCode.Communication.Tests/bin/Debug/net9.0/ManagedCode.Communication.Tests.dll" adapterTypeName="executor://xunit/VsTestRunner3/netcore/" className="ManagedCode.Communication.Tests.CollectionResults.CollectionResultFailMethodsTests" name="FailForbidden_NoParameters_ShouldCreateForbiddenResult" />
    </UnitTest>
    <UnitTest name="ManagedCode.Communication.Tests.CollectionResults.CollectionResultFailMethodsTests.Fail_WithEnumerable_ShouldCreateFailedResultWithItems" storage="/users/ksemenenko/developer/communication/managedcode.communication.tests/bin/debug/net9.0/managedcode.communication.tests.dll" id="5fcc6bb5-5034-60d9-130d-fe126a4d45b8">
      <Execution id="374da66e-4478-461c-bb56-790b6d77b8c9" />
      <TestMethod codeBase="/Users/ksemenenko/Developer/Communication/ManagedCode.Communication.Tests/bin/Debug/net9.0/ManagedCode.Communication.Tests.dll" adapterTypeName="executor://xunit/VsTestRunner3/netcore/" className="ManagedCode.Communication.Tests.CollectionResults.CollectionResultFailMethodsTests" name="Fail_WithEnumerable_ShouldCreateFailedResultWithItems" />
    </UnitTest>
    <UnitTest name="ManagedCode.Communication.Tests.CollectionResults.CollectionResultFailMethodsTests.Fail_WithEnumDetailAndStatus_ShouldCreateFailedResultWithAllSpecified" storage="/users/ksemenenko/developer/communication/managedcode.communication.tests/bin/debug/net9.0/managedcode.communication.tests.dll" id="94cb383a-2d02-5e8f-afee-a16f5b980b05">
      <Execution id="aec42377-34ea-45c7-b625-458f961a6972" />
      <TestMethod codeBase="/Users/ksemenenko/Developer/Communication/ManagedCode.Communication.Tests/bin/Debug/net9.0/ManagedCode.Communication.Tests.dll" adapterTypeName="executor://xunit/VsTestRunner3/netcore/" className="ManagedCode.Communication.Tests.CollectionResults.CollectionResultFailMethodsTests" name="Fail_WithEnumDetailAndStatus_ShouldCreateFailedResultWithAllSpecified" />
    </UnitTest>
    <UnitTest name="ManagedCode.Communication.Tests.CollectionResults.CollectionResultFailMethodsTests.FailNotFound_WithDetail_ShouldCreateNotFoundResultWithCustomDetail" storage="/users/ksemenenko/developer/communication/managedcode.communication.tests/bin/debug/net9.0/managedcode.communication.tests.dll" id="010c27e2-8f1f-944a-38fc-aee10e8009f3">
      <Execution id="57e438f6-4f79-4de3-aa73-a1aa16e08f1a" />
      <TestMethod codeBase="/Users/ksemenenko/Developer/Communication/ManagedCode.Communication.Tests/bin/Debug/net9.0/ManagedCode.Communication.Tests.dll" adapterTypeName="executor://xunit/VsTestRunner3/netcore/" className="ManagedCode.Communication.Tests.CollectionResults.CollectionResultFailMethodsTests" name="FailNotFound_WithDetail_ShouldCreateNotFoundResultWithCustomDetail" />
    </UnitTest>
    <UnitTest name="ManagedCode.Communication.Tests.CollectionResults.CollectionResultFromMethodsTests.From_FuncReturningArray_ShouldCreateSuccessResult" storage="/users/ksemenenko/developer/communication/managedcode.communication.tests/bin/debug/net9.0/managedcode.communication.tests.dll" id="e39e9980-2b7c-af72-8ea9-548ab3dc3398">
      <Execution id="66f735cc-e56d-47c6-87f9-83f0c8e508a3" />
      <TestMethod codeBase="/Users/ksemenenko/Developer/Communication/ManagedCode.Communication.Tests/bin/Debug/net9.0/ManagedCode.Communication.Tests.dll" adapterTypeName="executor://xunit/VsTestRunner3/netcore/" className="ManagedCode.Communication.Tests.CollectionResults.CollectionResultFromMethodsTests" name="From_FuncReturningArray_ShouldCreateSuccessResult" />
    </UnitTest>
    <UnitTest name="ManagedCode.Communication.Tests.CollectionResults.CollectionResultFromMethodsTests.From_FuncReturningFailedCollectionResult_ShouldReturnFailedResult" storage="/users/ksemenenko/developer/communication/managedcode.communication.tests/bin/debug/net9.0/managedcode.communication.tests.dll" id="10f03419-b447-74b1-44ec-afc62ff2ba1d">
      <Execution id="6806b90b-19b3-4bd5-99a1-58af93e05145" />
      <TestMethod codeBase="/Users/ksemenenko/Developer/Communication/ManagedCode.Communication.Tests/bin/Debug/net9.0/ManagedCode.Communication.Tests.dll" adapterTypeName="executor://xunit/VsTestRunner3/netcore/" className="ManagedCode.Communication.Tests.CollectionResults.CollectionResultFromMethodsTests" name="From_FuncReturningFailedCollectionResult_ShouldReturnFailedResult" />
    </UnitTest>
    <UnitTest name="ManagedCode.Communication.Tests.CollectionResults.CollectionResultFromMethodsTests.From_ComplexTypes_ShouldHandleCorrectly" storage="/users/ksemenenko/developer/communication/managedcode.communication.tests/bin/debug/net9.0/managedcode.communication.tests.dll" id="296230cb-2332-ed3e-7412-3dcdf1d43e62">
      <Execution id="1508fd21-4363-4274-a629-5d018508ed59" />
      <TestMethod codeBase="/Users/ksemenenko/Developer/Communication/ManagedCode.Communication.Tests/bin/Debug/net9.0/ManagedCode.Communication.Tests.dll" adapterTypeName="executor://xunit/VsTestRunner3/netcore/" className="ManagedCode.Communication.Tests.CollectionResults.CollectionResultFromMethodsTests" name="From_ComplexTypes_ShouldHandleCorrectly" />
    </UnitTest>
    <UnitTest name="ManagedCode.Communication.Tests.CollectionResults.CollectionResultFailMethodsTests.Fail_WithVeryLongStrings_ShouldHandleCorrectly" storage="/users/ksemenenko/developer/communication/managedcode.communication.tests/bin/debug/net9.0/managedcode.communication.tests.dll" id="45cd799b-b041-7972-1933-31bb68393544">
      <Execution id="eba9af5c-33b3-4771-acf5-97f4bf970e14" />
      <TestMethod codeBase="/Users/ksemenenko/Developer/Communication/ManagedCode.Communication.Tests/bin/Debug/net9.0/ManagedCode.Communication.Tests.dll" adapterTypeName="executor://xunit/VsTestRunner3/netcore/" className="ManagedCode.Communication.Tests.CollectionResults.CollectionResultFailMethodsTests" name="Fail_WithVeryLongStrings_ShouldHandleCorrectly" />
    </UnitTest>
    <UnitTest name="ManagedCode.Communication.Tests.CollectionResults.CollectionResultFromMethodsTests.From_ValueTaskReturningEnumerable_ShouldCreateSuccessResult" storage="/users/ksemenenko/developer/communication/managedcode.communication.tests/bin/debug/net9.0/managedcode.communication.tests.dll" id="74429bfd-ae1c-e417-c462-fb4e1989918c">
      <Execution id="35340754-eea3-453d-be95-13fa45b06622" />
      <TestMethod codeBase="/Users/ksemenenko/Developer/Communication/ManagedCode.Communication.Tests/bin/Debug/net9.0/ManagedCode.Communication.Tests.dll" adapterTypeName="executor://xunit/VsTestRunner3/netcore/" className="ManagedCode.Communication.Tests.CollectionResults.CollectionResultFromMethodsTests" name="From_ValueTaskReturningEnumerable_ShouldCreateSuccessResult" />
    </UnitTest>
    <UnitTest name="ManagedCode.Communication.Tests.CollectionResults.CollectionResultFromMethodsTests.From_FailedCollectionResultWithoutProblem_ShouldReturnFailedResult" storage="/users/ksemenenko/developer/communication/managedcode.communication.tests/bin/debug/net9.0/managedcode.communication.tests.dll" id="52ca4f6f-9446-ce96-f00d-3177ac949b13">
      <Execution id="92c226b9-110e-4a66-9481-18ea2743e091" />
      <TestMethod codeBase="/Users/ksemenenko/Developer/Communication/ManagedCode.Communication.Tests/bin/Debug/net9.0/ManagedCode.Communication.Tests.dll" adapterTypeName="executor://xunit/VsTestRunner3/netcore/" className="ManagedCode.Communication.Tests.CollectionResults.CollectionResultFromMethodsTests" name="From_FailedCollectionResultWithoutProblem_ShouldReturnFailedResult" />
    </UnitTest>
    <UnitTest name="ManagedCode.Communication.Tests.CollectionResults.CollectionResultFailMethodsTests.FailForbidden_WithDetail_ShouldCreateForbiddenResultWithCustomDetail" storage="/users/ksemenenko/developer/communication/managedcode.communication.tests/bin/debug/net9.0/managedcode.communication.tests.dll" id="d5e79021-8e56-47e1-e0da-836c7f362c97">
      <Execution id="c02c1d0b-79b6-4bd1-b195-917f063a5054" />
      <TestMethod codeBase="/Users/ksemenenko/Developer/Communication/ManagedCode.Communication.Tests/bin/Debug/net9.0/ManagedCode.Communication.Tests.dll" adapterTypeName="executor://xunit/VsTestRunner3/netcore/" className="ManagedCode.Communication.Tests.CollectionResults.CollectionResultFailMethodsTests" name="FailForbidden_WithDetail_ShouldCreateForbiddenResultWithCustomDetail" />
    </UnitTest>
    <UnitTest name="ManagedCode.Communication.Tests.CollectionResults.CollectionResultFromMethodsTests.From_FailedCollectionResultWithProblem_ShouldReturnFailedResult" storage="/users/ksemenenko/developer/communication/managedcode.communication.tests/bin/debug/net9.0/managedcode.communication.tests.dll" id="2e7c745d-8a62-07fa-75a5-000f8e56d414">
      <Execution id="0576663b-2550-4fb1-9480-7b136f6be592" />
      <TestMethod codeBase="/Users/ksemenenko/Developer/Communication/ManagedCode.Communication.Tests/bin/Debug/net9.0/ManagedCode.Communication.Tests.dll" adapterTypeName="executor://xunit/VsTestRunner3/netcore/" className="ManagedCode.Communication.Tests.CollectionResults.CollectionResultFromMethodsTests" name="From_FailedCollectionResultWithProblem_ShouldReturnFailedResult" />
    </UnitTest>
    <UnitTest name="ManagedCode.Communication.Tests.CollectionResults.CollectionResultFromMethodsTests.From_FuncValueTaskThrowingException_ShouldReturnFailedResult" storage="/users/ksemenenko/developer/communication/managedcode.communication.tests/bin/debug/net9.0/managedcode.communication.tests.dll" id="c9b0bf8f-b32e-afc0-1ba5-d7dd67234a1b">
      <Execution id="78170e07-d57b-4a6d-afc6-30da9ef42287" />
      <TestMethod codeBase="/Users/ksemenenko/Developer/Communication/ManagedCode.Communication.Tests/bin/Debug/net9.0/ManagedCode.Communication.Tests.dll" adapterTypeName="executor://xunit/VsTestRunner3/netcore/" className="ManagedCode.Communication.Tests.CollectionResults.CollectionResultFromMethodsTests" name="From_FuncValueTaskThrowingException_ShouldReturnFailedResult" />
    </UnitTest>
    <UnitTest name="ManagedCode.Communication.Tests.CollectionResults.CollectionResultFailMethodsTests.FailUnauthorized_WithDetail_ShouldCreateUnauthorizedResultWithCustomDetail" storage="/users/ksemenenko/developer/communication/managedcode.communication.tests/bin/debug/net9.0/managedcode.communication.tests.dll" id="cf228890-f5ab-17dc-6ff0-7693334748e8">
      <Execution id="074d07ff-ea4d-4d69-8bc6-d79b66062422" />
      <TestMethod codeBase="/Users/ksemenenko/Developer/Communication/ManagedCode.Communication.Tests/bin/Debug/net9.0/ManagedCode.Communication.Tests.dll" adapterTypeName="executor://xunit/VsTestRunner3/netcore/" className="ManagedCode.Communication.Tests.CollectionResults.CollectionResultFailMethodsTests" name="FailUnauthorized_WithDetail_ShouldCreateUnauthorizedResultWithCustomDetail" />
    </UnitTest>
    <UnitTest name="ManagedCode.Communication.Tests.CollectionResults.CollectionResultFailMethodsTests.Fail_WithEnumAndStatus_ShouldCreateFailedResultWithErrorCodeAndStatus" storage="/users/ksemenenko/developer/communication/managedcode.communication.tests/bin/debug/net9.0/managedcode.communication.tests.dll" id="30c64cc6-6335-ca51-cb54-04f89cee0ed9">
      <Execution id="eccfccd6-f679-4d34-a284-1d2d2cda9dfd" />
      <TestMethod codeBase="/Users/ksemenenko/Developer/Communication/ManagedCode.Communication.Tests/bin/Debug/net9.0/ManagedCode.Communication.Tests.dll" adapterTypeName="executor://xunit/VsTestRunner3/netcore/" className="ManagedCode.Communication.Tests.CollectionResults.CollectionResultFailMethodsTests" name="Fail_WithEnumAndStatus_ShouldCreateFailedResultWithErrorCodeAndStatus" />
    </UnitTest>
[...]
    </UnitTest>
    <UnitTest name="ManagedCode.Communication.Tests.CollectionResults.CollectionResultFailMethodsTests.Fail_WithEnumAndDetail_ShouldCreateFailedResultWithErrorCodeAndDetail" storage="/users/ksemenenko/developer/communication/managedcode.communication.tests/bin/debug/net9.0/managedcode.communication.tests.dll" id="d0ff1c73-209e-eeb1-2afd-642ead9760a6">
      <Execution id="7a345708-62fe-44d5-8823-cb8c54b8728e" />
      <TestMethod codeBase="/Users/ksemenenko/Developer/Communication/ManagedCode.Communication.Tests/bin/Debug/net9.0/ManagedCode.Communication.Tests.dll" adapterTypeName="executor://xunit/VsTestRunner3/netcore/" className="ManagedCode.Communication.Tests.CollectionResults.CollectionResultFailMethodsTests" name="Fail_WithEnumAndDetail_ShouldCreateFailedResultWithErrorCodeAndDetail" />
    </UnitTest>
    <UnitTest name="ManagedCode.Communication.Tests.CollectionResults.CollectionResultFailMethodsTests.Fail_ChainedOperations_ShouldMaintainFailureState" storage="/users/ksemenenko/developer/communication/managedcode.communication.tests/bin/debug/net9.0/managedcode.communication.tests.dll" id="5daf60bc-d3db-b08c-c8ea-5261b3f91cd1">
      <Execution id="cdb171e1-089b-4f68-937b-91eb2430bcd2" />
      <TestMethod codeBase="/Users/ksemenenko/Developer/Communication/ManagedCode.Communication.Tests/bin/Debug/net9.0/ManagedCode.Communication.Tests.dll" adapterTypeName="executor://xunit/VsTestRunner3/netcore/" className="ManagedCode.Communication.Tests.CollectionResults.CollectionResultFailMethodsTests" name="Fail_ChainedOperations_ShouldMaintainFailureState" />
    </UnitTest>
    <UnitTest name="ManagedCode.Communication.Tests.CollectionResults.CollectionResultFailMethodsTests.Fail_WithTitle_ShouldCreateFailedResultWithInternalServerError" storage="/users/ksemenenko/developer/communication/managedcode.communication.tests/bin/debug/net9.0/managedcode.communication.tests.dll" id="54738bb4-b334-dcd1-6ce6-da8fdb23ce1a">
      <Execution id="637aa68e-66ca-4418-98e4-2db202436610" />
      <TestMethod codeBase="/Users/ksemenenko/Developer/Communication/ManagedCode.Communication.Tests/bin/Debug/net9.0/ManagedCode.Communication.Tests.dll" adapterTypeName="executor://xunit/VsTestRunner3/netcore/" className="ManagedCode.Communication.Tests.CollectionResults.CollectionResultFailMethodsTests" name="Fail_WithTitle_ShouldCreateFailedResultWithInternalServerError" />
    </UnitTest>
    <UnitTest name="ManagedCode.Communication.Tests.CollectionResults.CollectionResultFromMethodsTests.From_FuncValueTaskArray_ShouldCreateSuccessResult" storage="/users/ksemenenko/developer/communication/managedcode.communication.tests/bin/debug/net9.0/managedcode.communication.tests.dll" id="bc225918-98fd-4d8f-87ce-a283504ff818">
      <Execution id="015b91ed-85ca-4131-87e6-2f8e4e29b265" />
      <TestMethod codeBase="/Users/ksemenenko/Developer/Communication/ManagedCode.Communication.Tests/bin/Debug/net9.0/ManagedCode.Communication.Tests.dll" adapterTypeName="executor://xunit/VsTestRunner3/netcore/" className="ManagedCode.Communication.Tests.CollectionResults.CollectionResultFromMethodsTests" name="From_FuncValueTaskArray_ShouldCreateSuccessResult" />
    </UnitTest>
    <UnitTest name="ManagedCode.Communication.Tests.CollectionResults.CollectionResultFromMethodsTests.From_FuncTaskThrowingException_ShouldReturnFailedResult" storage="/users/ksemenenko/developer/communication/managedcode.communication.tests/bin/debug/net9.0/managedcode.communication.tests.dll" id="02bf4062-6173-4a68-0596-4bfd52dc36b2">
      <Execution id="75c3ef59-ac51-45fc-a5fd-6f017e44d2d3" />
      <TestMethod codeBase="/Users/ksemenenko/Developer/Communication/ManagedCode.Communication.Tests/bin/Debug/net9.0/ManagedCode.Communication.Tests.dll" adapterTypeName="executor://xunit/VsTestRunner3/netcore/" className="ManagedCode.Communication.Tests.CollectionResults.CollectionResultFromMethodsTests" name="From_FuncTaskThrowingException_ShouldReturnFailedResult" />
    </UnitTest>
    <UnitTest name="ManagedCode.Communication.Tests.CollectionResults.CollectionResultFromMethodsTests.From_FuncThrowingExceptionForCollectionResult_ShouldReturnFailedResult" storage="/users/ksemenenko/developer/communication/managedcode.communication.tests/bin/debug/net9.0/managedcode.communication.tests.dll" id="d102cefa-33e2-3c8d-7bd8-79d740844fb3">
      <Execution id="314297d0-3180-4196-8f30-287256486def" />
      <TestMethod codeBase="/Users/ksemenenko/Developer/Communication/ManagedCode.Communication.Tests/bin/Debug/net9.0/ManagedCode.Communication.Tests.dll" adapterTypeName="executor://xunit/VsTestRunner3/netcore/" className="ManagedCode.Communication.Tests.CollectionResults.CollectionResultFromMethodsTests" name="From_FuncThrowingExceptionForCollectionResult_ShouldReturnFailedResult" />
    </UnitTest>
    <UnitTest name="ManagedCode.Communication.Tests.CollectionResults.CollectionResultFailMethodsTests.Fail_WithVariousStatusCodes_ShouldSetCorrectStatusCode(statusCode: BadRequest, expectedCode: 400)" storage="/users/ksemenenko/developer/communication/managedcode.communication.tests/bin/debug/net9.0/managedcode.communication.tests.dll" id="f0903404-1a3b-41c9-12e3-9c19c9690b95">
      <Execution id="6ab11ecb-68f9-402e-9a61-b09f504270b3" />
      <TestMethod codeBase="/Users/ksemenenko/Developer/Communication/ManagedCode.Communication.Tests/bin/Debug/net9.0/ManagedCode.Communication.Tests.dll" adapterTypeName="executor://xunit/VsTestRunner3/netcore/" className="ManagedCode.Communication.Tests.CollectionResults.CollectionResultFailMethodsTests" name="Fail_WithVariousStatusCodes_ShouldSetCorrectStatusCode" />
    </UnitTest>
  </TestDefinitions>
  <TestEntries>
    <TestEntry testId="c9b0bf8f-b32e-afc0-1ba5-d7dd67234a1b" executionId="78170e07-d57b-4a6d-afc6-30da9ef42287" testListId="8c84fa94-04c1-424b-9868-57a2d4851a1d" />
    <TestEntry testId="670aed6d-afc8-2205-1f3b-fa065414e4d4" executionId="a6054306-9f29-4396-8d63-1ee608fbd83b" testListId="8c84fa94-04c1-424b-9868-57a2d4851a1d" />
    <TestEntry testId="e9afcaf2-7818-aac4-97f5-27c1d6e7b6c2" executionId="9b6b1014-59b9-4627-af1c-5a1b592ad536" testListId="8c84fa94-04c1-424b-9868-57a2d4851a1d" />
    <TestEntry testId="261108eb-e4aa-9aa8-08d4-1bd3d2b96ec0" executionId="7efe07b6-4d6f-4f25-9335-ab21e7c63790" testListId="8c84fa94-04c1-424b-9868-57a2d4851a1d" />
    <TestEntry testId="ce37d29c-9229-7c0c-b4e5-a6fef8dbd478" executionId="0a51af7e-7c22-425e-bb88-82f58d3651e6" testListId="8c84fa94-04c1-424b-9868-57a2d4851a1d" />
    <TestEntry testId="f6e5cff2-2693-3b1e-77a2-42903b6a4613" executionId="d89aff08-81c4-43fb-9b2f-437acc1a4019" testListId="8c84fa94-04c1-424b-9868-57a2d4851a1d" />
    <TestEntry testId="392de4af-d461-7c5b-310a-021cf63d1384" executionId="425049ff-6007-4b99-a100-1cbe540c7c7b" testListId="8c84fa94-04c1-424b-9868-57a2d4851a1d" />
    <TestEntry testId="94cb383a-2d02-5e8f-afee-a16f5b980b05" executionId="aec42377-34ea-45c7-b625-458f961a6972" testListId="8c84fa94-04c1-424b-9868-57a2d4851a1d" />
    <TestEntry testId="9c7edae4-dba8-a18a-c5ee-0aa71baa7577" executionId="689e5f4f-467d-409a-aab8-9d85f8ba127e" testListId="8c84fa94-04c1-424b-9868-57a2d4851a1d" />
    <TestEntry testId="5daf60bc-d3db-b08c-c8ea-5261b3f91cd1" executionId="cdb171e1-089b-4f68-937b-91eb2430bcd2" testListId="8c84fa94-04c1-424b-9868-57a2d4851a1d" />
    <TestEntry testId="2b85e6a6-b085-3693-8351-fe312faa0712" executionId="cd608d3b-71c2-48e7-86b1-72d96ae7bb04" testListId="8c84fa94-04c1-424b-9868-57a2d4851a1d" />
    <TestEntry testId="de19ba09-da48-16a7-e578-ccf66f701e6a" executionId="5bd8b621-40cb-4c82-946c-e7daa5aeba5f" testListId="8c84fa94-04c1-424b-9868-57a2d4851a1d" />
    <TestEntry testId="1a2bce7c-5d7c-740b-8a3b-5357d8d90197" executionId="5861e2a6-99f7-47f7-8c48-565e8f04d556" testListId="8c84fa94-04c1-424b-9868-57a2d4851a1d" />
    <TestEntry testId="3d40653d-19a3-c289-4128-980e5c453274" executionId="247a148a-fd5b-490a-b3b7-b5087aff9068" testListId="8c84fa94-04c1-424b-9868-57a2d4851a1d" />
    <TestEntry testId="e1f1b1be-faf7-e984-f9a4-c2a361ef2de8" executionId="b6d1ffc5-6fff-467e-9324-769c9bac30d7" testListId="8c84fa94-04c1-424b-9868-57a2d4851a1d" />
    <TestEntry testId="b54351a3-66ec-0964-2aea-e5e40f7e02d7" executionId="2ab0693e-19c5-4387-97a7-0d93293474bb" testListId="8c84fa94-04c1-424b-9868-57a2d4851a1d" />
    <TestEntry testId="f435fded-0773-20b6-5c22-8fc126f24cdf" executionId="8578a514-2e26-4f3e-a98f-337e1606bda8" testListId="8c84fa94-04c1-424b-9868-57a2d4851a1d" />
    <TestEntry testId="d0ff1c73-209e-eeb1-2afd-642ead9760a6" executionId="7a345708-62fe-44d5-8823-cb8c54b8728e" testListId="8c84fa94-04c1-424b-9868-57a2d4851a1d" />
    <TestEntry testId="5fcc6bb5-5034-60d9-130d-fe126a4d45b8" executionId="374da66e-4478-461c-bb56-790b6d77b8c9" testListId="8c84fa94-04c1-424b-9868-57a2d4851a1d" />
    <TestEntry testId="3d9f20f0-96d2-34ea-57ab-5c0f35cc018c" executionId="63cfa405-2c41-4575-8610-d0cff7680fc5" testListId="8c84fa94-04c1-424b-9868-57a2d4851a1d" />
    <TestEntry testId="629bd067-7ea5-d193-55b4-3e52534b91b0" executionId="804adec2-0553-4afa-94d3-396c22912458" testListId="8c84fa94-04c1-424b-9868-57a2d4851a1d" />
    <TestEntry testId="d5e79021-8e56-47e1-e0da-836c7f362c97" executionId="c02c1d0b-79b6-4bd1-b195-917f063a5054" testListId="8c84fa94-04c1-424b-9868-57a2d4851a1d" />
    <TestEntry testId="54738bb4-b334-dcd1-6ce6-da8fdb23ce1a" executionId="637aa68e-66ca-4418-98e4-2db202436610" testListId="8c84fa94-04c1-424b-9868-57a2d4851a1d" />
    <TestEntry testId="29839775-d400-0a7a-0eaf-63aa5f9e74a9" executionId="cde8544b-b80f-4617-bb4b-902995257f69" testListId="8c84fa94-04c1-424b-9868-57a2d4851a1d" />
    <TestEntry testId="45cd799b-b041-7972-1933-31bb68393544" executionId="eba9af5c-33b3-4771-acf5-97f4bf970e14" testListId="8c84fa94-04c1-424b-9868-57a2d4851a1d" />
    <TestEntry testId="ac82514e-82f3-4065-a2b1-92de92c3b5d4" executionId="ee8cd0bb-dd9b-4eaf-b546-787011e31b5a" testListId="8c84fa94-04c1-424b-9868-57a2d4851a1d" />
    <TestEntry testId="01b8812e-ccae-4916-6877-6357d55b1d4d" executionId="7e4e3749-8e1f-4630-a96a-dab2880b6616" testListId="8c84fa94-04c1-424b-9868-57a2d4851a1d" />
    <TestEntry testId="bc225918-98fd-4d8f-87ce-a283504ff818" executionId="015b91ed-85ca-4131-87e6-2f8e4e29b265" testListId="8c84fa94-04c1-424b-9868-57a2d4851a1d" />
    <TestEntry testId="a732ecdf-009d-4fc3-3846-806e90a131ab" executionId="68c2db74-c3da-41ab-81da-b19a2b8c1693" testListId="8c84fa94-04c1-424b-9868-57a2d4851a1d" />
    <TestEntry testId="7e46dd07-4366-27a0-3009-4a77bc548fa9" executionId="ef2f54b8-7b2a-48b3-90af-462b7e58d4d8" testListId="8c84fa94-04c1-424b-9868-57a2d4851a1d" />
    <TestEntry testId="0fe8d20e-348c-7d20-8e18-4ab370792fe0" executionId="075079dc-ed8b-48ea-8279-3965a95853e7" testListId="8c84fa94-04c1-424b-9868-57a2d4851a1d" />
    <TestEntry testId="1dab659d-bd89-ec57-ccec-04868b38f679" executionId="dcb28af8-1246-4d96-a881-32e324bd787e" testListId="8c84fa94-04c1-424b-9868-57a2d4851a1d" />
    <TestEntry testId="10f03419-b447-74b1-44ec-afc62ff2ba1d" executionId="6806b90b-19b3-4bd5-99a1-58af93e05145" testListId="8c84fa94-04c1-424b-9868-57a2d4851a1d" />
    <TestEntry testId="02bf4062-6173-4a68-0596-4bfd52dc36b2" executionId="75c3ef59-ac51-45fc-a5fd-6f017e44d2d3" testListId="8c84fa94-04c1-424b-9868-57a2d4851a1d" />
    <TestEntry testId="cba045b0-e2c3-6ee4-807a-f0cc507f11e5" executionId="a04db294-5483-44f5-b579-b4707f5f272c" testListId="8c84fa94-04c1-424b-9868-57a2d4851a1d" />
    <TestEntry testId="a5ad51b1-d46a-060d-76d3-1a3a6ebb810e" executionId="96dcb57d-d44c-4e5b-960d-8c42f1a38de9" testListId="8c84fa94-04c1-424b-9868-57a2d4851a1d" />
    <TestEntry testId="bc0f94a4-fa61-220d-0abf-7116eecf9e5e" executionId="9ff83e9c-b8f7-4958-b76e-62bda27dd76d" testListId="8c84fa94-04c1-424b-9868-57a2d4851a1d" />
    <TestEntry testId="cf228890-f5ab-17dc-6ff0-7693334748e8" executionId="074d07ff-ea4d-4d69-8bc6-d79b66062422" testListId="8c84fa94-04c1-424b-9868-57a2d4851a1d" />
    <TestEntry testId="5804b4b4-4d14-d511-1065-baeb15ae9d58" executionId="5fa23c84-bb18-4058-aa73-1eb993e961fe" testListId="8c84fa94-04c1-424b-9868-57a2d4851a1d" />
    <TestEntry testId="5f864fdf-439e-2f82-1d4d-33966957f6d6" executionId="814c9ff6-d233-46c7-8198-a9b6d4900132" testListId="8c84fa94-04c1-424b-9868-57a2d4851a1d" />
    <TestEntry testId="6f633b18-8c5d-0bf5-db3d-b3c803d548db" executionId="295bf554-c253-4ed2-b8d3-243f523eecab" testListId="8c84fa94-04c1-424b-9868-57a2d4851a1d" />
    <TestEntry testId="f0903404-1a3b-41c9-12e3-9c19c9690b95" executionId="6ab11ecb-68f9-402e-9a61-b09f504270b3" testListId="8c84fa94-04c1-424b-9868-57a2d4851a1d" />
    <TestEntry testId="2c800d9a-9994-7d52-e9ef-f570f34487f0" executionId="183a349f-e42b-43d8-b147-2f6bf911de58" testListId="8c84fa94-04c1-424b-9868-57a2d4851a1d" />
    <TestEntry testId="be1da5de-e0fe-47f3-2a89-4f7466ca0a66" executionId="ba11cbec-c9e8-4224-a397-d975c5c0c511" testListId="8c84fa94-04c1-424b-9868-57a2d4851a1d" />
    <TestEntry testId="1ee7f53c-e626-990a-6b17-a9a8097992ee" executionId="7d1e746b-a229-4fdb-a4ab-da9cc1740be8" testListId="8c84fa94-04c1-424b-9868-57a2d4851a1d" />
    <TestEntry testId="010c27e2-8f1f-944a-38fc-aee10e8009f3" executionId="57e438f6-4f79-4de3-aa73-a1aa16e08f1a" testListId="8c84fa94-04c1-424b-9868-57a2d4851a1d" />
    <TestEntry testId="55af12a1-8c60-19cc-8253-bcb814fd0918" executionId="5ccb9c7e-f873-4c90-b46a-9897abbee229" testListId="8c84fa94-04c1-424b-9868-57a2d4851a1d" />
    <TestEntry testId="d102cefa-33e2-3c8d-7bd8-79d740844fb3" executionId="314297d0-3180-4196-8f30-287256486def" testListId="8c84fa94-04c1-424b-9868-57a2d4851a1d" />
    <TestEntry testId="ba9c39e8-72fd-56e5-9205-e49bf672c8c9" executionId="ba8a9809-fa5c-4a6c-abc4-7963b09d311a" testListId="8c84fa94-04c1-424b-9868-57a2d4851a1d" />
    <TestEntry testId="6c36e8fc-eb19-ac2b-e037-50e452248387" executionId="3dc2f6ba-36fe-4eaa-975e-43d93e169bde" testListId="8c84fa94-04c1-424b-9868-57a2d4851a1d" />
    <TestEntry testId="e39e9980-2b7c-af72-8ea9-548ab3dc3398" executionId="66f735cc-e56d-47c6-87f9-83f0c8e508a3" testListId="8c84fa94-04c1-424b-9868-57a2d4851a1d" />
    <TestEntry testId="014c01cc-82ce-1338-64c6-0f60bdc5f380" executionId="9e2af3c7-f292-47f8-bade-1461c3ebd468" testListId="8c84fa94-04c1-424b-9868-57a2d4851a1d" />
    <TestEntry testId="9dafdb86-c22a-88fc-6833-af4e374d365d" executionId="9b03e69e-0ab7-4d81-bcbe-304f7eb3cda7" testListId="8c84fa94-04c1-424b-9868-57a2d4851a1d" />
    <TestEntry testId="699823e7-74be-bd9f-0e7a-b915c45c5b8d" executionId="9dfc7b2c-0843-4c3a-a6d7-72e891c6d842" testListId="8c84fa94-04c1-424b-9868-57a2d4851a1d" />
    <TestEntry testId="7d8cc7d8-a7af-3857-ec1c-988b6d4cd6cb" executionId="17373243-97b4-4fc0-971a-617a1a408a69" testListId="8c84fa94-04c1-424b-9868-57a2d4851a1d" />
    <TestEntry testId="4d38db8c-d739-e015-e09d-cd6fc5dff5ab" executionId="0f718a22-1dbe-4bce-aef3-f211ba57fbf4" testListId="8c84fa94-04c1-424b-9868-57a2d4851a1d" />
    <TestEntry testId="33a7f29f-3064-c7da-2697-0f90413b5ea8" executionId="2007d1ea-f434-4c4c-bf85-77c570886b83" testListId="8c84fa94-04c1-424b-9868-57a2d4851a1d" />
    <TestEntry testId="cb6876f0-ec0c-d7e3-5334-20d6a5561189" executionId="587d4dba-982a-458f-a563-86b884d0a3f6" testListId="8c84fa94-04c1-424b-9868-57a2d4851a1d" />
    <TestEntry testId="a6f92938-3cd6-0259-0038-c96207263ec9" executionId="0ced0c39-e20b-45f1-bed6-f3a1eda72f3c" testListId="8c84fa94-04c1-424b-9868-57a2d4851a1d" />
    <TestEntry testId="30c64cc6-6335-ca51-cb54-04f89cee0ed9" executionId="eccfccd6-f679-4d34-a284-1d2d2cda9dfd" testListId="8c84fa94-04c1-424b-9868-57a2d4851a1d" />
    <TestEntry testId="c13a92d4-2ab4-786d-c78f-fbc74a9bc6bf" executionId="c1d9fccb-62d0-4d4b-afda-16d169523459" testListId="8c84fa94-04c1-424b-9868-57a2d4851a1d" />
    <TestEntry testId="e00fb5a4-e228-98dc-9550-b28f1789a059" executionId="19176e8a-34f3-4c14-bd7a-4b18979f680e" testListId="8c84fa94-04c1-424b-9868-57a2d4851a1d" />
    <TestEntry testId="5c7b6bae-02f9-ce2e-b4df-a3f1c1127960" executionId="b8eca546-a3cd-4db2-8269-4866cc181629" testListId="8c84fa94-04c1-424b-9868-57a2d4851a1d" />
    <TestEntry testId="74429bfd-ae1c-e417-c462-fb4e1989918c" executionId="35340754-eea3-453d-be95-13fa45b06622" testListId="8c84fa94-04c1-424b-9868-57a2d4851a1d" />
    <TestEntry testId="ee9232ac-1b99-3b56-d749-59bfec2b6ae0" executionId="47f6c6e2-a5ce-4767-be6a-8a93ebbb5450" testListId="8c84fa94-04c1-424b-9868-57a2d4851a1d" />
    <TestEntry testId="296230cb-2332-ed3e-7412-3dcdf1d43e62" executionId="1508fd21-4363-4274-a629-5d018508ed59" testListId="8c84fa94-04c1-424b-9868-57a2d4851a1d" />
    <TestEntry testId="057eaabd-3e0f-9cb8-8caa-35b8258d8daa" executionId="0d934c20-e986-4c1e-9041-c5092ebdbbe5" testListId="8c84fa94-04c1-424b-9868-57a2d4851a1d" />
    <TestEntry testId="37832d2b-c8b9-799c-6d67-0c7addb766d8" executionId="23286053-fc15-4e6d-a16d-88a5fd9e5386" testListId="8c84fa94-04c1-424b-9868-57a2d4851a1d" />
    <TestEntry testId="5ff238f1-95c7-893f-0944-9f7af0bf7443" executionId="985634b3-e952-4da9-b85c-a15f3c323dec" testListId="8c84fa94-04c1-424b-9868-57a2d4851a1d" />
    <TestEntry testId="f8292c99-1fa2-ca17-1340-240e96354ffd" executionId="81fff3df-443c-490e-88d3-5766b290f936" testListId="8c84fa94-04c1-424b-9868-57a2d4851a1d" />
    <TestEntry testId="d85f5829-9dcd-6a4b-82f8-5c9a70353087" executionId="c2041c43-5396-4204-8546-23311bea92c7" testListId="8c84fa94-04c1-424b-9868-57a2d4851a1d" />
    <TestEntry testId="6bdd3bbc-d7a5-24ee-4e32-c68e3928d318" executionId="64a5db2b-507b-473a-a2d3-b2cf79c864dd" testListId="8c84fa94-04c1-424b-9868-57a2d4851a1d" />
    <TestEntry testId="2e7c745d-8a62-07fa-75a5-000f8e56d414" executionId="0576663b-2550-4fb1-9480-7b136f6be592" testListId="8c84fa94-04c1-424b-9868-57a2d4851a1d" />
    <TestEntry testId="46807053-f966-a388-4d2d-7da9058b5203" executionId="c9195c69-b336-4532-8718-65e2a436ef51" testListId="8c84fa94-04c1-424b-9868-57a2d4851a1d" />
    <TestEntry testId="ce3fa9f3-48b0-1831-219b-9a887cfec004" executionId="3ecf946d-b492-4846-8f04-fd66d84cf7e6" testListId="8c84fa94-04c1-424b-9868-57a2d4851a1d" />
    <TestEntry testId="52ca4f6f-9446-ce96-f00d-3177ac949b13" executionId="92c226b9-110e-4a66-9481-18ea2743e091" testListId="8c84fa94-04c1-424b-9868-57a2d4851a1d" />
    <TestEntry testId="b705e379-67f8-359d-1a7d-742fcea32d3b" executionId="08e0c9fe-ada3-4528-afed-6f037eeaab51" testListId="8c84fa94-04c1-424b-9868-57a2d4851a1d" />
    <TestEntry testId="0c29c5af-e3cf-7553-8d21-7aa06a61033d" executionId="935bf76d-af8c-47ed-92d1-02cfcd4bf9a5" testListId="8c84fa94-04c1-424b-9868-57a2d4851a1d" />
    <TestEntry testId="3ebde54a-5d59-a2ef-9fd5-b8b44c97d1ad" executionId="c88cd553-8dcc-48e2-afe2-12b440270eac" testListId="8c84fa94-04c1-424b-9868-57a2d4851a1d" />
    <TestEntry testId="44068533-73ca-2e9c-89ae-ee196ec1d842" executionId="70caae54-765f-4abf-bd03-5dfd500b244f" testListId="8c84fa94-04c1-424b-9868-57a2d4851a1d" />
  </TestEntries>
  <TestLists>
    <TestList name="Results Not in a List" id="8c84fa94-04c1-424b-9868-57a2d4851a1d" />
    <TestList name="All Loaded Results" id="19431567-8539-422a-85d7-44ee4e166bda" />
  </TestLists>
  <ResultSummary outcome="Completed">
    <Counters total="80" executed="80" passed="80" failed="0" error="0" timeout="0" aborted="0" inconclusive="0" passedButRunAborted="0" notRunnable="0" notExecuted="0" disconnected="0" warning="0" completed="0" inProgress="0" pending="0" />
    <Output>
      <StdOut>[xUnit.net 00:00:00.00] xUnit.net VSTest Adapter v3.1.3+b1b99bdeb3 (64-bit .NET 9.0.6)
[xUnit.net 00:00:00.05]   Discovering: ManagedCode.Communication.Tests
[xUnit.net 00:00:00.10]   Discovered:  ManagedCode.Communication.Tests
[xUnit.net 00:00:00.12]   Starting:    ManagedCode.Communication.Tests
[xUnit.net 00:00:00.38]   Finished:    ManagedCode.Communication.Tests
</StdOut>
    </Output>
  </ResultSummary>
</TestRun>